<?xml version="1.0" encoding="UTF-8"?>
<robot generator="Robot 6.1.1 (Python 3.11.2 on win32)" generated="20230911 12:16:35.877" rpa="false" schemaversion="4">
<suite id="s1" name="MyProject Root Folder" source="C:\Users\ChanikyaN-3227\PycharmProjects\MyProject Root Folder">
<suite id="s1-s1" name="Framework" source="C:\Users\ChanikyaN-3227\PycharmProjects\MyProject Root Folder\Framework">
<suite id="s1-s1-s1" name="TestCycles" source="C:\Users\ChanikyaN-3227\PycharmProjects\MyProject Root Folder\Framework\TestCycles">
<suite id="s1-s1-s1-s1" name="Module 4" source="C:\Users\ChanikyaN-3227\PycharmProjects\MyProject Root Folder\Framework\TestCycles\Module 4">
<suite id="s1-s1-s1-s1-s1" name="TestCase For HR-OS" source="C:\Users\ChanikyaN-3227\PycharmProjects\MyProject Root Folder\Framework\TestCycles\Module 4\TestCase_For_HR-OS.robot">
<test id="s1-s1-s1-s1-s1-t1" name="Login To HROS" line="8">
<kw name="Open HROS" library="HROS_PO">
<kw name="Open Browser" library="SeleniumLibrary">
<arg>${HROS_URL}</arg>
<arg>chrome</arg>
<doc>Opens a new browser instance to the optional ``url``.</doc>
<msg timestamp="20230911 12:16:36.155" level="INFO">Opening browser 'chrome' to base url 'https://terralogic.paxanimi.ai/home'.</msg>
<status status="PASS" starttime="20230911 12:16:36.155" endtime="20230911 12:16:41.342"/>
</kw>
<kw name="Maximize Browser Window" library="SeleniumLibrary">
<doc>Maximizes current browser window.</doc>
<status status="PASS" starttime="20230911 12:16:41.342" endtime="20230911 12:16:41.472"/>
</kw>
<status status="PASS" starttime="20230911 12:16:36.155" endtime="20230911 12:16:41.472"/>
</kw>
<kw name="Login HROS" library="HROS_keywords">
<arg>chanikya.varma@terralogic.com</arg>
<arg>Hiddenleaf@7</arg>
<kw name="Wait Until Element Is Visible" library="SeleniumLibrary">
<arg>${Google_Login}</arg>
<arg>15s</arg>
<doc>Waits until the element ``locator`` is visible.</doc>
<status status="PASS" starttime="20230911 12:16:41.472" endtime="20230911 12:16:42.421"/>
</kw>
<kw name="Click Element" library="SeleniumLibrary">
<arg>${Google_Login}</arg>
<doc>Click the element identified by ``locator``.</doc>
<msg timestamp="20230911 12:16:42.421" level="INFO">Clicking element 'xpath://form[@id='basic']/button[2]'.</msg>
<status status="PASS" starttime="20230911 12:16:42.421" endtime="20230911 12:16:42.500"/>
</kw>
<kw name="Sleep" library="BuiltIn">
<arg>3</arg>
<doc>Pauses the test executed for the given time.</doc>
<msg timestamp="20230911 12:16:45.500" level="INFO">Slept 3 seconds</msg>
<status status="PASS" starttime="20230911 12:16:42.500" endtime="20230911 12:16:45.500"/>
</kw>
<kw name="Get Window Handles" library="SeleniumLibrary">
<var>${handles}</var>
<doc>Returns all child window handles of the selected browser as a list.</doc>
<msg timestamp="20230911 12:16:45.585" level="INFO">${handles} = ['8CEC0D550B566B939A132EAA6EF85E38', 'F0223CCFB1869A3D99475D3F4E4B5CC9']</msg>
<status status="PASS" starttime="20230911 12:16:45.500" endtime="20230911 12:16:45.586"/>
</kw>
<kw name="Switch Window" library="SeleniumLibrary">
<arg>${handles}[1]</arg>
<doc>Switches to browser window matching ``locator``.</doc>
<status status="PASS" starttime="20230911 12:16:45.586" endtime="20230911 12:16:45.647"/>
</kw>
<kw name="Input Text" library="SeleniumLibrary">
<arg>${Email}</arg>
<arg>${username}</arg>
<doc>Types the given ``text`` into the text field identified by ``locator``.</doc>
<msg timestamp="20230911 12:16:45.648" level="INFO">Typing text 'chanikya.varma@terralogic.com' into text field 'id:identifierId'.</msg>
<status status="PASS" starttime="20230911 12:16:45.647" endtime="20230911 12:16:46.107"/>
</kw>
<kw name="Click Element" library="SeleniumLibrary">
<arg>${Next}</arg>
<doc>Click the element identified by ``locator``.</doc>
<msg timestamp="20230911 12:16:46.107" level="INFO">Clicking element 'xpath://button/span[.='Next']'.</msg>
<status status="PASS" starttime="20230911 12:16:46.107" endtime="20230911 12:16:46.267"/>
</kw>
<kw name="Sleep" library="BuiltIn">
<arg>3</arg>
<doc>Pauses the test executed for the given time.</doc>
<msg timestamp="20230911 12:16:49.267" level="INFO">Slept 3 seconds</msg>
<status status="PASS" starttime="20230911 12:16:46.267" endtime="20230911 12:16:49.267"/>
</kw>
<kw name="Input Text" library="SeleniumLibrary">
<arg>${pass}</arg>
<arg>${password}</arg>
<doc>Types the given ``text`` into the text field identified by ``locator``.</doc>
<msg timestamp="20230911 12:16:49.267" level="INFO">Typing text 'Hiddenleaf@7' into text field 'name:Passwd'.</msg>
<status status="PASS" starttime="20230911 12:16:49.267" endtime="20230911 12:16:49.418"/>
</kw>
<kw name="Click Element" library="SeleniumLibrary">
<arg>${Next}</arg>
<doc>Click the element identified by ``locator``.</doc>
<msg timestamp="20230911 12:16:49.418" level="INFO">Clicking element 'xpath://button/span[.='Next']'.</msg>
<status status="PASS" starttime="20230911 12:16:49.418" endtime="20230911 12:16:49.505"/>
</kw>
<kw name="Sleep" library="BuiltIn">
<arg>35</arg>
<doc>Pauses the test executed for the given time.</doc>
<msg timestamp="20230911 12:17:24.505" level="INFO">Slept 35 seconds</msg>
<status status="PASS" starttime="20230911 12:16:49.505" endtime="20230911 12:17:24.505"/>
</kw>
<kw name="Switch Window" library="SeleniumLibrary">
<arg>${handles}[0]</arg>
<doc>Switches to browser window matching ``locator``.</doc>
<status status="PASS" starttime="20230911 12:17:24.505" endtime="20230911 12:17:24.505"/>
</kw>
<status status="PASS" starttime="20230911 12:16:41.472" endtime="20230911 12:17:24.505"/>
</kw>
<kw name="Validate Login" library="HROS_keywords">
<kw name="Wait Until Element Is Visible" library="SeleniumLibrary">
<arg>${Top_Menu_Profile}</arg>
<doc>Waits until the element ``locator`` is visible.</doc>
<status status="PASS" starttime="20230911 12:17:24.505" endtime="20230911 12:17:24.537"/>
</kw>
<kw name="Page Should Contain Element" library="SeleniumLibrary">
<arg>${Top_Menu_Profile}</arg>
<doc>Verifies that element ``locator`` is found on the current page.</doc>
<msg timestamp="20230911 12:17:24.552" level="INFO">Current page contains element 'xpath://div[@class='Header___1wPd_']/div[2]/span'.</msg>
<status status="PASS" starttime="20230911 12:17:24.537" endtime="20230911 12:17:24.552"/>
</kw>
<kw name="Log To Console" library="BuiltIn">
<arg>${\n}HR-OS Login Successful</arg>
<doc>Logs the given message to the console.</doc>
<status status="PASS" starttime="20230911 12:17:24.552" endtime="20230911 12:17:24.552"/>
</kw>
<kw name="Click Element" library="SeleniumLibrary">
<arg>${Top_Menu_Profile}</arg>
<doc>Click the element identified by ``locator``.</doc>
<msg timestamp="20230911 12:17:24.552" level="INFO">Clicking element 'xpath://div[@class='Header___1wPd_']/div[2]/span'.</msg>
<status status="PASS" starttime="20230911 12:17:24.552" endtime="20230911 12:17:24.624"/>
</kw>
<kw name="Sleep" library="BuiltIn">
<arg>3</arg>
<doc>Pauses the test executed for the given time.</doc>
<msg timestamp="20230911 12:17:27.625" level="INFO">Slept 3 seconds</msg>
<status status="PASS" starttime="20230911 12:17:24.624" endtime="20230911 12:17:27.625"/>
</kw>
<status status="PASS" starttime="20230911 12:17:24.505" endtime="20230911 12:17:27.625"/>
</kw>
<tag>login</tag>
<status status="PASS" starttime="20230911 12:16:36.155" endtime="20230911 12:17:27.625"/>
</test>
<test id="s1-s1-s1-s1-s1-t2" name="Fill TimeSheet Daily" line="14">
<kw name="Fill Time Sheet for a week on Daily basis" library="HROS_keywords">
<arg>9:00 am</arg>
<arg>6:00 pm</arg>
<arg>Rampup_S</arg>
<arg>UI Automation</arg>
<arg>Worked on Automation Task.</arg>
<kw name="Wait Until Element Is Visible" library="SeleniumLibrary">
<arg>${Left_Menu_TimeSheet}</arg>
<doc>Waits until the element ``locator`` is visible.</doc>
<status status="PASS" starttime="20230911 12:17:27.625" endtime="20230911 12:17:27.672"/>
</kw>
<kw name="Mouse Over" library="SeleniumLibrary">
<arg>${Left_Menu_TimeSheet}</arg>
<doc>Simulates hovering the mouse over the element ``locator``.</doc>
<msg timestamp="20230911 12:17:27.672" level="INFO">Simulating Mouse Over on element 'xpath:(//span[@class='ant-menu-title-content'])[7]'.</msg>
<status status="PASS" starttime="20230911 12:17:27.672" endtime="20230911 12:17:27.960"/>
</kw>
<kw name="Click Element" library="SeleniumLibrary">
<arg>${Left_Menu_TimeSheet}</arg>
<doc>Click the element identified by ``locator``.</doc>
<msg timestamp="20230911 12:17:27.961" level="INFO">Clicking element 'xpath:(//span[@class='ant-menu-title-content'])[7]'.</msg>
<status status="PASS" starttime="20230911 12:17:27.960" endtime="20230911 12:17:28.081"/>
</kw>
<kw name="Sleep" library="BuiltIn">
<arg>10</arg>
<doc>Pauses the test executed for the given time.</doc>
<msg timestamp="20230911 12:17:38.081" level="INFO">Slept 10 seconds</msg>
<status status="PASS" starttime="20230911 12:17:28.081" endtime="20230911 12:17:38.081"/>
</kw>
<kw name="Get the Dates" library="HROS_keywords">
<var>${dates}</var>
<kw name="Get Current Date" library="DateTime">
<var>${Today_Date}</var>
<arg>result_format=%Y-%m-%d</arg>
<doc>Returns current local or UTC time with an optional increment.</doc>
<msg timestamp="20230911 12:17:38.081" level="INFO">${Today_Date} = 2023-09-11</msg>
<status status="PASS" starttime="20230911 12:17:38.081" endtime="20230911 12:17:38.081"/>
</kw>
<kw name="Convert To String" library="BuiltIn">
<var>${year}</var>
<arg>${Today_Date.split('-')[0]}</arg>
<doc>Converts the given item to a Unicode string.</doc>
<msg timestamp="20230911 12:17:38.081" level="INFO">${year} = 2023</msg>
<status status="PASS" starttime="20230911 12:17:38.081" endtime="20230911 12:17:38.081"/>
</kw>
<kw name="Convert To String" library="BuiltIn">
<var>${month}</var>
<arg>${Today_Date.split('-')[1]}</arg>
<doc>Converts the given item to a Unicode string.</doc>
<msg timestamp="20230911 12:17:38.081" level="INFO">${month} = 09</msg>
<status status="PASS" starttime="20230911 12:17:38.081" endtime="20230911 12:17:38.081"/>
</kw>
<kw name="Convert To Integer" library="BuiltIn">
<var>${day}</var>
<arg>${Today_Date.split('-')[2]}</arg>
<doc>Converts the given item to an integer number.</doc>
<msg timestamp="20230911 12:17:38.081" level="INFO">${day} = 11</msg>
<status status="PASS" starttime="20230911 12:17:38.081" endtime="20230911 12:17:38.081"/>
</kw>
<kw name="Create List" library="BuiltIn">
<var>${date_list}</var>
<doc>Returns a list containing given items.</doc>
<msg timestamp="20230911 12:17:38.081" level="INFO">${date_list} = []</msg>
<status status="PASS" starttime="20230911 12:17:38.081" endtime="20230911 12:17:38.081"/>
</kw>
<while condition="len(${date_list}) &lt; 7">
<iter>
<kw name="Evaluate" library="BuiltIn">
<var>${day_len}</var>
<arg>len('${day}')</arg>
<doc>Evaluates the given expression in Python and returns the result.</doc>
<msg timestamp="20230911 12:17:38.081" level="INFO">${day_len} = 2</msg>
<status status="PASS" starttime="20230911 12:17:38.081" endtime="20230911 12:17:38.081"/>
</kw>
<if>
<branch type="IF" condition="${day_len} &lt; 2">
<kw name="Append To List" library="Collections">
<arg>${date_list}</arg>
<arg>${year}-${month}-0${day}</arg>
<doc>Adds ``values`` to the end of ``list``.</doc>
<status status="NOT RUN" starttime="20230911 12:17:38.081" endtime="20230911 12:17:38.081"/>
</kw>
<status status="NOT RUN" starttime="20230911 12:17:38.081" endtime="20230911 12:17:38.081"/>
</branch>
<branch type="ELSE">
<kw name="Append To List" library="Collections">
<arg>${date_list}</arg>
<arg>${year}-${month}-${day}</arg>
<doc>Adds ``values`` to the end of ``list``.</doc>
<status status="PASS" starttime="20230911 12:17:38.081" endtime="20230911 12:17:38.081"/>
</kw>
<status status="PASS" starttime="20230911 12:17:38.081" endtime="20230911 12:17:38.081"/>
</branch>
<status status="PASS" starttime="20230911 12:17:38.081" endtime="20230911 12:17:38.081"/>
</if>
<kw name="Evaluate" library="BuiltIn">
<var>${day}</var>
<arg>${day} + 1</arg>
<doc>Evaluates the given expression in Python and returns the result.</doc>
<msg timestamp="20230911 12:17:38.081" level="INFO">${day} = 12</msg>
<status status="PASS" starttime="20230911 12:17:38.081" endtime="20230911 12:17:38.081"/>
</kw>
<kw name="Set Variable" library="BuiltIn">
<var>${Today_Date}</var>
<arg>${year}-${month}-${day}</arg>
<doc>Returns the given values which can then be assigned to a variables.</doc>
<msg timestamp="20230911 12:17:38.081" level="INFO">${Today_Date} = 2023-09-12</msg>
<status status="PASS" starttime="20230911 12:17:38.081" endtime="20230911 12:17:38.081"/>
</kw>
<status status="PASS" starttime="20230911 12:17:38.081" endtime="20230911 12:17:38.081"/>
</iter>
<iter>
<kw name="Evaluate" library="BuiltIn">
<var>${day_len}</var>
<arg>len('${day}')</arg>
<doc>Evaluates the given expression in Python and returns the result.</doc>
<msg timestamp="20230911 12:17:38.081" level="INFO">${day_len} = 2</msg>
<status status="PASS" starttime="20230911 12:17:38.081" endtime="20230911 12:17:38.081"/>
</kw>
<if>
<branch type="IF" condition="${day_len} &lt; 2">
<kw name="Append To List" library="Collections">
<arg>${date_list}</arg>
<arg>${year}-${month}-0${day}</arg>
<doc>Adds ``values`` to the end of ``list``.</doc>
<status status="NOT RUN" starttime="20230911 12:17:38.081" endtime="20230911 12:17:38.081"/>
</kw>
<status status="NOT RUN" starttime="20230911 12:17:38.081" endtime="20230911 12:17:38.081"/>
</branch>
<branch type="ELSE">
<kw name="Append To List" library="Collections">
<arg>${date_list}</arg>
<arg>${year}-${month}-${day}</arg>
<doc>Adds ``values`` to the end of ``list``.</doc>
<status status="PASS" starttime="20230911 12:17:38.081" endtime="20230911 12:17:38.081"/>
</kw>
<status status="PASS" starttime="20230911 12:17:38.081" endtime="20230911 12:17:38.081"/>
</branch>
<status status="PASS" starttime="20230911 12:17:38.081" endtime="20230911 12:17:38.081"/>
</if>
<kw name="Evaluate" library="BuiltIn">
<var>${day}</var>
<arg>${day} + 1</arg>
<doc>Evaluates the given expression in Python and returns the result.</doc>
<msg timestamp="20230911 12:17:38.081" level="INFO">${day} = 13</msg>
<status status="PASS" starttime="20230911 12:17:38.081" endtime="20230911 12:17:38.081"/>
</kw>
<kw name="Set Variable" library="BuiltIn">
<var>${Today_Date}</var>
<arg>${year}-${month}-${day}</arg>
<doc>Returns the given values which can then be assigned to a variables.</doc>
<msg timestamp="20230911 12:17:38.081" level="INFO">${Today_Date} = 2023-09-13</msg>
<status status="PASS" starttime="20230911 12:17:38.081" endtime="20230911 12:17:38.081"/>
</kw>
<status status="PASS" starttime="20230911 12:17:38.081" endtime="20230911 12:17:38.081"/>
</iter>
<iter>
<kw name="Evaluate" library="BuiltIn">
<var>${day_len}</var>
<arg>len('${day}')</arg>
<doc>Evaluates the given expression in Python and returns the result.</doc>
<msg timestamp="20230911 12:17:38.081" level="INFO">${day_len} = 2</msg>
<status status="PASS" starttime="20230911 12:17:38.081" endtime="20230911 12:17:38.081"/>
</kw>
<if>
<branch type="IF" condition="${day_len} &lt; 2">
<kw name="Append To List" library="Collections">
<arg>${date_list}</arg>
<arg>${year}-${month}-0${day}</arg>
<doc>Adds ``values`` to the end of ``list``.</doc>
<status status="NOT RUN" starttime="20230911 12:17:38.081" endtime="20230911 12:17:38.081"/>
</kw>
<status status="NOT RUN" starttime="20230911 12:17:38.081" endtime="20230911 12:17:38.081"/>
</branch>
<branch type="ELSE">
<kw name="Append To List" library="Collections">
<arg>${date_list}</arg>
<arg>${year}-${month}-${day}</arg>
<doc>Adds ``values`` to the end of ``list``.</doc>
<status status="PASS" starttime="20230911 12:17:38.081" endtime="20230911 12:17:38.081"/>
</kw>
<status status="PASS" starttime="20230911 12:17:38.081" endtime="20230911 12:17:38.081"/>
</branch>
<status status="PASS" starttime="20230911 12:17:38.081" endtime="20230911 12:17:38.081"/>
</if>
<kw name="Evaluate" library="BuiltIn">
<var>${day}</var>
<arg>${day} + 1</arg>
<doc>Evaluates the given expression in Python and returns the result.</doc>
<msg timestamp="20230911 12:17:38.081" level="INFO">${day} = 14</msg>
<status status="PASS" starttime="20230911 12:17:38.081" endtime="20230911 12:17:38.081"/>
</kw>
<kw name="Set Variable" library="BuiltIn">
<var>${Today_Date}</var>
<arg>${year}-${month}-${day}</arg>
<doc>Returns the given values which can then be assigned to a variables.</doc>
<msg timestamp="20230911 12:17:38.081" level="INFO">${Today_Date} = 2023-09-14</msg>
<status status="PASS" starttime="20230911 12:17:38.081" endtime="20230911 12:17:38.081"/>
</kw>
<status status="PASS" starttime="20230911 12:17:38.081" endtime="20230911 12:17:38.081"/>
</iter>
<iter>
<kw name="Evaluate" library="BuiltIn">
<var>${day_len}</var>
<arg>len('${day}')</arg>
<doc>Evaluates the given expression in Python and returns the result.</doc>
<msg timestamp="20230911 12:17:38.081" level="INFO">${day_len} = 2</msg>
<status status="PASS" starttime="20230911 12:17:38.081" endtime="20230911 12:17:38.081"/>
</kw>
<if>
<branch type="IF" condition="${day_len} &lt; 2">
<kw name="Append To List" library="Collections">
<arg>${date_list}</arg>
<arg>${year}-${month}-0${day}</arg>
<doc>Adds ``values`` to the end of ``list``.</doc>
<status status="NOT RUN" starttime="20230911 12:17:38.081" endtime="20230911 12:17:38.081"/>
</kw>
<status status="NOT RUN" starttime="20230911 12:17:38.081" endtime="20230911 12:17:38.081"/>
</branch>
<branch type="ELSE">
<kw name="Append To List" library="Collections">
<arg>${date_list}</arg>
<arg>${year}-${month}-${day}</arg>
<doc>Adds ``values`` to the end of ``list``.</doc>
<status status="PASS" starttime="20230911 12:17:38.081" endtime="20230911 12:17:38.081"/>
</kw>
<status status="PASS" starttime="20230911 12:17:38.081" endtime="20230911 12:17:38.081"/>
</branch>
<status status="PASS" starttime="20230911 12:17:38.081" endtime="20230911 12:17:38.081"/>
</if>
<kw name="Evaluate" library="BuiltIn">
<var>${day}</var>
<arg>${day} + 1</arg>
<doc>Evaluates the given expression in Python and returns the result.</doc>
<msg timestamp="20230911 12:17:38.081" level="INFO">${day} = 15</msg>
<status status="PASS" starttime="20230911 12:17:38.081" endtime="20230911 12:17:38.081"/>
</kw>
<kw name="Set Variable" library="BuiltIn">
<var>${Today_Date}</var>
<arg>${year}-${month}-${day}</arg>
<doc>Returns the given values which can then be assigned to a variables.</doc>
<msg timestamp="20230911 12:17:38.081" level="INFO">${Today_Date} = 2023-09-15</msg>
<status status="PASS" starttime="20230911 12:17:38.081" endtime="20230911 12:17:38.081"/>
</kw>
<status status="PASS" starttime="20230911 12:17:38.081" endtime="20230911 12:17:38.081"/>
</iter>
<iter>
<kw name="Evaluate" library="BuiltIn">
<var>${day_len}</var>
<arg>len('${day}')</arg>
<doc>Evaluates the given expression in Python and returns the result.</doc>
<msg timestamp="20230911 12:17:38.081" level="INFO">${day_len} = 2</msg>
<status status="PASS" starttime="20230911 12:17:38.081" endtime="20230911 12:17:38.081"/>
</kw>
<if>
<branch type="IF" condition="${day_len} &lt; 2">
<kw name="Append To List" library="Collections">
<arg>${date_list}</arg>
<arg>${year}-${month}-0${day}</arg>
<doc>Adds ``values`` to the end of ``list``.</doc>
<status status="NOT RUN" starttime="20230911 12:17:38.081" endtime="20230911 12:17:38.081"/>
</kw>
<status status="NOT RUN" starttime="20230911 12:17:38.081" endtime="20230911 12:17:38.081"/>
</branch>
<branch type="ELSE">
<kw name="Append To List" library="Collections">
<arg>${date_list}</arg>
<arg>${year}-${month}-${day}</arg>
<doc>Adds ``values`` to the end of ``list``.</doc>
<status status="PASS" starttime="20230911 12:17:38.081" endtime="20230911 12:17:38.081"/>
</kw>
<status status="PASS" starttime="20230911 12:17:38.081" endtime="20230911 12:17:38.081"/>
</branch>
<status status="PASS" starttime="20230911 12:17:38.081" endtime="20230911 12:17:38.081"/>
</if>
<kw name="Evaluate" library="BuiltIn">
<var>${day}</var>
<arg>${day} + 1</arg>
<doc>Evaluates the given expression in Python and returns the result.</doc>
<msg timestamp="20230911 12:17:38.081" level="INFO">${day} = 16</msg>
<status status="PASS" starttime="20230911 12:17:38.081" endtime="20230911 12:17:38.081"/>
</kw>
<kw name="Set Variable" library="BuiltIn">
<var>${Today_Date}</var>
<arg>${year}-${month}-${day}</arg>
<doc>Returns the given values which can then be assigned to a variables.</doc>
<msg timestamp="20230911 12:17:38.081" level="INFO">${Today_Date} = 2023-09-16</msg>
<status status="PASS" starttime="20230911 12:17:38.081" endtime="20230911 12:17:38.081"/>
</kw>
<status status="PASS" starttime="20230911 12:17:38.081" endtime="20230911 12:17:38.081"/>
</iter>
<iter>
<kw name="Evaluate" library="BuiltIn">
<var>${day_len}</var>
<arg>len('${day}')</arg>
<doc>Evaluates the given expression in Python and returns the result.</doc>
<msg timestamp="20230911 12:17:38.081" level="INFO">${day_len} = 2</msg>
<status status="PASS" starttime="20230911 12:17:38.081" endtime="20230911 12:17:38.081"/>
</kw>
<if>
<branch type="IF" condition="${day_len} &lt; 2">
<kw name="Append To List" library="Collections">
<arg>${date_list}</arg>
<arg>${year}-${month}-0${day}</arg>
<doc>Adds ``values`` to the end of ``list``.</doc>
<status status="NOT RUN" starttime="20230911 12:17:38.081" endtime="20230911 12:17:38.081"/>
</kw>
<status status="NOT RUN" starttime="20230911 12:17:38.081" endtime="20230911 12:17:38.081"/>
</branch>
<branch type="ELSE">
<kw name="Append To List" library="Collections">
<arg>${date_list}</arg>
<arg>${year}-${month}-${day}</arg>
<doc>Adds ``values`` to the end of ``list``.</doc>
<status status="PASS" starttime="20230911 12:17:38.081" endtime="20230911 12:17:38.081"/>
</kw>
<status status="PASS" starttime="20230911 12:17:38.081" endtime="20230911 12:17:38.081"/>
</branch>
<status status="PASS" starttime="20230911 12:17:38.081" endtime="20230911 12:17:38.081"/>
</if>
<kw name="Evaluate" library="BuiltIn">
<var>${day}</var>
<arg>${day} + 1</arg>
<doc>Evaluates the given expression in Python and returns the result.</doc>
<msg timestamp="20230911 12:17:38.081" level="INFO">${day} = 17</msg>
<status status="PASS" starttime="20230911 12:17:38.081" endtime="20230911 12:17:38.081"/>
</kw>
<kw name="Set Variable" library="BuiltIn">
<var>${Today_Date}</var>
<arg>${year}-${month}-${day}</arg>
<doc>Returns the given values which can then be assigned to a variables.</doc>
<msg timestamp="20230911 12:17:38.097" level="INFO">${Today_Date} = 2023-09-17</msg>
<status status="PASS" starttime="20230911 12:17:38.081" endtime="20230911 12:17:38.097"/>
</kw>
<status status="PASS" starttime="20230911 12:17:38.081" endtime="20230911 12:17:38.097"/>
</iter>
<iter>
<kw name="Evaluate" library="BuiltIn">
<var>${day_len}</var>
<arg>len('${day}')</arg>
<doc>Evaluates the given expression in Python and returns the result.</doc>
<msg timestamp="20230911 12:17:38.097" level="INFO">${day_len} = 2</msg>
<status status="PASS" starttime="20230911 12:17:38.097" endtime="20230911 12:17:38.097"/>
</kw>
<if>
<branch type="IF" condition="${day_len} &lt; 2">
<kw name="Append To List" library="Collections">
<arg>${date_list}</arg>
<arg>${year}-${month}-0${day}</arg>
<doc>Adds ``values`` to the end of ``list``.</doc>
<status status="NOT RUN" starttime="20230911 12:17:38.097" endtime="20230911 12:17:38.097"/>
</kw>
<status status="NOT RUN" starttime="20230911 12:17:38.097" endtime="20230911 12:17:38.097"/>
</branch>
<branch type="ELSE">
<kw name="Append To List" library="Collections">
<arg>${date_list}</arg>
<arg>${year}-${month}-${day}</arg>
<doc>Adds ``values`` to the end of ``list``.</doc>
<status status="PASS" starttime="20230911 12:17:38.097" endtime="20230911 12:17:38.097"/>
</kw>
<status status="PASS" starttime="20230911 12:17:38.097" endtime="20230911 12:17:38.097"/>
</branch>
<status status="PASS" starttime="20230911 12:17:38.097" endtime="20230911 12:17:38.097"/>
</if>
<kw name="Evaluate" library="BuiltIn">
<var>${day}</var>
<arg>${day} + 1</arg>
<doc>Evaluates the given expression in Python and returns the result.</doc>
<msg timestamp="20230911 12:17:38.097" level="INFO">${day} = 18</msg>
<status status="PASS" starttime="20230911 12:17:38.097" endtime="20230911 12:17:38.097"/>
</kw>
<kw name="Set Variable" library="BuiltIn">
<var>${Today_Date}</var>
<arg>${year}-${month}-${day}</arg>
<doc>Returns the given values which can then be assigned to a variables.</doc>
<msg timestamp="20230911 12:17:38.097" level="INFO">${Today_Date} = 2023-09-18</msg>
<status status="PASS" starttime="20230911 12:17:38.097" endtime="20230911 12:17:38.097"/>
</kw>
<status status="PASS" starttime="20230911 12:17:38.097" endtime="20230911 12:17:38.097"/>
</iter>
<status status="PASS" starttime="20230911 12:17:38.081" endtime="20230911 12:17:38.097"/>
</while>
<msg timestamp="20230911 12:17:38.097" level="INFO">${dates} = ['2023-09-11', '2023-09-12', '2023-09-13', '2023-09-14', '2023-09-15', '2023-09-16', '2023-09-17']</msg>
<status status="PASS" starttime="20230911 12:17:38.081" endtime="20230911 12:17:38.097"/>
</kw>
<for flavor="IN">
<var>${i}</var>
<value>@{dates}</value>
<iter>
<var name="${i}">2023-09-11</var>
<kw name="Set Selenium Speed" library="SeleniumLibrary">
<arg>2s</arg>
<doc>Sets the delay that is waited after each Selenium command.</doc>
<status status="PASS" starttime="20230911 12:17:38.097" endtime="20230911 12:17:38.097"/>
</kw>
<kw name="Mouse Over" library="SeleniumLibrary">
<arg>${TimeSheet_AddTask}</arg>
<doc>Simulates hovering the mouse over the element ``locator``.</doc>
<msg timestamp="20230911 12:17:38.097" level="INFO">Simulating Mouse Over on element 'xpath://div[@class='right___IuPRy']/button[3]'.</msg>
<status status="PASS" starttime="20230911 12:17:38.097" endtime="20230911 12:17:42.409"/>
</kw>
<kw name="Click Element" library="SeleniumLibrary">
<arg>${TimeSheet_AddTask}</arg>
<doc>Click the element identified by ``locator``.</doc>
<msg timestamp="20230911 12:17:42.409" level="INFO">Clicking element 'xpath://div[@class='right___IuPRy']/button[3]'.</msg>
<status status="PASS" starttime="20230911 12:17:42.409" endtime="20230911 12:17:46.611"/>
</kw>
<kw name="Click Element" library="SeleniumLibrary">
<arg>${TimeSheet_StartDate}</arg>
<doc>Click the element identified by ``locator``.</doc>
<msg timestamp="20230911 12:17:46.611" level="INFO">Clicking element 'xpath://input[@placeholder='Start date']'.</msg>
<status status="PASS" starttime="20230911 12:17:46.611" endtime="20230911 12:17:50.911"/>
</kw>
<kw name="Press Keys" library="SeleniumLibrary">
<arg>${TimeSheet_StartDate}</arg>
<arg>${i}</arg>
<arg>ENTER</arg>
<doc>Simulates the user pressing key(s) to an element or on the active browser.</doc>
<msg timestamp="20230911 12:17:50.911" level="INFO">Sending key(s) ('2023-09-11', 'ENTER') to xpath://input[@placeholder='Start date'] element.</msg>
<msg timestamp="20230911 12:17:55.224" level="INFO">Sending keys 2023-09-11</msg>
<msg timestamp="20230911 12:17:57.411" level="INFO">Pressing special key ENTER to element.</msg>
<msg timestamp="20230911 12:17:57.411" level="INFO">Releasing special key ENTER.</msg>
<status status="PASS" starttime="20230911 12:17:50.911" endtime="20230911 12:17:59.529"/>
</kw>
<kw name="Press Keys" library="SeleniumLibrary">
<arg>${TimeSheet_EndDate}</arg>
<arg>${i}</arg>
<arg>ENTER</arg>
<doc>Simulates the user pressing key(s) to an element or on the active browser.</doc>
<msg timestamp="20230911 12:17:59.529" level="INFO">Sending key(s) ('2023-09-11', 'ENTER') to xpath://input[@placeholder='End date'] element.</msg>
<msg timestamp="20230911 12:18:03.839" level="INFO">Sending keys 2023-09-11</msg>
<msg timestamp="20230911 12:18:05.995" level="INFO">Pressing special key ENTER to element.</msg>
<msg timestamp="20230911 12:18:05.995" level="INFO">Releasing special key ENTER.</msg>
<status status="PASS" starttime="20230911 12:17:59.529" endtime="20230911 12:18:08.148"/>
</kw>
<kw name="Press Keys" library="SeleniumLibrary">
<arg>${TimeSheet_StartTime}</arg>
<arg>${fromtime}</arg>
<arg>ENTER</arg>
<doc>Simulates the user pressing key(s) to an element or on the active browser.</doc>
<msg timestamp="20230911 12:18:08.148" level="INFO">Sending key(s) ('9:00 am', 'ENTER') to xpath://input[@id='basic_tasks_0_startTime'] element.</msg>
<msg timestamp="20230911 12:18:12.494" level="INFO">Sending keys 9:00 am</msg>
<msg timestamp="20230911 12:18:14.563" level="INFO">Pressing special key ENTER to element.</msg>
<msg timestamp="20230911 12:18:14.563" level="INFO">Releasing special key ENTER.</msg>
<status status="PASS" starttime="20230911 12:18:08.148" endtime="20230911 12:18:16.606"/>
</kw>
<kw name="Press Keys" library="SeleniumLibrary">
<arg>${TimeSheet_EndTime}</arg>
<arg>${totime}</arg>
<arg>ENTER</arg>
<doc>Simulates the user pressing key(s) to an element or on the active browser.</doc>
<msg timestamp="20230911 12:18:16.606" level="INFO">Sending key(s) ('6:00 pm', 'ENTER') to xpath://input[@id='basic_tasks_0_endTime'] element.</msg>
<msg timestamp="20230911 12:18:20.958" level="INFO">Sending keys 6:00 pm</msg>
<msg timestamp="20230911 12:18:23.042" level="INFO">Pressing special key ENTER to element.</msg>
<msg timestamp="20230911 12:18:23.042" level="INFO">Releasing special key ENTER.</msg>
<status status="PASS" starttime="20230911 12:18:16.606" endtime="20230911 12:18:25.096"/>
</kw>
<kw name="Press Keys" library="SeleniumLibrary">
<arg>${TimeSheet_Project}</arg>
<arg>${project}</arg>
<arg>ENTER</arg>
<doc>Simulates the user pressing key(s) to an element or on the active browser.</doc>
<msg timestamp="20230911 12:18:25.096" level="INFO">Sending key(s) ('Rampup_S', 'ENTER') to xpath://input[@id='basic_tasks_0_projectId'] element.</msg>
<msg timestamp="20230911 12:18:29.415" level="INFO">Sending keys Rampup_S</msg>
<msg timestamp="20230911 12:18:31.511" level="INFO">Pressing special key ENTER to element.</msg>
<msg timestamp="20230911 12:18:31.511" level="INFO">Releasing special key ENTER.</msg>
<status status="PASS" starttime="20230911 12:18:25.096" endtime="20230911 12:18:33.580"/>
</kw>
<kw name="Press Keys" library="SeleniumLibrary">
<arg>${TimeSheet_TaskName}</arg>
<arg>${task}</arg>
<doc>Simulates the user pressing key(s) to an element or on the active browser.</doc>
<msg timestamp="20230911 12:18:33.580" level="INFO">Sending key(s) ('UI Automation',) to xpath://input[@id='basic_tasks_0_taskName'] element.</msg>
<msg timestamp="20230911 12:18:37.928" level="INFO">Sending keys UI Automation</msg>
<status status="PASS" starttime="20230911 12:18:33.580" endtime="20230911 12:18:40.333"/>
</kw>
<kw name="Click Element" library="SeleniumLibrary">
<arg>${TimeSheet_TaskDescription}</arg>
<doc>Click the element identified by ``locator``.</doc>
<msg timestamp="20230911 12:18:40.333" level="INFO">Clicking element 'xpath://textarea[@id='basic_tasks_0_notes']'.</msg>
<status status="PASS" starttime="20230911 12:18:40.333" endtime="20230911 12:18:44.459"/>
</kw>
<kw name="Input Text" library="SeleniumLibrary">
<arg>${TimeSheet_TaskDescription}</arg>
<arg>${description}</arg>
<doc>Types the given ``text`` into the text field identified by ``locator``.</doc>
<msg timestamp="20230911 12:18:44.459" level="INFO">Typing text 'Worked on Automation Task.' into text field 'xpath://textarea[@id='basic_tasks_0_notes']'.</msg>
<status status="PASS" starttime="20230911 12:18:44.459" endtime="20230911 12:18:51.247"/>
</kw>
<kw name="Click Element" library="SeleniumLibrary">
<arg>${TimeSheet_SubmitButton}</arg>
<doc>Click the element identified by ``locator``.</doc>
<msg timestamp="20230911 12:18:51.247" level="INFO">Clicking element 'xpath://div[@class='footer___2ao1m']/button[2]'.</msg>
<status status="PASS" starttime="20230911 12:18:51.247" endtime="20230911 12:18:55.424"/>
</kw>
<kw name="Sleep" library="BuiltIn">
<arg>3</arg>
<doc>Pauses the test executed for the given time.</doc>
<msg timestamp="20230911 12:18:58.425" level="INFO">Slept 3 seconds</msg>
<status status="PASS" starttime="20230911 12:18:55.424" endtime="20230911 12:18:58.425"/>
</kw>
<status status="PASS" starttime="20230911 12:17:38.097" endtime="20230911 12:18:58.425"/>
</iter>
<iter>
<var name="${i}">2023-09-12</var>
<kw name="Set Selenium Speed" library="SeleniumLibrary">
<arg>2s</arg>
<doc>Sets the delay that is waited after each Selenium command.</doc>
<status status="PASS" starttime="20230911 12:18:58.425" endtime="20230911 12:18:58.425"/>
</kw>
<kw name="Mouse Over" library="SeleniumLibrary">
<arg>${TimeSheet_AddTask}</arg>
<doc>Simulates hovering the mouse over the element ``locator``.</doc>
<msg timestamp="20230911 12:18:58.425" level="INFO">Simulating Mouse Over on element 'xpath://div[@class='right___IuPRy']/button[3]'.</msg>
<status status="PASS" starttime="20230911 12:18:58.425" endtime="20230911 12:19:02.770"/>
</kw>
<kw name="Click Element" library="SeleniumLibrary">
<arg>${TimeSheet_AddTask}</arg>
<doc>Click the element identified by ``locator``.</doc>
<msg timestamp="20230911 12:19:02.770" level="INFO">Clicking element 'xpath://div[@class='right___IuPRy']/button[3]'.</msg>
<status status="PASS" starttime="20230911 12:19:02.770" endtime="20230911 12:19:06.922"/>
</kw>
<kw name="Click Element" library="SeleniumLibrary">
<arg>${TimeSheet_StartDate}</arg>
<doc>Click the element identified by ``locator``.</doc>
<msg timestamp="20230911 12:19:06.922" level="INFO">Clicking element 'xpath://input[@placeholder='Start date']'.</msg>
<status status="PASS" starttime="20230911 12:19:06.922" endtime="20230911 12:19:11.195"/>
</kw>
<kw name="Press Keys" library="SeleniumLibrary">
<arg>${TimeSheet_StartDate}</arg>
<arg>${i}</arg>
<arg>ENTER</arg>
<doc>Simulates the user pressing key(s) to an element or on the active browser.</doc>
<msg timestamp="20230911 12:19:11.195" level="INFO">Sending key(s) ('2023-09-12', 'ENTER') to xpath://input[@placeholder='Start date'] element.</msg>
<msg timestamp="20230911 12:19:15.553" level="INFO">Sending keys 2023-09-12</msg>
<msg timestamp="20230911 12:19:17.720" level="INFO">Pressing special key ENTER to element.</msg>
<msg timestamp="20230911 12:19:17.720" level="INFO">Releasing special key ENTER.</msg>
<status status="PASS" starttime="20230911 12:19:11.195" endtime="20230911 12:19:19.785"/>
</kw>
<kw name="Press Keys" library="SeleniumLibrary">
<arg>${TimeSheet_EndDate}</arg>
<arg>${i}</arg>
<arg>ENTER</arg>
<doc>Simulates the user pressing key(s) to an element or on the active browser.</doc>
<msg timestamp="20230911 12:19:19.785" level="INFO">Sending key(s) ('2023-09-12', 'ENTER') to xpath://input[@placeholder='End date'] element.</msg>
<msg timestamp="20230911 12:19:24.102" level="INFO">Sending keys 2023-09-12</msg>
<msg timestamp="20230911 12:19:26.252" level="INFO">Pressing special key ENTER to element.</msg>
<msg timestamp="20230911 12:19:26.252" level="INFO">Releasing special key ENTER.</msg>
<status status="PASS" starttime="20230911 12:19:19.785" endtime="20230911 12:19:28.415"/>
</kw>
<kw name="Press Keys" library="SeleniumLibrary">
<arg>${TimeSheet_StartTime}</arg>
<arg>${fromtime}</arg>
<arg>ENTER</arg>
<doc>Simulates the user pressing key(s) to an element or on the active browser.</doc>
<msg timestamp="20230911 12:19:28.415" level="INFO">Sending key(s) ('9:00 am', 'ENTER') to xpath://input[@id='basic_tasks_0_startTime'] element.</msg>
<msg timestamp="20230911 12:19:32.751" level="INFO">Sending keys 9:00 am</msg>
<msg timestamp="20230911 12:19:34.809" level="INFO">Pressing special key ENTER to element.</msg>
<msg timestamp="20230911 12:19:34.809" level="INFO">Releasing special key ENTER.</msg>
<status status="PASS" starttime="20230911 12:19:28.415" endtime="20230911 12:19:36.886"/>
</kw>
<kw name="Press Keys" library="SeleniumLibrary">
<arg>${TimeSheet_EndTime}</arg>
<arg>${totime}</arg>
<arg>ENTER</arg>
<doc>Simulates the user pressing key(s) to an element or on the active browser.</doc>
<msg timestamp="20230911 12:19:36.886" level="INFO">Sending key(s) ('6:00 pm', 'ENTER') to xpath://input[@id='basic_tasks_0_endTime'] element.</msg>
<msg timestamp="20230911 12:19:41.201" level="INFO">Sending keys 6:00 pm</msg>
<msg timestamp="20230911 12:19:43.279" level="INFO">Pressing special key ENTER to element.</msg>
<msg timestamp="20230911 12:19:43.279" level="INFO">Releasing special key ENTER.</msg>
<status status="PASS" starttime="20230911 12:19:36.886" endtime="20230911 12:19:45.335"/>
</kw>
<kw name="Press Keys" library="SeleniumLibrary">
<arg>${TimeSheet_Project}</arg>
<arg>${project}</arg>
<arg>ENTER</arg>
<doc>Simulates the user pressing key(s) to an element or on the active browser.</doc>
<msg timestamp="20230911 12:19:45.335" level="INFO">Sending key(s) ('Rampup_S', 'ENTER') to xpath://input[@id='basic_tasks_0_projectId'] element.</msg>
<msg timestamp="20230911 12:19:49.697" level="INFO">Sending keys Rampup_S</msg>
<msg timestamp="20230911 12:19:51.778" level="INFO">Pressing special key ENTER to element.</msg>
<msg timestamp="20230911 12:19:51.778" level="INFO">Releasing special key ENTER.</msg>
<status status="PASS" starttime="20230911 12:19:45.335" endtime="20230911 12:19:53.832"/>
</kw>
<kw name="Press Keys" library="SeleniumLibrary">
<arg>${TimeSheet_TaskName}</arg>
<arg>${task}</arg>
<doc>Simulates the user pressing key(s) to an element or on the active browser.</doc>
<msg timestamp="20230911 12:19:53.832" level="INFO">Sending key(s) ('UI Automation',) to xpath://input[@id='basic_tasks_0_taskName'] element.</msg>
<msg timestamp="20230911 12:19:58.200" level="INFO">Sending keys UI Automation</msg>
<status status="PASS" starttime="20230911 12:19:53.832" endtime="20230911 12:20:00.602"/>
</kw>
<kw name="Click Element" library="SeleniumLibrary">
<arg>${TimeSheet_TaskDescription}</arg>
<doc>Click the element identified by ``locator``.</doc>
<msg timestamp="20230911 12:20:00.602" level="INFO">Clicking element 'xpath://textarea[@id='basic_tasks_0_notes']'.</msg>
<status status="PASS" starttime="20230911 12:20:00.602" endtime="20230911 12:20:04.706"/>
</kw>
<kw name="Input Text" library="SeleniumLibrary">
<arg>${TimeSheet_TaskDescription}</arg>
<arg>${description}</arg>
<doc>Types the given ``text`` into the text field identified by ``locator``.</doc>
<msg timestamp="20230911 12:20:04.706" level="INFO">Typing text 'Worked on Automation Task.' into text field 'xpath://textarea[@id='basic_tasks_0_notes']'.</msg>
<status status="PASS" starttime="20230911 12:20:04.706" endtime="20230911 12:20:11.495"/>
</kw>
<kw name="Click Element" library="SeleniumLibrary">
<arg>${TimeSheet_SubmitButton}</arg>
<doc>Click the element identified by ``locator``.</doc>
<msg timestamp="20230911 12:20:11.495" level="INFO">Clicking element 'xpath://div[@class='footer___2ao1m']/button[2]'.</msg>
<status status="PASS" starttime="20230911 12:20:11.495" endtime="20230911 12:20:15.651"/>
</kw>
<kw name="Sleep" library="BuiltIn">
<arg>3</arg>
<doc>Pauses the test executed for the given time.</doc>
<msg timestamp="20230911 12:20:18.652" level="INFO">Slept 3 seconds</msg>
<status status="PASS" starttime="20230911 12:20:15.651" endtime="20230911 12:20:18.652"/>
</kw>
<status status="PASS" starttime="20230911 12:18:58.425" endtime="20230911 12:20:18.652"/>
</iter>
<iter>
<var name="${i}">2023-09-13</var>
<kw name="Set Selenium Speed" library="SeleniumLibrary">
<arg>2s</arg>
<doc>Sets the delay that is waited after each Selenium command.</doc>
<status status="PASS" starttime="20230911 12:20:18.652" endtime="20230911 12:20:18.652"/>
</kw>
<kw name="Mouse Over" library="SeleniumLibrary">
<arg>${TimeSheet_AddTask}</arg>
<doc>Simulates hovering the mouse over the element ``locator``.</doc>
<msg timestamp="20230911 12:20:18.652" level="INFO">Simulating Mouse Over on element 'xpath://div[@class='right___IuPRy']/button[3]'.</msg>
<status status="PASS" starttime="20230911 12:20:18.652" endtime="20230911 12:20:23.000"/>
</kw>
<kw name="Click Element" library="SeleniumLibrary">
<arg>${TimeSheet_AddTask}</arg>
<doc>Click the element identified by ``locator``.</doc>
<msg timestamp="20230911 12:20:23.000" level="INFO">Clicking element 'xpath://div[@class='right___IuPRy']/button[3]'.</msg>
<status status="PASS" starttime="20230911 12:20:23.000" endtime="20230911 12:20:27.158"/>
</kw>
<kw name="Click Element" library="SeleniumLibrary">
<arg>${TimeSheet_StartDate}</arg>
<doc>Click the element identified by ``locator``.</doc>
<msg timestamp="20230911 12:20:27.158" level="INFO">Clicking element 'xpath://input[@placeholder='Start date']'.</msg>
<status status="PASS" starttime="20230911 12:20:27.158" endtime="20230911 12:20:31.394"/>
</kw>
<kw name="Press Keys" library="SeleniumLibrary">
<arg>${TimeSheet_StartDate}</arg>
<arg>${i}</arg>
<arg>ENTER</arg>
<doc>Simulates the user pressing key(s) to an element or on the active browser.</doc>
<msg timestamp="20230911 12:20:31.394" level="INFO">Sending key(s) ('2023-09-13', 'ENTER') to xpath://input[@placeholder='Start date'] element.</msg>
<msg timestamp="20230911 12:20:35.739" level="INFO">Sending keys 2023-09-13</msg>
<msg timestamp="20230911 12:20:37.900" level="INFO">Pressing special key ENTER to element.</msg>
<msg timestamp="20230911 12:20:37.900" level="INFO">Releasing special key ENTER.</msg>
<status status="PASS" starttime="20230911 12:20:31.394" endtime="20230911 12:20:39.996"/>
</kw>
<kw name="Press Keys" library="SeleniumLibrary">
<arg>${TimeSheet_EndDate}</arg>
<arg>${i}</arg>
<arg>ENTER</arg>
<doc>Simulates the user pressing key(s) to an element or on the active browser.</doc>
<msg timestamp="20230911 12:20:39.996" level="INFO">Sending key(s) ('2023-09-13', 'ENTER') to xpath://input[@placeholder='End date'] element.</msg>
<msg timestamp="20230911 12:20:44.324" level="INFO">Sending keys 2023-09-13</msg>
<msg timestamp="20230911 12:20:46.490" level="INFO">Pressing special key ENTER to element.</msg>
<msg timestamp="20230911 12:20:46.490" level="INFO">Releasing special key ENTER.</msg>
<status status="PASS" starttime="20230911 12:20:39.996" endtime="20230911 12:20:48.648"/>
</kw>
<kw name="Press Keys" library="SeleniumLibrary">
<arg>${TimeSheet_StartTime}</arg>
<arg>${fromtime}</arg>
<arg>ENTER</arg>
<doc>Simulates the user pressing key(s) to an element or on the active browser.</doc>
<msg timestamp="20230911 12:20:48.648" level="INFO">Sending key(s) ('9:00 am', 'ENTER') to xpath://input[@id='basic_tasks_0_startTime'] element.</msg>
<msg timestamp="20230911 12:20:53.020" level="INFO">Sending keys 9:00 am</msg>
<msg timestamp="20230911 12:20:55.101" level="INFO">Pressing special key ENTER to element.</msg>
<msg timestamp="20230911 12:20:55.101" level="INFO">Releasing special key ENTER.</msg>
<status status="PASS" starttime="20230911 12:20:48.648" endtime="20230911 12:20:57.162"/>
</kw>
<kw name="Press Keys" library="SeleniumLibrary">
<arg>${TimeSheet_EndTime}</arg>
<arg>${totime}</arg>
<arg>ENTER</arg>
<doc>Simulates the user pressing key(s) to an element or on the active browser.</doc>
<msg timestamp="20230911 12:20:57.162" level="INFO">Sending key(s) ('6:00 pm', 'ENTER') to xpath://input[@id='basic_tasks_0_endTime'] element.</msg>
<msg timestamp="20230911 12:21:01.513" level="INFO">Sending keys 6:00 pm</msg>
<msg timestamp="20230911 12:21:03.592" level="INFO">Pressing special key ENTER to element.</msg>
<msg timestamp="20230911 12:21:03.592" level="INFO">Releasing special key ENTER.</msg>
<status status="PASS" starttime="20230911 12:20:57.162" endtime="20230911 12:21:05.648"/>
</kw>
<kw name="Press Keys" library="SeleniumLibrary">
<arg>${TimeSheet_Project}</arg>
<arg>${project}</arg>
<arg>ENTER</arg>
<doc>Simulates the user pressing key(s) to an element or on the active browser.</doc>
<msg timestamp="20230911 12:21:05.648" level="INFO">Sending key(s) ('Rampup_S', 'ENTER') to xpath://input[@id='basic_tasks_0_projectId'] element.</msg>
<msg timestamp="20230911 12:21:09.938" level="INFO">Sending keys Rampup_S</msg>
<msg timestamp="20230911 12:21:12.019" level="INFO">Pressing special key ENTER to element.</msg>
<msg timestamp="20230911 12:21:12.019" level="INFO">Releasing special key ENTER.</msg>
<status status="PASS" starttime="20230911 12:21:05.648" endtime="20230911 12:21:14.060"/>
</kw>
<kw name="Press Keys" library="SeleniumLibrary">
<arg>${TimeSheet_TaskName}</arg>
<arg>${task}</arg>
<doc>Simulates the user pressing key(s) to an element or on the active browser.</doc>
<msg timestamp="20230911 12:21:14.060" level="INFO">Sending key(s) ('UI Automation',) to xpath://input[@id='basic_tasks_0_taskName'] element.</msg>
<msg timestamp="20230911 12:21:18.355" level="INFO">Sending keys UI Automation</msg>
<status status="PASS" starttime="20230911 12:21:14.060" endtime="20230911 12:21:20.759"/>
</kw>
<kw name="Click Element" library="SeleniumLibrary">
<arg>${TimeSheet_TaskDescription}</arg>
<doc>Click the element identified by ``locator``.</doc>
<msg timestamp="20230911 12:21:20.759" level="INFO">Clicking element 'xpath://textarea[@id='basic_tasks_0_notes']'.</msg>
<status status="PASS" starttime="20230911 12:21:20.759" endtime="20230911 12:21:24.817"/>
</kw>
<kw name="Input Text" library="SeleniumLibrary">
<arg>${TimeSheet_TaskDescription}</arg>
<arg>${description}</arg>
<doc>Types the given ``text`` into the text field identified by ``locator``.</doc>
<msg timestamp="20230911 12:21:24.817" level="INFO">Typing text 'Worked on Automation Task.' into text field 'xpath://textarea[@id='basic_tasks_0_notes']'.</msg>
<status status="PASS" starttime="20230911 12:21:24.817" endtime="20230911 12:21:31.524"/>
</kw>
<kw name="Click Element" library="SeleniumLibrary">
<arg>${TimeSheet_SubmitButton}</arg>
<doc>Click the element identified by ``locator``.</doc>
<msg timestamp="20230911 12:21:31.524" level="INFO">Clicking element 'xpath://div[@class='footer___2ao1m']/button[2]'.</msg>
<status status="PASS" starttime="20230911 12:21:31.524" endtime="20230911 12:21:35.668"/>
</kw>
<kw name="Sleep" library="BuiltIn">
<arg>3</arg>
<doc>Pauses the test executed for the given time.</doc>
<msg timestamp="20230911 12:21:38.668" level="INFO">Slept 3 seconds</msg>
<status status="PASS" starttime="20230911 12:21:35.668" endtime="20230911 12:21:38.668"/>
</kw>
<status status="PASS" starttime="20230911 12:20:18.652" endtime="20230911 12:21:38.668"/>
</iter>
<iter>
<var name="${i}">2023-09-14</var>
<kw name="Set Selenium Speed" library="SeleniumLibrary">
<arg>2s</arg>
<doc>Sets the delay that is waited after each Selenium command.</doc>
<status status="PASS" starttime="20230911 12:21:38.668" endtime="20230911 12:21:38.668"/>
</kw>
<kw name="Mouse Over" library="SeleniumLibrary">
<arg>${TimeSheet_AddTask}</arg>
<doc>Simulates hovering the mouse over the element ``locator``.</doc>
<msg timestamp="20230911 12:21:38.668" level="INFO">Simulating Mouse Over on element 'xpath://div[@class='right___IuPRy']/button[3]'.</msg>
<status status="PASS" starttime="20230911 12:21:38.668" endtime="20230911 12:21:42.959"/>
</kw>
<kw name="Click Element" library="SeleniumLibrary">
<arg>${TimeSheet_AddTask}</arg>
<doc>Click the element identified by ``locator``.</doc>
<msg timestamp="20230911 12:21:42.959" level="INFO">Clicking element 'xpath://div[@class='right___IuPRy']/button[3]'.</msg>
<status status="PASS" starttime="20230911 12:21:42.959" endtime="20230911 12:21:47.068"/>
</kw>
<kw name="Click Element" library="SeleniumLibrary">
<arg>${TimeSheet_StartDate}</arg>
<doc>Click the element identified by ``locator``.</doc>
<msg timestamp="20230911 12:21:47.068" level="INFO">Clicking element 'xpath://input[@placeholder='Start date']'.</msg>
<status status="PASS" starttime="20230911 12:21:47.068" endtime="20230911 12:21:51.238"/>
</kw>
<kw name="Press Keys" library="SeleniumLibrary">
<arg>${TimeSheet_StartDate}</arg>
<arg>${i}</arg>
<arg>ENTER</arg>
<doc>Simulates the user pressing key(s) to an element or on the active browser.</doc>
<msg timestamp="20230911 12:21:51.238" level="INFO">Sending key(s) ('2023-09-14', 'ENTER') to xpath://input[@placeholder='Start date'] element.</msg>
<msg timestamp="20230911 12:21:55.543" level="INFO">Sending keys 2023-09-14</msg>
<msg timestamp="20230911 12:21:57.686" level="INFO">Pressing special key ENTER to element.</msg>
<msg timestamp="20230911 12:21:57.686" level="INFO">Releasing special key ENTER.</msg>
<status status="PASS" starttime="20230911 12:21:51.238" endtime="20230911 12:21:59.750"/>
</kw>
<kw name="Press Keys" library="SeleniumLibrary">
<arg>${TimeSheet_EndDate}</arg>
<arg>${i}</arg>
<arg>ENTER</arg>
<doc>Simulates the user pressing key(s) to an element or on the active browser.</doc>
<msg timestamp="20230911 12:21:59.751" level="INFO">Sending key(s) ('2023-09-14', 'ENTER') to xpath://input[@placeholder='End date'] element.</msg>
<msg timestamp="20230911 12:22:04.079" level="INFO">Sending keys 2023-09-14</msg>
<msg timestamp="20230911 12:22:06.237" level="INFO">Pressing special key ENTER to element.</msg>
<msg timestamp="20230911 12:22:06.237" level="INFO">Releasing special key ENTER.</msg>
<status status="PASS" starttime="20230911 12:21:59.750" endtime="20230911 12:22:08.379"/>
</kw>
<kw name="Press Keys" library="SeleniumLibrary">
<arg>${TimeSheet_StartTime}</arg>
<arg>${fromtime}</arg>
<arg>ENTER</arg>
<doc>Simulates the user pressing key(s) to an element or on the active browser.</doc>
<msg timestamp="20230911 12:22:08.379" level="INFO">Sending key(s) ('9:00 am', 'ENTER') to xpath://input[@id='basic_tasks_0_startTime'] element.</msg>
<msg timestamp="20230911 12:22:12.706" level="INFO">Sending keys 9:00 am</msg>
<msg timestamp="20230911 12:22:14.799" level="INFO">Pressing special key ENTER to element.</msg>
<msg timestamp="20230911 12:22:14.799" level="INFO">Releasing special key ENTER.</msg>
<status status="PASS" starttime="20230911 12:22:08.379" endtime="20230911 12:22:16.887"/>
</kw>
<kw name="Press Keys" library="SeleniumLibrary">
<arg>${TimeSheet_EndTime}</arg>
<arg>${totime}</arg>
<arg>ENTER</arg>
<doc>Simulates the user pressing key(s) to an element or on the active browser.</doc>
<msg timestamp="20230911 12:22:16.887" level="INFO">Sending key(s) ('6:00 pm', 'ENTER') to xpath://input[@id='basic_tasks_0_endTime'] element.</msg>
<msg timestamp="20230911 12:22:21.227" level="INFO">Sending keys 6:00 pm</msg>
<msg timestamp="20230911 12:22:23.317" level="INFO">Pressing special key ENTER to element.</msg>
<msg timestamp="20230911 12:22:23.317" level="INFO">Releasing special key ENTER.</msg>
<status status="PASS" starttime="20230911 12:22:16.887" endtime="20230911 12:22:25.373"/>
</kw>
<kw name="Press Keys" library="SeleniumLibrary">
<arg>${TimeSheet_Project}</arg>
<arg>${project}</arg>
<arg>ENTER</arg>
<doc>Simulates the user pressing key(s) to an element or on the active browser.</doc>
<msg timestamp="20230911 12:22:25.373" level="INFO">Sending key(s) ('Rampup_S', 'ENTER') to xpath://input[@id='basic_tasks_0_projectId'] element.</msg>
<msg timestamp="20230911 12:22:29.735" level="INFO">Sending keys Rampup_S</msg>
<msg timestamp="20230911 12:22:31.817" level="INFO">Pressing special key ENTER to element.</msg>
<msg timestamp="20230911 12:22:31.817" level="INFO">Releasing special key ENTER.</msg>
<status status="PASS" starttime="20230911 12:22:25.373" endtime="20230911 12:22:33.881"/>
</kw>
<kw name="Press Keys" library="SeleniumLibrary">
<arg>${TimeSheet_TaskName}</arg>
<arg>${task}</arg>
<doc>Simulates the user pressing key(s) to an element or on the active browser.</doc>
<msg timestamp="20230911 12:22:33.881" level="INFO">Sending key(s) ('UI Automation',) to xpath://input[@id='basic_tasks_0_taskName'] element.</msg>
<msg timestamp="20230911 12:22:38.201" level="INFO">Sending keys UI Automation</msg>
<status status="PASS" starttime="20230911 12:22:33.881" endtime="20230911 12:22:40.580"/>
</kw>
<kw name="Click Element" library="SeleniumLibrary">
<arg>${TimeSheet_TaskDescription}</arg>
<doc>Click the element identified by ``locator``.</doc>
<msg timestamp="20230911 12:22:40.580" level="INFO">Clicking element 'xpath://textarea[@id='basic_tasks_0_notes']'.</msg>
<status status="PASS" starttime="20230911 12:22:40.580" endtime="20230911 12:22:44.708"/>
</kw>
<kw name="Input Text" library="SeleniumLibrary">
<arg>${TimeSheet_TaskDescription}</arg>
<arg>${description}</arg>
<doc>Types the given ``text`` into the text field identified by ``locator``.</doc>
<msg timestamp="20230911 12:22:44.708" level="INFO">Typing text 'Worked on Automation Task.' into text field 'xpath://textarea[@id='basic_tasks_0_notes']'.</msg>
<status status="PASS" starttime="20230911 12:22:44.708" endtime="20230911 12:22:51.505"/>
</kw>
<kw name="Click Element" library="SeleniumLibrary">
<arg>${TimeSheet_SubmitButton}</arg>
<doc>Click the element identified by ``locator``.</doc>
<msg timestamp="20230911 12:22:51.505" level="INFO">Clicking element 'xpath://div[@class='footer___2ao1m']/button[2]'.</msg>
<status status="PASS" starttime="20230911 12:22:51.505" endtime="20230911 12:22:55.701"/>
</kw>
<kw name="Sleep" library="BuiltIn">
<arg>3</arg>
<doc>Pauses the test executed for the given time.</doc>
<msg timestamp="20230911 12:22:58.701" level="INFO">Slept 3 seconds</msg>
<status status="PASS" starttime="20230911 12:22:55.701" endtime="20230911 12:22:58.701"/>
</kw>
<status status="PASS" starttime="20230911 12:21:38.668" endtime="20230911 12:22:58.701"/>
</iter>
<iter>
<var name="${i}">2023-09-15</var>
<kw name="Set Selenium Speed" library="SeleniumLibrary">
<arg>2s</arg>
<doc>Sets the delay that is waited after each Selenium command.</doc>
<status status="PASS" starttime="20230911 12:22:58.701" endtime="20230911 12:22:58.701"/>
</kw>
<kw name="Mouse Over" library="SeleniumLibrary">
<arg>${TimeSheet_AddTask}</arg>
<doc>Simulates hovering the mouse over the element ``locator``.</doc>
<msg timestamp="20230911 12:22:58.706" level="INFO">Simulating Mouse Over on element 'xpath://div[@class='right___IuPRy']/button[3]'.</msg>
<status status="PASS" starttime="20230911 12:22:58.704" endtime="20230911 12:23:03.065"/>
</kw>
<kw name="Click Element" library="SeleniumLibrary">
<arg>${TimeSheet_AddTask}</arg>
<doc>Click the element identified by ``locator``.</doc>
<msg timestamp="20230911 12:23:03.065" level="INFO">Clicking element 'xpath://div[@class='right___IuPRy']/button[3]'.</msg>
<status status="PASS" starttime="20230911 12:23:03.065" endtime="20230911 12:23:07.201"/>
</kw>
<kw name="Click Element" library="SeleniumLibrary">
<arg>${TimeSheet_StartDate}</arg>
<doc>Click the element identified by ``locator``.</doc>
<msg timestamp="20230911 12:23:07.201" level="INFO">Clicking element 'xpath://input[@placeholder='Start date']'.</msg>
<status status="PASS" starttime="20230911 12:23:07.201" endtime="20230911 12:23:11.460"/>
</kw>
<kw name="Press Keys" library="SeleniumLibrary">
<arg>${TimeSheet_StartDate}</arg>
<arg>${i}</arg>
<arg>ENTER</arg>
<doc>Simulates the user pressing key(s) to an element or on the active browser.</doc>
<msg timestamp="20230911 12:23:11.460" level="INFO">Sending key(s) ('2023-09-15', 'ENTER') to xpath://input[@placeholder='Start date'] element.</msg>
<msg timestamp="20230911 12:23:15.797" level="INFO">Sending keys 2023-09-15</msg>
<msg timestamp="20230911 12:23:17.951" level="INFO">Pressing special key ENTER to element.</msg>
<msg timestamp="20230911 12:23:17.951" level="INFO">Releasing special key ENTER.</msg>
<status status="PASS" starttime="20230911 12:23:11.460" endtime="20230911 12:23:20.034"/>
</kw>
<kw name="Press Keys" library="SeleniumLibrary">
<arg>${TimeSheet_EndDate}</arg>
<arg>${i}</arg>
<arg>ENTER</arg>
<doc>Simulates the user pressing key(s) to an element or on the active browser.</doc>
<msg timestamp="20230911 12:23:20.034" level="INFO">Sending key(s) ('2023-09-15', 'ENTER') to xpath://input[@placeholder='End date'] element.</msg>
<msg timestamp="20230911 12:23:24.389" level="INFO">Sending keys 2023-09-15</msg>
<msg timestamp="20230911 12:23:26.557" level="INFO">Pressing special key ENTER to element.</msg>
<msg timestamp="20230911 12:23:26.557" level="INFO">Releasing special key ENTER.</msg>
<status status="PASS" starttime="20230911 12:23:20.034" endtime="20230911 12:23:28.710"/>
</kw>
<kw name="Press Keys" library="SeleniumLibrary">
<arg>${TimeSheet_StartTime}</arg>
<arg>${fromtime}</arg>
<arg>ENTER</arg>
<doc>Simulates the user pressing key(s) to an element or on the active browser.</doc>
<msg timestamp="20230911 12:23:28.710" level="INFO">Sending key(s) ('9:00 am', 'ENTER') to xpath://input[@id='basic_tasks_0_startTime'] element.</msg>
<msg timestamp="20230911 12:23:33.069" level="INFO">Sending keys 9:00 am</msg>
<msg timestamp="20230911 12:23:35.152" level="INFO">Pressing special key ENTER to element.</msg>
<msg timestamp="20230911 12:23:35.152" level="INFO">Releasing special key ENTER.</msg>
<status status="PASS" starttime="20230911 12:23:28.710" endtime="20230911 12:23:37.210"/>
</kw>
<kw name="Press Keys" library="SeleniumLibrary">
<arg>${TimeSheet_EndTime}</arg>
<arg>${totime}</arg>
<arg>ENTER</arg>
<doc>Simulates the user pressing key(s) to an element or on the active browser.</doc>
<msg timestamp="20230911 12:23:37.210" level="INFO">Sending key(s) ('6:00 pm', 'ENTER') to xpath://input[@id='basic_tasks_0_endTime'] element.</msg>
<msg timestamp="20230911 12:23:41.543" level="INFO">Sending keys 6:00 pm</msg>
<msg timestamp="20230911 12:23:43.625" level="INFO">Pressing special key ENTER to element.</msg>
<msg timestamp="20230911 12:23:43.625" level="INFO">Releasing special key ENTER.</msg>
<status status="PASS" starttime="20230911 12:23:37.210" endtime="20230911 12:23:45.681"/>
</kw>
<kw name="Press Keys" library="SeleniumLibrary">
<arg>${TimeSheet_Project}</arg>
<arg>${project}</arg>
<arg>ENTER</arg>
<doc>Simulates the user pressing key(s) to an element or on the active browser.</doc>
<msg timestamp="20230911 12:23:45.681" level="INFO">Sending key(s) ('Rampup_S', 'ENTER') to xpath://input[@id='basic_tasks_0_projectId'] element.</msg>
<msg timestamp="20230911 12:23:50.013" level="INFO">Sending keys Rampup_S</msg>
<msg timestamp="20230911 12:23:52.111" level="INFO">Pressing special key ENTER to element.</msg>
<msg timestamp="20230911 12:23:52.111" level="INFO">Releasing special key ENTER.</msg>
<status status="PASS" starttime="20230911 12:23:45.681" endtime="20230911 12:23:54.154"/>
</kw>
<kw name="Press Keys" library="SeleniumLibrary">
<arg>${TimeSheet_TaskName}</arg>
<arg>${task}</arg>
<doc>Simulates the user pressing key(s) to an element or on the active browser.</doc>
<msg timestamp="20230911 12:23:54.154" level="INFO">Sending key(s) ('UI Automation',) to xpath://input[@id='basic_tasks_0_taskName'] element.</msg>
<msg timestamp="20230911 12:23:58.501" level="INFO">Sending keys UI Automation</msg>
<status status="PASS" starttime="20230911 12:23:54.154" endtime="20230911 12:24:00.888"/>
</kw>
<kw name="Click Element" library="SeleniumLibrary">
<arg>${TimeSheet_TaskDescription}</arg>
<doc>Click the element identified by ``locator``.</doc>
<msg timestamp="20230911 12:24:00.888" level="INFO">Clicking element 'xpath://textarea[@id='basic_tasks_0_notes']'.</msg>
<status status="PASS" starttime="20230911 12:24:00.888" endtime="20230911 12:24:05.004"/>
</kw>
<kw name="Input Text" library="SeleniumLibrary">
<arg>${TimeSheet_TaskDescription}</arg>
<arg>${description}</arg>
<doc>Types the given ``text`` into the text field identified by ``locator``.</doc>
<msg timestamp="20230911 12:24:05.004" level="INFO">Typing text 'Worked on Automation Task.' into text field 'xpath://textarea[@id='basic_tasks_0_notes']'.</msg>
<status status="PASS" starttime="20230911 12:24:05.004" endtime="20230911 12:24:11.778"/>
</kw>
<kw name="Click Element" library="SeleniumLibrary">
<arg>${TimeSheet_SubmitButton}</arg>
<doc>Click the element identified by ``locator``.</doc>
<msg timestamp="20230911 12:24:11.778" level="INFO">Clicking element 'xpath://div[@class='footer___2ao1m']/button[2]'.</msg>
<status status="PASS" starttime="20230911 12:24:11.778" endtime="20230911 12:24:15.966"/>
</kw>
<kw name="Sleep" library="BuiltIn">
<arg>3</arg>
<doc>Pauses the test executed for the given time.</doc>
<msg timestamp="20230911 12:24:18.966" level="INFO">Slept 3 seconds</msg>
<status status="PASS" starttime="20230911 12:24:15.966" endtime="20230911 12:24:18.966"/>
</kw>
<status status="PASS" starttime="20230911 12:22:58.701" endtime="20230911 12:24:18.966"/>
</iter>
<iter>
<var name="${i}">2023-09-16</var>
<kw name="Set Selenium Speed" library="SeleniumLibrary">
<arg>2s</arg>
<doc>Sets the delay that is waited after each Selenium command.</doc>
<status status="PASS" starttime="20230911 12:24:18.967" endtime="20230911 12:24:18.967"/>
</kw>
<kw name="Mouse Over" library="SeleniumLibrary">
<arg>${TimeSheet_AddTask}</arg>
<doc>Simulates hovering the mouse over the element ``locator``.</doc>
<msg timestamp="20230911 12:24:18.967" level="INFO">Simulating Mouse Over on element 'xpath://div[@class='right___IuPRy']/button[3]'.</msg>
<status status="PASS" starttime="20230911 12:24:18.967" endtime="20230911 12:24:23.288"/>
</kw>
<kw name="Click Element" library="SeleniumLibrary">
<arg>${TimeSheet_AddTask}</arg>
<doc>Click the element identified by ``locator``.</doc>
<msg timestamp="20230911 12:24:23.288" level="INFO">Clicking element 'xpath://div[@class='right___IuPRy']/button[3]'.</msg>
<status status="PASS" starttime="20230911 12:24:23.288" endtime="20230911 12:24:27.394"/>
</kw>
<kw name="Click Element" library="SeleniumLibrary">
<arg>${TimeSheet_StartDate}</arg>
<doc>Click the element identified by ``locator``.</doc>
<msg timestamp="20230911 12:24:27.394" level="INFO">Clicking element 'xpath://input[@placeholder='Start date']'.</msg>
<status status="PASS" starttime="20230911 12:24:27.394" endtime="20230911 12:24:31.603"/>
</kw>
<kw name="Press Keys" library="SeleniumLibrary">
<arg>${TimeSheet_StartDate}</arg>
<arg>${i}</arg>
<arg>ENTER</arg>
<doc>Simulates the user pressing key(s) to an element or on the active browser.</doc>
<msg timestamp="20230911 12:24:31.603" level="INFO">Sending key(s) ('2023-09-16', 'ENTER') to xpath://input[@placeholder='Start date'] element.</msg>
<msg timestamp="20230911 12:24:35.935" level="INFO">Sending keys 2023-09-16</msg>
<msg timestamp="20230911 12:24:38.092" level="INFO">Pressing special key ENTER to element.</msg>
<msg timestamp="20230911 12:24:38.092" level="INFO">Releasing special key ENTER.</msg>
<status status="PASS" starttime="20230911 12:24:31.603" endtime="20230911 12:24:40.165"/>
</kw>
<kw name="Press Keys" library="SeleniumLibrary">
<arg>${TimeSheet_EndDate}</arg>
<arg>${i}</arg>
<arg>ENTER</arg>
<doc>Simulates the user pressing key(s) to an element or on the active browser.</doc>
<msg timestamp="20230911 12:24:40.165" level="INFO">Sending key(s) ('2023-09-16', 'ENTER') to xpath://input[@placeholder='End date'] element.</msg>
<msg timestamp="20230911 12:24:44.515" level="INFO">Sending keys 2023-09-16</msg>
<msg timestamp="20230911 12:24:46.715" level="INFO">Pressing special key ENTER to element.</msg>
<msg timestamp="20230911 12:24:46.715" level="INFO">Releasing special key ENTER.</msg>
<status status="PASS" starttime="20230911 12:24:40.165" endtime="20230911 12:24:48.840"/>
</kw>
<kw name="Press Keys" library="SeleniumLibrary">
<arg>${TimeSheet_StartTime}</arg>
<arg>${fromtime}</arg>
<arg>ENTER</arg>
<doc>Simulates the user pressing key(s) to an element or on the active browser.</doc>
<msg timestamp="20230911 12:24:48.840" level="INFO">Sending key(s) ('9:00 am', 'ENTER') to xpath://input[@id='basic_tasks_0_startTime'] element.</msg>
<msg timestamp="20230911 12:24:53.212" level="INFO">Sending keys 9:00 am</msg>
<msg timestamp="20230911 12:24:55.292" level="INFO">Pressing special key ENTER to element.</msg>
<msg timestamp="20230911 12:24:55.292" level="INFO">Releasing special key ENTER.</msg>
<status status="PASS" starttime="20230911 12:24:48.840" endtime="20230911 12:24:57.331"/>
</kw>
<kw name="Press Keys" library="SeleniumLibrary">
<arg>${TimeSheet_EndTime}</arg>
<arg>${totime}</arg>
<arg>ENTER</arg>
<doc>Simulates the user pressing key(s) to an element or on the active browser.</doc>
<msg timestamp="20230911 12:24:57.331" level="INFO">Sending key(s) ('6:00 pm', 'ENTER') to xpath://input[@id='basic_tasks_0_endTime'] element.</msg>
<msg timestamp="20230911 12:25:01.670" level="INFO">Sending keys 6:00 pm</msg>
<msg timestamp="20230911 12:25:03.740" level="INFO">Pressing special key ENTER to element.</msg>
<msg timestamp="20230911 12:25:03.740" level="INFO">Releasing special key ENTER.</msg>
<status status="PASS" starttime="20230911 12:24:57.331" endtime="20230911 12:25:05.803"/>
</kw>
<kw name="Press Keys" library="SeleniumLibrary">
<arg>${TimeSheet_Project}</arg>
<arg>${project}</arg>
<arg>ENTER</arg>
<doc>Simulates the user pressing key(s) to an element or on the active browser.</doc>
<msg timestamp="20230911 12:25:05.803" level="INFO">Sending key(s) ('Rampup_S', 'ENTER') to xpath://input[@id='basic_tasks_0_projectId'] element.</msg>
<msg timestamp="20230911 12:25:10.144" level="INFO">Sending keys Rampup_S</msg>
<msg timestamp="20230911 12:25:12.230" level="INFO">Pressing special key ENTER to element.</msg>
<msg timestamp="20230911 12:25:12.230" level="INFO">Releasing special key ENTER.</msg>
<status status="PASS" starttime="20230911 12:25:05.803" endtime="20230911 12:25:14.279"/>
</kw>
<kw name="Press Keys" library="SeleniumLibrary">
<arg>${TimeSheet_TaskName}</arg>
<arg>${task}</arg>
<doc>Simulates the user pressing key(s) to an element or on the active browser.</doc>
<msg timestamp="20230911 12:25:14.279" level="INFO">Sending key(s) ('UI Automation',) to xpath://input[@id='basic_tasks_0_taskName'] element.</msg>
<msg timestamp="20230911 12:25:18.638" level="INFO">Sending keys UI Automation</msg>
<status status="PASS" starttime="20230911 12:25:14.279" endtime="20230911 12:25:21.049"/>
</kw>
<kw name="Click Element" library="SeleniumLibrary">
<arg>${TimeSheet_TaskDescription}</arg>
<doc>Click the element identified by ``locator``.</doc>
<msg timestamp="20230911 12:25:21.049" level="INFO">Clicking element 'xpath://textarea[@id='basic_tasks_0_notes']'.</msg>
<status status="PASS" starttime="20230911 12:25:21.049" endtime="20230911 12:25:25.167"/>
</kw>
<kw name="Input Text" library="SeleniumLibrary">
<arg>${TimeSheet_TaskDescription}</arg>
<arg>${description}</arg>
<doc>Types the given ``text`` into the text field identified by ``locator``.</doc>
<msg timestamp="20230911 12:25:25.167" level="INFO">Typing text 'Worked on Automation Task.' into text field 'xpath://textarea[@id='basic_tasks_0_notes']'.</msg>
<status status="PASS" starttime="20230911 12:25:25.167" endtime="20230911 12:25:31.918"/>
</kw>
<kw name="Click Element" library="SeleniumLibrary">
<arg>${TimeSheet_SubmitButton}</arg>
<doc>Click the element identified by ``locator``.</doc>
<msg timestamp="20230911 12:25:31.918" level="INFO">Clicking element 'xpath://div[@class='footer___2ao1m']/button[2]'.</msg>
<status status="PASS" starttime="20230911 12:25:31.918" endtime="20230911 12:25:36.077"/>
</kw>
<kw name="Sleep" library="BuiltIn">
<arg>3</arg>
<doc>Pauses the test executed for the given time.</doc>
<msg timestamp="20230911 12:25:39.077" level="INFO">Slept 3 seconds</msg>
<status status="PASS" starttime="20230911 12:25:36.077" endtime="20230911 12:25:39.077"/>
</kw>
<status status="PASS" starttime="20230911 12:24:18.966" endtime="20230911 12:25:39.077"/>
</iter>
<iter>
<var name="${i}">2023-09-17</var>
<kw name="Set Selenium Speed" library="SeleniumLibrary">
<arg>2s</arg>
<doc>Sets the delay that is waited after each Selenium command.</doc>
<status status="PASS" starttime="20230911 12:25:39.077" endtime="20230911 12:25:39.077"/>
</kw>
<kw name="Mouse Over" library="SeleniumLibrary">
<arg>${TimeSheet_AddTask}</arg>
<doc>Simulates hovering the mouse over the element ``locator``.</doc>
<msg timestamp="20230911 12:25:39.079" level="INFO">Simulating Mouse Over on element 'xpath://div[@class='right___IuPRy']/button[3]'.</msg>
<status status="PASS" starttime="20230911 12:25:39.079" endtime="20230911 12:25:43.407"/>
</kw>
<kw name="Click Element" library="SeleniumLibrary">
<arg>${TimeSheet_AddTask}</arg>
<doc>Click the element identified by ``locator``.</doc>
<msg timestamp="20230911 12:25:43.407" level="INFO">Clicking element 'xpath://div[@class='right___IuPRy']/button[3]'.</msg>
<status status="PASS" starttime="20230911 12:25:43.407" endtime="20230911 12:25:47.569"/>
</kw>
<kw name="Click Element" library="SeleniumLibrary">
<arg>${TimeSheet_StartDate}</arg>
<doc>Click the element identified by ``locator``.</doc>
<msg timestamp="20230911 12:25:47.569" level="INFO">Clicking element 'xpath://input[@placeholder='Start date']'.</msg>
<status status="PASS" starttime="20230911 12:25:47.569" endtime="20230911 12:25:51.783"/>
</kw>
<kw name="Press Keys" library="SeleniumLibrary">
<arg>${TimeSheet_StartDate}</arg>
<arg>${i}</arg>
<arg>ENTER</arg>
<doc>Simulates the user pressing key(s) to an element or on the active browser.</doc>
<msg timestamp="20230911 12:25:51.783" level="INFO">Sending key(s) ('2023-09-17', 'ENTER') to xpath://input[@placeholder='Start date'] element.</msg>
<msg timestamp="20230911 12:25:56.113" level="INFO">Sending keys 2023-09-17</msg>
<msg timestamp="20230911 12:25:58.268" level="INFO">Pressing special key ENTER to element.</msg>
<msg timestamp="20230911 12:25:58.268" level="INFO">Releasing special key ENTER.</msg>
<status status="PASS" starttime="20230911 12:25:51.783" endtime="20230911 12:26:00.353"/>
</kw>
<kw name="Press Keys" library="SeleniumLibrary">
<arg>${TimeSheet_EndDate}</arg>
<arg>${i}</arg>
<arg>ENTER</arg>
<doc>Simulates the user pressing key(s) to an element or on the active browser.</doc>
<msg timestamp="20230911 12:26:00.353" level="INFO">Sending key(s) ('2023-09-17', 'ENTER') to xpath://input[@placeholder='End date'] element.</msg>
<msg timestamp="20230911 12:26:04.674" level="INFO">Sending keys 2023-09-17</msg>
<msg timestamp="20230911 12:26:06.834" level="INFO">Pressing special key ENTER to element.</msg>
<msg timestamp="20230911 12:26:06.834" level="INFO">Releasing special key ENTER.</msg>
<status status="PASS" starttime="20230911 12:26:00.353" endtime="20230911 12:26:08.985"/>
</kw>
<kw name="Press Keys" library="SeleniumLibrary">
<arg>${TimeSheet_StartTime}</arg>
<arg>${fromtime}</arg>
<arg>ENTER</arg>
<doc>Simulates the user pressing key(s) to an element or on the active browser.</doc>
<msg timestamp="20230911 12:26:08.985" level="INFO">Sending key(s) ('9:00 am', 'ENTER') to xpath://input[@id='basic_tasks_0_startTime'] element.</msg>
<msg timestamp="20230911 12:26:13.291" level="INFO">Sending keys 9:00 am</msg>
<msg timestamp="20230911 12:26:15.358" level="INFO">Pressing special key ENTER to element.</msg>
<msg timestamp="20230911 12:26:15.358" level="INFO">Releasing special key ENTER.</msg>
<status status="PASS" starttime="20230911 12:26:08.985" endtime="20230911 12:26:17.419"/>
</kw>
<kw name="Press Keys" library="SeleniumLibrary">
<arg>${TimeSheet_EndTime}</arg>
<arg>${totime}</arg>
<arg>ENTER</arg>
<doc>Simulates the user pressing key(s) to an element or on the active browser.</doc>
<msg timestamp="20230911 12:26:17.419" level="INFO">Sending key(s) ('6:00 pm', 'ENTER') to xpath://input[@id='basic_tasks_0_endTime'] element.</msg>
<msg timestamp="20230911 12:26:21.726" level="INFO">Sending keys 6:00 pm</msg>
<msg timestamp="20230911 12:26:23.792" level="INFO">Pressing special key ENTER to element.</msg>
<msg timestamp="20230911 12:26:23.792" level="INFO">Releasing special key ENTER.</msg>
<status status="PASS" starttime="20230911 12:26:17.419" endtime="20230911 12:26:25.833"/>
</kw>
<kw name="Press Keys" library="SeleniumLibrary">
<arg>${TimeSheet_Project}</arg>
<arg>${project}</arg>
<arg>ENTER</arg>
<doc>Simulates the user pressing key(s) to an element or on the active browser.</doc>
<msg timestamp="20230911 12:26:25.833" level="INFO">Sending key(s) ('Rampup_S', 'ENTER') to xpath://input[@id='basic_tasks_0_projectId'] element.</msg>
<msg timestamp="20230911 12:26:30.125" level="INFO">Sending keys Rampup_S</msg>
<msg timestamp="20230911 12:26:32.204" level="INFO">Pressing special key ENTER to element.</msg>
<msg timestamp="20230911 12:26:32.204" level="INFO">Releasing special key ENTER.</msg>
<status status="PASS" starttime="20230911 12:26:25.833" endtime="20230911 12:26:34.246"/>
</kw>
<kw name="Press Keys" library="SeleniumLibrary">
<arg>${TimeSheet_TaskName}</arg>
<arg>${task}</arg>
<doc>Simulates the user pressing key(s) to an element or on the active browser.</doc>
<msg timestamp="20230911 12:26:34.246" level="INFO">Sending key(s) ('UI Automation',) to xpath://input[@id='basic_tasks_0_taskName'] element.</msg>
<msg timestamp="20230911 12:26:38.542" level="INFO">Sending keys UI Automation</msg>
<status status="PASS" starttime="20230911 12:26:34.246" endtime="20230911 12:26:40.924"/>
</kw>
<kw name="Click Element" library="SeleniumLibrary">
<arg>${TimeSheet_TaskDescription}</arg>
<doc>Click the element identified by ``locator``.</doc>
<msg timestamp="20230911 12:26:40.924" level="INFO">Clicking element 'xpath://textarea[@id='basic_tasks_0_notes']'.</msg>
<status status="PASS" starttime="20230911 12:26:40.924" endtime="20230911 12:26:44.985"/>
</kw>
<kw name="Input Text" library="SeleniumLibrary">
<arg>${TimeSheet_TaskDescription}</arg>
<arg>${description}</arg>
<doc>Types the given ``text`` into the text field identified by ``locator``.</doc>
<msg timestamp="20230911 12:26:44.985" level="INFO">Typing text 'Worked on Automation Task.' into text field 'xpath://textarea[@id='basic_tasks_0_notes']'.</msg>
<status status="PASS" starttime="20230911 12:26:44.985" endtime="20230911 12:26:51.682"/>
</kw>
<kw name="Click Element" library="SeleniumLibrary">
<arg>${TimeSheet_SubmitButton}</arg>
<doc>Click the element identified by ``locator``.</doc>
<msg timestamp="20230911 12:26:51.682" level="INFO">Clicking element 'xpath://div[@class='footer___2ao1m']/button[2]'.</msg>
<status status="PASS" starttime="20230911 12:26:51.682" endtime="20230911 12:26:55.816"/>
</kw>
<kw name="Sleep" library="BuiltIn">
<arg>3</arg>
<doc>Pauses the test executed for the given time.</doc>
<msg timestamp="20230911 12:26:58.817" level="INFO">Slept 3 seconds</msg>
<status status="PASS" starttime="20230911 12:26:55.816" endtime="20230911 12:26:58.817"/>
</kw>
<status status="PASS" starttime="20230911 12:25:39.077" endtime="20230911 12:26:58.817"/>
</iter>
<status status="PASS" starttime="20230911 12:17:38.097" endtime="20230911 12:26:58.817"/>
</for>
<status status="PASS" starttime="20230911 12:17:27.625" endtime="20230911 12:26:58.817"/>
</kw>
<kw name="Delete Newly Created TimeSheet For Weekly" library="HROS_keywords">
<kw name="Wait Until Element Is Visible" library="SeleniumLibrary">
<arg>${Left_Menu_TimeSheet}</arg>
<doc>Waits until the element ``locator`` is visible.</doc>
<status status="PASS" starttime="20230911 12:26:58.817" endtime="20230911 12:27:02.848"/>
</kw>
<kw name="Mouse Over" library="SeleniumLibrary">
<arg>${Left_Menu_TimeSheet}</arg>
<doc>Simulates hovering the mouse over the element ``locator``.</doc>
<msg timestamp="20230911 12:27:02.848" level="INFO">Simulating Mouse Over on element 'xpath:(//span[@class='ant-menu-title-content'])[7]'.</msg>
<status status="PASS" starttime="20230911 12:27:02.848" endtime="20230911 12:27:07.134"/>
</kw>
<kw name="Click Element" library="SeleniumLibrary">
<arg>${Left_Menu_TimeSheet}</arg>
<doc>Click the element identified by ``locator``.</doc>
<msg timestamp="20230911 12:27:07.134" level="INFO">Clicking element 'xpath:(//span[@class='ant-menu-title-content'])[7]'.</msg>
<status status="PASS" starttime="20230911 12:27:07.134" endtime="20230911 12:27:11.262"/>
</kw>
<kw name="Sleep" library="BuiltIn">
<arg>10</arg>
<doc>Pauses the test executed for the given time.</doc>
<msg timestamp="20230911 12:27:21.262" level="INFO">Slept 10 seconds</msg>
<status status="PASS" starttime="20230911 12:27:11.262" endtime="20230911 12:27:21.262"/>
</kw>
<kw name="Get the Dates" library="HROS_keywords">
<var>${days}</var>
<kw name="Get Current Date" library="DateTime">
<var>${Today_Date}</var>
<arg>result_format=%Y-%m-%d</arg>
<doc>Returns current local or UTC time with an optional increment.</doc>
<msg timestamp="20230911 12:27:21.262" level="INFO">${Today_Date} = 2023-09-11</msg>
<status status="PASS" starttime="20230911 12:27:21.262" endtime="20230911 12:27:21.262"/>
</kw>
<kw name="Convert To String" library="BuiltIn">
<var>${year}</var>
<arg>${Today_Date.split('-')[0]}</arg>
<doc>Converts the given item to a Unicode string.</doc>
<msg timestamp="20230911 12:27:21.262" level="INFO">${year} = 2023</msg>
<status status="PASS" starttime="20230911 12:27:21.262" endtime="20230911 12:27:21.262"/>
</kw>
<kw name="Convert To String" library="BuiltIn">
<var>${month}</var>
<arg>${Today_Date.split('-')[1]}</arg>
<doc>Converts the given item to a Unicode string.</doc>
<msg timestamp="20230911 12:27:21.262" level="INFO">${month} = 09</msg>
<status status="PASS" starttime="20230911 12:27:21.262" endtime="20230911 12:27:21.262"/>
</kw>
<kw name="Convert To Integer" library="BuiltIn">
<var>${day}</var>
<arg>${Today_Date.split('-')[2]}</arg>
<doc>Converts the given item to an integer number.</doc>
<msg timestamp="20230911 12:27:21.262" level="INFO">${day} = 11</msg>
<status status="PASS" starttime="20230911 12:27:21.262" endtime="20230911 12:27:21.262"/>
</kw>
<kw name="Create List" library="BuiltIn">
<var>${date_list}</var>
<doc>Returns a list containing given items.</doc>
<msg timestamp="20230911 12:27:21.262" level="INFO">${date_list} = []</msg>
<status status="PASS" starttime="20230911 12:27:21.262" endtime="20230911 12:27:21.262"/>
</kw>
<while condition="len(${date_list}) &lt; 7">
<iter>
<kw name="Evaluate" library="BuiltIn">
<var>${day_len}</var>
<arg>len('${day}')</arg>
<doc>Evaluates the given expression in Python and returns the result.</doc>
<msg timestamp="20230911 12:27:21.262" level="INFO">${day_len} = 2</msg>
<status status="PASS" starttime="20230911 12:27:21.262" endtime="20230911 12:27:21.262"/>
</kw>
<if>
<branch type="IF" condition="${day_len} &lt; 2">
<kw name="Append To List" library="Collections">
<arg>${date_list}</arg>
<arg>${year}-${month}-0${day}</arg>
<doc>Adds ``values`` to the end of ``list``.</doc>
<status status="NOT RUN" starttime="20230911 12:27:21.262" endtime="20230911 12:27:21.262"/>
</kw>
<status status="NOT RUN" starttime="20230911 12:27:21.262" endtime="20230911 12:27:21.262"/>
</branch>
<branch type="ELSE">
<kw name="Append To List" library="Collections">
<arg>${date_list}</arg>
<arg>${year}-${month}-${day}</arg>
<doc>Adds ``values`` to the end of ``list``.</doc>
<status status="PASS" starttime="20230911 12:27:21.262" endtime="20230911 12:27:21.262"/>
</kw>
<status status="PASS" starttime="20230911 12:27:21.262" endtime="20230911 12:27:21.262"/>
</branch>
<status status="PASS" starttime="20230911 12:27:21.262" endtime="20230911 12:27:21.262"/>
</if>
<kw name="Evaluate" library="BuiltIn">
<var>${day}</var>
<arg>${day} + 1</arg>
<doc>Evaluates the given expression in Python and returns the result.</doc>
<msg timestamp="20230911 12:27:21.262" level="INFO">${day} = 12</msg>
<status status="PASS" starttime="20230911 12:27:21.262" endtime="20230911 12:27:21.262"/>
</kw>
<kw name="Set Variable" library="BuiltIn">
<var>${Today_Date}</var>
<arg>${year}-${month}-${day}</arg>
<doc>Returns the given values which can then be assigned to a variables.</doc>
<msg timestamp="20230911 12:27:21.262" level="INFO">${Today_Date} = 2023-09-12</msg>
<status status="PASS" starttime="20230911 12:27:21.262" endtime="20230911 12:27:21.262"/>
</kw>
<status status="PASS" starttime="20230911 12:27:21.262" endtime="20230911 12:27:21.262"/>
</iter>
<iter>
<kw name="Evaluate" library="BuiltIn">
<var>${day_len}</var>
<arg>len('${day}')</arg>
<doc>Evaluates the given expression in Python and returns the result.</doc>
<msg timestamp="20230911 12:27:21.262" level="INFO">${day_len} = 2</msg>
[...]
<value>@{days}</value>
<iter>
<var name="${i}">2023-09-11</var>
<kw name="Set Selenium Speed" library="SeleniumLibrary">
<arg>3s</arg>
<doc>Sets the delay that is waited after each Selenium command.</doc>
<status status="PASS" starttime="20230911 12:39:55.289" endtime="20230911 12:39:55.289"/>
</kw>
<kw name="Mouse Over" library="SeleniumLibrary">
<arg>${TimeSheet_TaskDelete}</arg>
<doc>Simulates hovering the mouse over the element ``locator``.</doc>
<msg timestamp="20230911 12:39:55.289" level="INFO">Simulating Mouse Over on element 'xpath://div[@class='actionsButton___12SV-']/img[3]'.</msg>
<status status="PASS" starttime="20230911 12:39:55.289" endtime="20230911 12:40:01.575"/>
</kw>
<kw name="Click Element" library="SeleniumLibrary">
<arg>${TimeSheet_TaskDelete}</arg>
<doc>Click the element identified by ``locator``.</doc>
<msg timestamp="20230911 12:40:01.575" level="INFO">Clicking element 'xpath://div[@class='actionsButton___12SV-']/img[3]'.</msg>
<status status="PASS" starttime="20230911 12:40:01.575" endtime="20230911 12:40:07.649"/>
</kw>
<kw name="Mouse Over" library="SeleniumLibrary">
<arg>${TimeSheet_TaskDelete_Yes}</arg>
<doc>Simulates hovering the mouse over the element ``locator``.</doc>
<msg timestamp="20230911 12:40:07.649" level="INFO">Simulating Mouse Over on element 'xpath://button[@type='submit']'.</msg>
<status status="PASS" starttime="20230911 12:40:07.649" endtime="20230911 12:40:13.941"/>
</kw>
<kw name="Click Element" library="SeleniumLibrary">
<arg>${TimeSheet_TaskDelete_Yes}</arg>
<doc>Click the element identified by ``locator``.</doc>
<msg timestamp="20230911 12:40:13.941" level="INFO">Clicking element 'xpath://button[@type='submit']'.</msg>
<status status="PASS" starttime="20230911 12:40:13.941" endtime="20230911 12:40:20.015"/>
</kw>
<kw name="Mouse Over" library="SeleniumLibrary">
<arg>${TimeSheet_NextDate}</arg>
<doc>Simulates hovering the mouse over the element ``locator``.</doc>
<msg timestamp="20230911 12:40:20.015" level="INFO">Simulating Mouse Over on element 'xpath://div[@class='MyArrowDatePicker']/button[2]'.</msg>
<status status="PASS" starttime="20230911 12:40:20.015" endtime="20230911 12:40:26.292"/>
</kw>
<kw name="Click Element" library="SeleniumLibrary">
<arg>${TimeSheet_NextDate}</arg>
<doc>Click the element identified by ``locator``.</doc>
<msg timestamp="20230911 12:40:26.292" level="INFO">Clicking element 'xpath://div[@class='MyArrowDatePicker']/button[2]'.</msg>
<status status="PASS" starttime="20230911 12:40:26.292" endtime="20230911 12:40:32.343"/>
</kw>
<status status="PASS" starttime="20230911 12:39:55.289" endtime="20230911 12:40:32.343"/>
</iter>
<iter>
<var name="${i}">2023-09-12</var>
<kw name="Set Selenium Speed" library="SeleniumLibrary">
<arg>3s</arg>
<doc>Sets the delay that is waited after each Selenium command.</doc>
<status status="PASS" starttime="20230911 12:40:32.343" endtime="20230911 12:40:32.343"/>
</kw>
<kw name="Mouse Over" library="SeleniumLibrary">
<arg>${TimeSheet_TaskDelete}</arg>
<doc>Simulates hovering the mouse over the element ``locator``.</doc>
<msg timestamp="20230911 12:40:32.343" level="INFO">Simulating Mouse Over on element 'xpath://div[@class='actionsButton___12SV-']/img[3]'.</msg>
<status status="PASS" starttime="20230911 12:40:32.343" endtime="20230911 12:40:38.623"/>
</kw>
<kw name="Click Element" library="SeleniumLibrary">
<arg>${TimeSheet_TaskDelete}</arg>
<doc>Click the element identified by ``locator``.</doc>
<msg timestamp="20230911 12:40:38.623" level="INFO">Clicking element 'xpath://div[@class='actionsButton___12SV-']/img[3]'.</msg>
<status status="PASS" starttime="20230911 12:40:38.623" endtime="20230911 12:40:44.685"/>
</kw>
<kw name="Mouse Over" library="SeleniumLibrary">
<arg>${TimeSheet_TaskDelete_Yes}</arg>
<doc>Simulates hovering the mouse over the element ``locator``.</doc>
<msg timestamp="20230911 12:40:44.685" level="INFO">Simulating Mouse Over on element 'xpath://button[@type='submit']'.</msg>
<status status="PASS" starttime="20230911 12:40:44.685" endtime="20230911 12:40:50.973"/>
</kw>
<kw name="Click Element" library="SeleniumLibrary">
<arg>${TimeSheet_TaskDelete_Yes}</arg>
<doc>Click the element identified by ``locator``.</doc>
<msg timestamp="20230911 12:40:50.973" level="INFO">Clicking element 'xpath://button[@type='submit']'.</msg>
<status status="PASS" starttime="20230911 12:40:50.973" endtime="20230911 12:40:57.032"/>
</kw>
<kw name="Mouse Over" library="SeleniumLibrary">
<arg>${TimeSheet_NextDate}</arg>
<doc>Simulates hovering the mouse over the element ``locator``.</doc>
<msg timestamp="20230911 12:40:57.032" level="INFO">Simulating Mouse Over on element 'xpath://div[@class='MyArrowDatePicker']/button[2]'.</msg>
<status status="PASS" starttime="20230911 12:40:57.032" endtime="20230911 12:41:03.314"/>
</kw>
<kw name="Click Element" library="SeleniumLibrary">
<arg>${TimeSheet_NextDate}</arg>
<doc>Click the element identified by ``locator``.</doc>
<msg timestamp="20230911 12:41:03.314" level="INFO">Clicking element 'xpath://div[@class='MyArrowDatePicker']/button[2]'.</msg>
<status status="PASS" starttime="20230911 12:41:03.314" endtime="20230911 12:41:09.362"/>
</kw>
<status status="PASS" starttime="20230911 12:40:32.343" endtime="20230911 12:41:09.362"/>
</iter>
<iter>
<var name="${i}">2023-09-13</var>
<kw name="Set Selenium Speed" library="SeleniumLibrary">
<arg>3s</arg>
<doc>Sets the delay that is waited after each Selenium command.</doc>
<status status="PASS" starttime="20230911 12:41:09.362" endtime="20230911 12:41:09.362"/>
</kw>
<kw name="Mouse Over" library="SeleniumLibrary">
<arg>${TimeSheet_TaskDelete}</arg>
<doc>Simulates hovering the mouse over the element ``locator``.</doc>
<msg timestamp="20230911 12:41:09.362" level="INFO">Simulating Mouse Over on element 'xpath://div[@class='actionsButton___12SV-']/img[3]'.</msg>
<status status="PASS" starttime="20230911 12:41:09.362" endtime="20230911 12:41:15.639"/>
</kw>
<kw name="Click Element" library="SeleniumLibrary">
<arg>${TimeSheet_TaskDelete}</arg>
<doc>Click the element identified by ``locator``.</doc>
<msg timestamp="20230911 12:41:15.639" level="INFO">Clicking element 'xpath://div[@class='actionsButton___12SV-']/img[3]'.</msg>
<status status="PASS" starttime="20230911 12:41:15.639" endtime="20230911 12:41:21.705"/>
</kw>
<kw name="Mouse Over" library="SeleniumLibrary">
<arg>${TimeSheet_TaskDelete_Yes}</arg>
<doc>Simulates hovering the mouse over the element ``locator``.</doc>
<msg timestamp="20230911 12:41:21.705" level="INFO">Simulating Mouse Over on element 'xpath://button[@type='submit']'.</msg>
<status status="PASS" starttime="20230911 12:41:21.705" endtime="20230911 12:41:27.988"/>
</kw>
<kw name="Click Element" library="SeleniumLibrary">
<arg>${TimeSheet_TaskDelete_Yes}</arg>
<doc>Click the element identified by ``locator``.</doc>
<msg timestamp="20230911 12:41:27.988" level="INFO">Clicking element 'xpath://button[@type='submit']'.</msg>
<status status="PASS" starttime="20230911 12:41:27.988" endtime="20230911 12:41:34.051"/>
</kw>
<kw name="Mouse Over" library="SeleniumLibrary">
<arg>${TimeSheet_NextDate}</arg>
<doc>Simulates hovering the mouse over the element ``locator``.</doc>
<msg timestamp="20230911 12:41:34.051" level="INFO">Simulating Mouse Over on element 'xpath://div[@class='MyArrowDatePicker']/button[2]'.</msg>
<status status="PASS" starttime="20230911 12:41:34.051" endtime="20230911 12:41:40.333"/>
</kw>
<kw name="Click Element" library="SeleniumLibrary">
<arg>${TimeSheet_NextDate}</arg>
<doc>Click the element identified by ``locator``.</doc>
<msg timestamp="20230911 12:41:40.333" level="INFO">Clicking element 'xpath://div[@class='MyArrowDatePicker']/button[2]'.</msg>
<status status="PASS" starttime="20230911 12:41:40.333" endtime="20230911 12:41:46.382"/>
</kw>
<status status="PASS" starttime="20230911 12:41:09.362" endtime="20230911 12:41:46.382"/>
</iter>
<iter>
<var name="${i}">2023-09-14</var>
<kw name="Set Selenium Speed" library="SeleniumLibrary">
<arg>3s</arg>
<doc>Sets the delay that is waited after each Selenium command.</doc>
<status status="PASS" starttime="20230911 12:41:46.382" endtime="20230911 12:41:46.382"/>
</kw>
<kw name="Mouse Over" library="SeleniumLibrary">
<arg>${TimeSheet_TaskDelete}</arg>
<doc>Simulates hovering the mouse over the element ``locator``.</doc>
<msg timestamp="20230911 12:41:46.382" level="INFO">Simulating Mouse Over on element 'xpath://div[@class='actionsButton___12SV-']/img[3]'.</msg>
<status status="PASS" starttime="20230911 12:41:46.382" endtime="20230911 12:41:52.670"/>
</kw>
<kw name="Click Element" library="SeleniumLibrary">
<arg>${TimeSheet_TaskDelete}</arg>
<doc>Click the element identified by ``locator``.</doc>
<msg timestamp="20230911 12:41:52.670" level="INFO">Clicking element 'xpath://div[@class='actionsButton___12SV-']/img[3]'.</msg>
<status status="PASS" starttime="20230911 12:41:52.670" endtime="20230911 12:41:58.732"/>
</kw>
<kw name="Mouse Over" library="SeleniumLibrary">
<arg>${TimeSheet_TaskDelete_Yes}</arg>
<doc>Simulates hovering the mouse over the element ``locator``.</doc>
<msg timestamp="20230911 12:41:58.732" level="INFO">Simulating Mouse Over on element 'xpath://button[@type='submit']'.</msg>
<status status="PASS" starttime="20230911 12:41:58.732" endtime="20230911 12:42:05.020"/>
</kw>
<kw name="Click Element" library="SeleniumLibrary">
<arg>${TimeSheet_TaskDelete_Yes}</arg>
<doc>Click the element identified by ``locator``.</doc>
<msg timestamp="20230911 12:42:05.020" level="INFO">Clicking element 'xpath://button[@type='submit']'.</msg>
<status status="PASS" starttime="20230911 12:42:05.020" endtime="20230911 12:42:11.078"/>
</kw>
<kw name="Mouse Over" library="SeleniumLibrary">
<arg>${TimeSheet_NextDate}</arg>
<doc>Simulates hovering the mouse over the element ``locator``.</doc>
<msg timestamp="20230911 12:42:11.078" level="INFO">Simulating Mouse Over on element 'xpath://div[@class='MyArrowDatePicker']/button[2]'.</msg>
<status status="PASS" starttime="20230911 12:42:11.078" endtime="20230911 12:42:17.372"/>
</kw>
<kw name="Click Element" library="SeleniumLibrary">
<arg>${TimeSheet_NextDate}</arg>
<doc>Click the element identified by ``locator``.</doc>
<msg timestamp="20230911 12:42:17.372" level="INFO">Clicking element 'xpath://div[@class='MyArrowDatePicker']/button[2]'.</msg>
<status status="PASS" starttime="20230911 12:42:17.372" endtime="20230911 12:42:23.424"/>
</kw>
<status status="PASS" starttime="20230911 12:41:46.382" endtime="20230911 12:42:23.424"/>
</iter>
<iter>
<var name="${i}">2023-09-15</var>
<kw name="Set Selenium Speed" library="SeleniumLibrary">
<arg>3s</arg>
<doc>Sets the delay that is waited after each Selenium command.</doc>
<status status="PASS" starttime="20230911 12:42:23.424" endtime="20230911 12:42:23.424"/>
</kw>
<kw name="Mouse Over" library="SeleniumLibrary">
<arg>${TimeSheet_TaskDelete}</arg>
<doc>Simulates hovering the mouse over the element ``locator``.</doc>
<msg timestamp="20230911 12:42:23.424" level="INFO">Simulating Mouse Over on element 'xpath://div[@class='actionsButton___12SV-']/img[3]'.</msg>
<status status="PASS" starttime="20230911 12:42:23.424" endtime="20230911 12:42:29.701"/>
</kw>
<kw name="Click Element" library="SeleniumLibrary">
<arg>${TimeSheet_TaskDelete}</arg>
<doc>Click the element identified by ``locator``.</doc>
<msg timestamp="20230911 12:42:29.701" level="INFO">Clicking element 'xpath://div[@class='actionsButton___12SV-']/img[3]'.</msg>
<status status="PASS" starttime="20230911 12:42:29.701" endtime="20230911 12:42:35.764"/>
</kw>
<kw name="Mouse Over" library="SeleniumLibrary">
<arg>${TimeSheet_TaskDelete_Yes}</arg>
<doc>Simulates hovering the mouse over the element ``locator``.</doc>
<msg timestamp="20230911 12:42:35.764" level="INFO">Simulating Mouse Over on element 'xpath://button[@type='submit']'.</msg>
<status status="PASS" starttime="20230911 12:42:35.764" endtime="20230911 12:42:42.051"/>
</kw>
<kw name="Click Element" library="SeleniumLibrary">
<arg>${TimeSheet_TaskDelete_Yes}</arg>
<doc>Click the element identified by ``locator``.</doc>
<msg timestamp="20230911 12:42:42.051" level="INFO">Clicking element 'xpath://button[@type='submit']'.</msg>
<status status="PASS" starttime="20230911 12:42:42.051" endtime="20230911 12:42:48.108"/>
</kw>
<kw name="Mouse Over" library="SeleniumLibrary">
<arg>${TimeSheet_NextDate}</arg>
<doc>Simulates hovering the mouse over the element ``locator``.</doc>
<msg timestamp="20230911 12:42:48.108" level="INFO">Simulating Mouse Over on element 'xpath://div[@class='MyArrowDatePicker']/button[2]'.</msg>
<status status="PASS" starttime="20230911 12:42:48.108" endtime="20230911 12:42:54.385"/>
</kw>
<kw name="Click Element" library="SeleniumLibrary">
<arg>${TimeSheet_NextDate}</arg>
<doc>Click the element identified by ``locator``.</doc>
<msg timestamp="20230911 12:42:54.385" level="INFO">Clicking element 'xpath://div[@class='MyArrowDatePicker']/button[2]'.</msg>
<status status="PASS" starttime="20230911 12:42:54.385" endtime="20230911 12:43:00.433"/>
</kw>
<status status="PASS" starttime="20230911 12:42:23.424" endtime="20230911 12:43:00.433"/>
</iter>
<iter>
<var name="${i}">2023-09-16</var>
<kw name="Set Selenium Speed" library="SeleniumLibrary">
<arg>3s</arg>
<doc>Sets the delay that is waited after each Selenium command.</doc>
<status status="PASS" starttime="20230911 12:43:00.433" endtime="20230911 12:43:00.433"/>
</kw>
<kw name="Mouse Over" library="SeleniumLibrary">
<arg>${TimeSheet_TaskDelete}</arg>
<doc>Simulates hovering the mouse over the element ``locator``.</doc>
<msg timestamp="20230911 12:43:00.433" level="INFO">Simulating Mouse Over on element 'xpath://div[@class='actionsButton___12SV-']/img[3]'.</msg>
<status status="PASS" starttime="20230911 12:43:00.433" endtime="20230911 12:43:06.717"/>
</kw>
<kw name="Click Element" library="SeleniumLibrary">
<arg>${TimeSheet_TaskDelete}</arg>
<doc>Click the element identified by ``locator``.</doc>
<msg timestamp="20230911 12:43:06.717" level="INFO">Clicking element 'xpath://div[@class='actionsButton___12SV-']/img[3]'.</msg>
<status status="PASS" starttime="20230911 12:43:06.717" endtime="20230911 12:43:12.780"/>
</kw>
<kw name="Mouse Over" library="SeleniumLibrary">
<arg>${TimeSheet_TaskDelete_Yes}</arg>
<doc>Simulates hovering the mouse over the element ``locator``.</doc>
<msg timestamp="20230911 12:43:12.780" level="INFO">Simulating Mouse Over on element 'xpath://button[@type='submit']'.</msg>
<status status="PASS" starttime="20230911 12:43:12.780" endtime="20230911 12:43:19.066"/>
</kw>
<kw name="Click Element" library="SeleniumLibrary">
<arg>${TimeSheet_TaskDelete_Yes}</arg>
<doc>Click the element identified by ``locator``.</doc>
<msg timestamp="20230911 12:43:19.066" level="INFO">Clicking element 'xpath://button[@type='submit']'.</msg>
<status status="PASS" starttime="20230911 12:43:19.066" endtime="20230911 12:43:25.122"/>
</kw>
<kw name="Mouse Over" library="SeleniumLibrary">
<arg>${TimeSheet_NextDate}</arg>
<doc>Simulates hovering the mouse over the element ``locator``.</doc>
<msg timestamp="20230911 12:43:25.122" level="INFO">Simulating Mouse Over on element 'xpath://div[@class='MyArrowDatePicker']/button[2]'.</msg>
<status status="PASS" starttime="20230911 12:43:25.122" endtime="20230911 12:43:31.400"/>
</kw>
<kw name="Click Element" library="SeleniumLibrary">
<arg>${TimeSheet_NextDate}</arg>
<doc>Click the element identified by ``locator``.</doc>
<msg timestamp="20230911 12:43:31.400" level="INFO">Clicking element 'xpath://div[@class='MyArrowDatePicker']/button[2]'.</msg>
<status status="PASS" starttime="20230911 12:43:31.400" endtime="20230911 12:43:37.451"/>
</kw>
<status status="PASS" starttime="20230911 12:43:00.433" endtime="20230911 12:43:37.451"/>
</iter>
<iter>
<var name="${i}">2023-09-17</var>
<kw name="Set Selenium Speed" library="SeleniumLibrary">
<arg>3s</arg>
<doc>Sets the delay that is waited after each Selenium command.</doc>
<status status="PASS" starttime="20230911 12:43:37.451" endtime="20230911 12:43:37.451"/>
</kw>
<kw name="Mouse Over" library="SeleniumLibrary">
<arg>${TimeSheet_TaskDelete}</arg>
<doc>Simulates hovering the mouse over the element ``locator``.</doc>
<msg timestamp="20230911 12:43:37.451" level="INFO">Simulating Mouse Over on element 'xpath://div[@class='actionsButton___12SV-']/img[3]'.</msg>
<status status="PASS" starttime="20230911 12:43:37.451" endtime="20230911 12:43:43.731"/>
</kw>
<kw name="Click Element" library="SeleniumLibrary">
<arg>${TimeSheet_TaskDelete}</arg>
<doc>Click the element identified by ``locator``.</doc>
<msg timestamp="20230911 12:43:43.731" level="INFO">Clicking element 'xpath://div[@class='actionsButton___12SV-']/img[3]'.</msg>
<status status="PASS" starttime="20230911 12:43:43.731" endtime="20230911 12:43:49.793"/>
</kw>
<kw name="Mouse Over" library="SeleniumLibrary">
<arg>${TimeSheet_TaskDelete_Yes}</arg>
<doc>Simulates hovering the mouse over the element ``locator``.</doc>
<msg timestamp="20230911 12:43:49.793" level="INFO">Simulating Mouse Over on element 'xpath://button[@type='submit']'.</msg>
<status status="PASS" starttime="20230911 12:43:49.793" endtime="20230911 12:43:56.081"/>
</kw>
<kw name="Click Element" library="SeleniumLibrary">
<arg>${TimeSheet_TaskDelete_Yes}</arg>
<doc>Click the element identified by ``locator``.</doc>
<msg timestamp="20230911 12:43:56.081" level="INFO">Clicking element 'xpath://button[@type='submit']'.</msg>
<status status="PASS" starttime="20230911 12:43:56.081" endtime="20230911 12:44:02.137"/>
</kw>
<kw name="Mouse Over" library="SeleniumLibrary">
<arg>${TimeSheet_NextDate}</arg>
<doc>Simulates hovering the mouse over the element ``locator``.</doc>
<msg timestamp="20230911 12:44:02.137" level="INFO">Simulating Mouse Over on element 'xpath://div[@class='MyArrowDatePicker']/button[2]'.</msg>
<status status="PASS" starttime="20230911 12:44:02.137" endtime="20230911 12:44:08.416"/>
</kw>
<kw name="Click Element" library="SeleniumLibrary">
<arg>${TimeSheet_NextDate}</arg>
<doc>Click the element identified by ``locator``.</doc>
<msg timestamp="20230911 12:44:08.416" level="INFO">Clicking element 'xpath://div[@class='MyArrowDatePicker']/button[2]'.</msg>
<status status="PASS" starttime="20230911 12:44:08.416" endtime="20230911 12:44:14.466"/>
</kw>
<status status="PASS" starttime="20230911 12:43:37.451" endtime="20230911 12:44:14.466"/>
</iter>
<status status="PASS" starttime="20230911 12:39:55.289" endtime="20230911 12:44:14.466"/>
</for>
<status status="PASS" starttime="20230911 12:39:26.833" endtime="20230911 12:44:14.466"/>
</kw>
<status status="PASS" starttime="20230911 12:39:26.833" endtime="20230911 12:44:14.466"/>
</test>
<status status="PASS" starttime="20230911 12:16:35.892" endtime="20230911 12:44:14.466"/>
</suite>
<status status="PASS" starttime="20230911 12:16:35.892" endtime="20230911 12:44:14.466"/>
</suite>
<status status="PASS" starttime="20230911 12:16:35.892" endtime="20230911 12:44:14.466"/>
</suite>
<status status="PASS" starttime="20230911 12:16:35.892" endtime="20230911 12:44:14.466"/>
</suite>
<status status="PASS" starttime="20230911 12:16:35.877" endtime="20230911 12:44:14.466"/>
</suite>
<statistics>
<total>
<stat pass="5" fail="0" skip="0">All Tests</stat>
</total>
<tag>
<stat pass="1" fail="0" skip="0">login</stat>
</tag>
<suite>
<stat pass="5" fail="0" skip="0" id="s1" name="MyProject Root Folder">MyProject Root Folder</stat>
<stat pass="5" fail="0" skip="0" id="s1-s1" name="Framework">MyProject Root Folder.Framework</stat>
<stat pass="5" fail="0" skip="0" id="s1-s1-s1" name="TestCycles">MyProject Root Folder.Framework.TestCycles</stat>
<stat pass="5" fail="0" skip="0" id="s1-s1-s1-s1" name="Module 4">MyProject Root Folder.Framework.TestCycles.Module 4</stat>
<stat pass="5" fail="0" skip="0" id="s1-s1-s1-s1-s1" name="TestCase For HR-OS">MyProject Root Folder.Framework.TestCycles.Module 4.TestCase For HR-OS</stat>
</suite>
</statistics>
<errors>
</errors>
</robot>
