<?xml version="1.0" encoding="UTF-8"?>
<robot generator="Robot 6.1.1 (Python 3.11.2 on win32)" generated="20230911 11:05:24.505" rpa="false" schemaversion="4">
<suite id="s1" name="MyProject Root Folder" source="C:\Users\ChanikyaN-3227\PycharmProjects\MyProject Root Folder">
<suite id="s1-s1" name="Framework" source="C:\Users\ChanikyaN-3227\PycharmProjects\MyProject Root Folder\Framework">
<suite id="s1-s1-s1" name="TestCycles" source="C:\Users\ChanikyaN-3227\PycharmProjects\MyProject Root Folder\Framework\TestCycles">
<suite id="s1-s1-s1-s1" name="Module 4" source="C:\Users\ChanikyaN-3227\PycharmProjects\MyProject Root Folder\Framework\TestCycles\Module 4">
<suite id="s1-s1-s1-s1-s1" name="TestCase For HR-OS" source="C:\Users\ChanikyaN-3227\PycharmProjects\MyProject Root Folder\Framework\TestCycles\Module 4\TestCase_For_HR-OS.robot">
<test id="s1-s1-s1-s1-s1-t1" name="Login To HROS" line="8">
<kw name="Open HROS" library="HROS_PO">
<kw name="Open Browser" library="SeleniumLibrary">
<arg>${HROS_URL}</arg>
<arg>chrome</arg>
<doc>Opens a new browser instance to the optional ``url``.</doc>
<msg timestamp="20230911 11:05:24.802" level="INFO">Opening browser 'chrome' to base url 'https://terralogic.paxanimi.ai/home'.</msg>
<status status="PASS" starttime="20230911 11:05:24.802" endtime="20230911 11:05:30.113"/>
</kw>
<kw name="Maximize Browser Window" library="SeleniumLibrary">
<doc>Maximizes current browser window.</doc>
<status status="PASS" starttime="20230911 11:05:30.113" endtime="20230911 11:05:30.239"/>
</kw>
<status status="PASS" starttime="20230911 11:05:24.802" endtime="20230911 11:05:30.239"/>
</kw>
<kw name="Login HROS" library="HROS_keywords">
<arg>chanikya.varma@terralogic.com</arg>
<arg>Hiddenleaf@7</arg>
<kw name="Wait Until Element Is Visible" library="SeleniumLibrary">
<arg>${Google_Login}</arg>
<arg>15s</arg>
<doc>Waits until the element ``locator`` is visible.</doc>
<status status="PASS" starttime="20230911 11:05:30.239" endtime="20230911 11:05:31.198"/>
</kw>
<kw name="Click Element" library="SeleniumLibrary">
<arg>${Google_Login}</arg>
<doc>Click the element identified by ``locator``.</doc>
<msg timestamp="20230911 11:05:31.198" level="INFO">Clicking element 'xpath://form[@id='basic']/button[2]'.</msg>
<status status="PASS" starttime="20230911 11:05:31.198" endtime="20230911 11:05:31.273"/>
</kw>
<kw name="Sleep" library="BuiltIn">
<arg>3</arg>
<doc>Pauses the test executed for the given time.</doc>
<msg timestamp="20230911 11:05:34.275" level="INFO">Slept 3 seconds</msg>
<status status="PASS" starttime="20230911 11:05:31.273" endtime="20230911 11:05:34.275"/>
</kw>
<kw name="Get Window Handles" library="SeleniumLibrary">
<var>${handles}</var>
<doc>Returns all child window handles of the selected browser as a list.</doc>
<msg timestamp="20230911 11:05:34.358" level="INFO">${handles} = ['BAA2C4A86EAA0A3C3F2219F77EF702C8', '37B592D6F4D3593E3C86DCCA58F27AAB']</msg>
<status status="PASS" starttime="20230911 11:05:34.275" endtime="20230911 11:05:34.358"/>
</kw>
<kw name="Switch Window" library="SeleniumLibrary">
<arg>${handles}[1]</arg>
<doc>Switches to browser window matching ``locator``.</doc>
<status status="PASS" starttime="20230911 11:05:34.358" endtime="20230911 11:05:34.418"/>
</kw>
<kw name="Input Text" library="SeleniumLibrary">
<arg>${Email}</arg>
<arg>${username}</arg>
<doc>Types the given ``text`` into the text field identified by ``locator``.</doc>
<msg timestamp="20230911 11:05:34.419" level="INFO">Typing text 'chanikya.varma@terralogic.com' into text field 'id:identifierId'.</msg>
<status status="PASS" starttime="20230911 11:05:34.418" endtime="20230911 11:05:34.675"/>
</kw>
<kw name="Click Element" library="SeleniumLibrary">
<arg>${Next}</arg>
<doc>Click the element identified by ``locator``.</doc>
<msg timestamp="20230911 11:05:34.675" level="INFO">Clicking element 'xpath://button/span[.='Next']'.</msg>
<status status="PASS" starttime="20230911 11:05:34.675" endtime="20230911 11:05:34.827"/>
</kw>
<kw name="Sleep" library="BuiltIn">
<arg>3</arg>
<doc>Pauses the test executed for the given time.</doc>
<msg timestamp="20230911 11:05:37.828" level="INFO">Slept 3 seconds</msg>
<status status="PASS" starttime="20230911 11:05:34.827" endtime="20230911 11:05:37.828"/>
</kw>
<kw name="Input Text" library="SeleniumLibrary">
<arg>${pass}</arg>
<arg>${password}</arg>
<doc>Types the given ``text`` into the text field identified by ``locator``.</doc>
<msg timestamp="20230911 11:05:37.831" level="INFO">Typing text 'Hiddenleaf@7' into text field 'name:Passwd'.</msg>
<status status="PASS" starttime="20230911 11:05:37.829" endtime="20230911 11:05:37.948"/>
</kw>
<kw name="Click Element" library="SeleniumLibrary">
<arg>${Next}</arg>
<doc>Click the element identified by ``locator``.</doc>
<msg timestamp="20230911 11:05:37.948" level="INFO">Clicking element 'xpath://button/span[.='Next']'.</msg>
<status status="PASS" starttime="20230911 11:05:37.948" endtime="20230911 11:05:38.032"/>
</kw>
<kw name="Sleep" library="BuiltIn">
<arg>35</arg>
<doc>Pauses the test executed for the given time.</doc>
<msg timestamp="20230911 11:06:13.033" level="INFO">Slept 35 seconds</msg>
<status status="PASS" starttime="20230911 11:05:38.032" endtime="20230911 11:06:13.033"/>
</kw>
<kw name="Switch Window" library="SeleniumLibrary">
<arg>${handles}[0]</arg>
<doc>Switches to browser window matching ``locator``.</doc>
<status status="PASS" starttime="20230911 11:06:13.033" endtime="20230911 11:06:13.048"/>
</kw>
<status status="PASS" starttime="20230911 11:05:30.239" endtime="20230911 11:06:13.048"/>
</kw>
<kw name="Validate Login" library="HROS_keywords">
<kw name="Wait Until Element Is Visible" library="SeleniumLibrary">
<arg>${Top_Menu_Profile}</arg>
<doc>Waits until the element ``locator`` is visible.</doc>
<status status="PASS" starttime="20230911 11:06:13.048" endtime="20230911 11:06:13.079"/>
</kw>
<kw name="Page Should Contain Element" library="SeleniumLibrary">
<arg>${Top_Menu_Profile}</arg>
<doc>Verifies that element ``locator`` is found on the current page.</doc>
<msg timestamp="20230911 11:06:13.095" level="INFO">Current page contains element 'xpath://div[@class='Header___1wPd_']/div[2]/span'.</msg>
<status status="PASS" starttime="20230911 11:06:13.079" endtime="20230911 11:06:13.095"/>
</kw>
<kw name="Log To Console" library="BuiltIn">
<arg>${\n}HR-OS Login Successful</arg>
<doc>Logs the given message to the console.</doc>
<status status="PASS" starttime="20230911 11:06:13.095" endtime="20230911 11:06:13.095"/>
</kw>
<kw name="Click Element" library="SeleniumLibrary">
<arg>${Top_Menu_Profile}</arg>
<doc>Click the element identified by ``locator``.</doc>
<msg timestamp="20230911 11:06:13.095" level="INFO">Clicking element 'xpath://div[@class='Header___1wPd_']/div[2]/span'.</msg>
<status status="PASS" starttime="20230911 11:06:13.095" endtime="20230911 11:06:13.158"/>
</kw>
<kw name="Sleep" library="BuiltIn">
<arg>3</arg>
<doc>Pauses the test executed for the given time.</doc>
<msg timestamp="20230911 11:06:16.158" level="INFO">Slept 3 seconds</msg>
<status status="PASS" starttime="20230911 11:06:13.158" endtime="20230911 11:06:16.158"/>
</kw>
<status status="PASS" starttime="20230911 11:06:13.048" endtime="20230911 11:06:16.158"/>
</kw>
<tag>login</tag>
<status status="PASS" starttime="20230911 11:05:24.802" endtime="20230911 11:06:16.159"/>
</test>
<test id="s1-s1-s1-s1-s1-t2" name="Fill TimeSheet Daily" line="14">
<kw name="Fill Time Sheet for a week on Daily basis" library="HROS_keywords">
<arg>9:00 am</arg>
<arg>6:00 pm</arg>
<arg>Rampup_S</arg>
<arg>UI Automation</arg>
<arg>Worked on Automation Task.</arg>
<kw name="Wait Until Element Is Visible" library="SeleniumLibrary">
<arg>${Left_Menu_TimeSheet}</arg>
<doc>Waits until the element ``locator`` is visible.</doc>
<status status="PASS" starttime="20230911 11:06:16.161" endtime="20230911 11:06:16.184"/>
</kw>
<kw name="Mouse Over" library="SeleniumLibrary">
<arg>${Left_Menu_TimeSheet}</arg>
<doc>Simulates hovering the mouse over the element ``locator``.</doc>
<msg timestamp="20230911 11:06:16.184" level="INFO">Simulating Mouse Over on element 'xpath:(//span[@class='ant-menu-title-content'])[7]'.</msg>
<status status="PASS" starttime="20230911 11:06:16.184" endtime="20230911 11:06:16.474"/>
</kw>
<kw name="Click Element" library="SeleniumLibrary">
<arg>${Left_Menu_TimeSheet}</arg>
<doc>Click the element identified by ``locator``.</doc>
<msg timestamp="20230911 11:06:16.475" level="INFO">Clicking element 'xpath:(//span[@class='ant-menu-title-content'])[7]'.</msg>
<status status="PASS" starttime="20230911 11:06:16.475" endtime="20230911 11:06:16.590"/>
</kw>
<kw name="Sleep" library="BuiltIn">
<arg>10</arg>
<doc>Pauses the test executed for the given time.</doc>
<msg timestamp="20230911 11:06:26.591" level="INFO">Slept 10 seconds</msg>
<status status="PASS" starttime="20230911 11:06:16.590" endtime="20230911 11:06:26.591"/>
</kw>
<kw name="Get the Dates" library="HROS_keywords">
<var>${dates}</var>
<kw name="Get Current Date" library="DateTime">
<var>${Today_Date}</var>
<arg>result_format=%Y-%m-%d</arg>
<doc>Returns current local or UTC time with an optional increment.</doc>
<msg timestamp="20230911 11:06:26.591" level="INFO">${Today_Date} = 2023-09-11</msg>
<status status="PASS" starttime="20230911 11:06:26.591" endtime="20230911 11:06:26.591"/>
</kw>
<kw name="Convert To String" library="BuiltIn">
<var>${year}</var>
<arg>${Today_Date.split('-')[0]}</arg>
<doc>Converts the given item to a Unicode string.</doc>
<msg timestamp="20230911 11:06:26.591" level="INFO">${year} = 2023</msg>
<status status="PASS" starttime="20230911 11:06:26.591" endtime="20230911 11:06:26.591"/>
</kw>
<kw name="Convert To String" library="BuiltIn">
<var>${month}</var>
<arg>${Today_Date.split('-')[1]}</arg>
<doc>Converts the given item to a Unicode string.</doc>
<msg timestamp="20230911 11:06:26.591" level="INFO">${month} = 09</msg>
<status status="PASS" starttime="20230911 11:06:26.591" endtime="20230911 11:06:26.591"/>
</kw>
<kw name="Convert To Integer" library="BuiltIn">
<var>${day}</var>
<arg>${Today_Date.split('-')[2]}</arg>
<doc>Converts the given item to an integer number.</doc>
<msg timestamp="20230911 11:06:26.591" level="INFO">${day} = 11</msg>
<status status="PASS" starttime="20230911 11:06:26.591" endtime="20230911 11:06:26.591"/>
</kw>
<kw name="Create List" library="BuiltIn">
<var>${date_list}</var>
<doc>Returns a list containing given items.</doc>
<msg timestamp="20230911 11:06:26.591" level="INFO">${date_list} = []</msg>
<status status="PASS" starttime="20230911 11:06:26.591" endtime="20230911 11:06:26.591"/>
</kw>
<while condition="len(${date_list}) &lt; 7">
<iter>
<kw name="Evaluate" library="BuiltIn">
<var>${day_len}</var>
<arg>len('${day}')</arg>
<doc>Evaluates the given expression in Python and returns the result.</doc>
<msg timestamp="20230911 11:06:26.591" level="INFO">${day_len} = 2</msg>
<status status="PASS" starttime="20230911 11:06:26.591" endtime="20230911 11:06:26.591"/>
</kw>
<if>
<branch type="IF" condition="${day_len} &lt; 2">
<kw name="Append To List" library="Collections">
<arg>${date_list}</arg>
<arg>${year}-${month}-0${day}</arg>
<doc>Adds ``values`` to the end of ``list``.</doc>
<status status="NOT RUN" starttime="20230911 11:06:26.591" endtime="20230911 11:06:26.591"/>
</kw>
<status status="NOT RUN" starttime="20230911 11:06:26.591" endtime="20230911 11:06:26.591"/>
</branch>
<branch type="ELSE">
<kw name="Append To List" library="Collections">
<arg>${date_list}</arg>
<arg>${year}-${month}-${day}</arg>
<doc>Adds ``values`` to the end of ``list``.</doc>
<status status="PASS" starttime="20230911 11:06:26.591" endtime="20230911 11:06:26.591"/>
</kw>
<status status="PASS" starttime="20230911 11:06:26.591" endtime="20230911 11:06:26.591"/>
</branch>
<status status="PASS" starttime="20230911 11:06:26.591" endtime="20230911 11:06:26.591"/>
</if>
<kw name="Evaluate" library="BuiltIn">
<var>${day}</var>
<arg>${day} + 1</arg>
<doc>Evaluates the given expression in Python and returns the result.</doc>
<msg timestamp="20230911 11:06:26.591" level="INFO">${day} = 12</msg>
<status status="PASS" starttime="20230911 11:06:26.591" endtime="20230911 11:06:26.591"/>
</kw>
<kw name="Set Variable" library="BuiltIn">
<var>${Today_Date}</var>
<arg>${year}-${month}-${day}</arg>
<doc>Returns the given values which can then be assigned to a variables.</doc>
<msg timestamp="20230911 11:06:26.591" level="INFO">${Today_Date} = 2023-09-12</msg>
<status status="PASS" starttime="20230911 11:06:26.591" endtime="20230911 11:06:26.591"/>
</kw>
<status status="PASS" starttime="20230911 11:06:26.591" endtime="20230911 11:06:26.591"/>
</iter>
<iter>
<kw name="Evaluate" library="BuiltIn">
<var>${day_len}</var>
<arg>len('${day}')</arg>
<doc>Evaluates the given expression in Python and returns the result.</doc>
<msg timestamp="20230911 11:06:26.591" level="INFO">${day_len} = 2</msg>
<status status="PASS" starttime="20230911 11:06:26.591" endtime="20230911 11:06:26.591"/>
</kw>
<if>
<branch type="IF" condition="${day_len} &lt; 2">
<kw name="Append To List" library="Collections">
<arg>${date_list}</arg>
<arg>${year}-${month}-0${day}</arg>
<doc>Adds ``values`` to the end of ``list``.</doc>
<status status="NOT RUN" starttime="20230911 11:06:26.591" endtime="20230911 11:06:26.591"/>
</kw>
<status status="NOT RUN" starttime="20230911 11:06:26.591" endtime="20230911 11:06:26.591"/>
</branch>
<branch type="ELSE">
<kw name="Append To List" library="Collections">
<arg>${date_list}</arg>
<arg>${year}-${month}-${day}</arg>
<doc>Adds ``values`` to the end of ``list``.</doc>
<status status="PASS" starttime="20230911 11:06:26.591" endtime="20230911 11:06:26.591"/>
</kw>
<status status="PASS" starttime="20230911 11:06:26.591" endtime="20230911 11:06:26.591"/>
</branch>
<status status="PASS" starttime="20230911 11:06:26.591" endtime="20230911 11:06:26.591"/>
</if>
<kw name="Evaluate" library="BuiltIn">
<var>${day}</var>
<arg>${day} + 1</arg>
<doc>Evaluates the given expression in Python and returns the result.</doc>
<msg timestamp="20230911 11:06:26.591" level="INFO">${day} = 13</msg>
<status status="PASS" starttime="20230911 11:06:26.591" endtime="20230911 11:06:26.591"/>
</kw>
<kw name="Set Variable" library="BuiltIn">
<var>${Today_Date}</var>
<arg>${year}-${month}-${day}</arg>
<doc>Returns the given values which can then be assigned to a variables.</doc>
<msg timestamp="20230911 11:06:26.591" level="INFO">${Today_Date} = 2023-09-13</msg>
<status status="PASS" starttime="20230911 11:06:26.591" endtime="20230911 11:06:26.591"/>
</kw>
<status status="PASS" starttime="20230911 11:06:26.591" endtime="20230911 11:06:26.591"/>
</iter>
<iter>
<kw name="Evaluate" library="BuiltIn">
<var>${day_len}</var>
<arg>len('${day}')</arg>
<doc>Evaluates the given expression in Python and returns the result.</doc>
<msg timestamp="20230911 11:06:26.591" level="INFO">${day_len} = 2</msg>
<status status="PASS" starttime="20230911 11:06:26.591" endtime="20230911 11:06:26.591"/>
</kw>
<if>
<branch type="IF" condition="${day_len} &lt; 2">
<kw name="Append To List" library="Collections">
<arg>${date_list}</arg>
<arg>${year}-${month}-0${day}</arg>
<doc>Adds ``values`` to the end of ``list``.</doc>
<status status="NOT RUN" starttime="20230911 11:06:26.591" endtime="20230911 11:06:26.591"/>
</kw>
<status status="NOT RUN" starttime="20230911 11:06:26.591" endtime="20230911 11:06:26.591"/>
</branch>
<branch type="ELSE">
<kw name="Append To List" library="Collections">
<arg>${date_list}</arg>
<arg>${year}-${month}-${day}</arg>
<doc>Adds ``values`` to the end of ``list``.</doc>
<status status="PASS" starttime="20230911 11:06:26.591" endtime="20230911 11:06:26.591"/>
</kw>
<status status="PASS" starttime="20230911 11:06:26.591" endtime="20230911 11:06:26.591"/>
</branch>
<status status="PASS" starttime="20230911 11:06:26.591" endtime="20230911 11:06:26.591"/>
</if>
<kw name="Evaluate" library="BuiltIn">
<var>${day}</var>
<arg>${day} + 1</arg>
<doc>Evaluates the given expression in Python and returns the result.</doc>
<msg timestamp="20230911 11:06:26.591" level="INFO">${day} = 14</msg>
<status status="PASS" starttime="20230911 11:06:26.591" endtime="20230911 11:06:26.591"/>
</kw>
<kw name="Set Variable" library="BuiltIn">
<var>${Today_Date}</var>
<arg>${year}-${month}-${day}</arg>
<doc>Returns the given values which can then be assigned to a variables.</doc>
<msg timestamp="20230911 11:06:26.591" level="INFO">${Today_Date} = 2023-09-14</msg>
<status status="PASS" starttime="20230911 11:06:26.591" endtime="20230911 11:06:26.591"/>
</kw>
<status status="PASS" starttime="20230911 11:06:26.591" endtime="20230911 11:06:26.591"/>
</iter>
<iter>
<kw name="Evaluate" library="BuiltIn">
<var>${day_len}</var>
<arg>len('${day}')</arg>
<doc>Evaluates the given expression in Python and returns the result.</doc>
<msg timestamp="20230911 11:06:26.591" level="INFO">${day_len} = 2</msg>
<status status="PASS" starttime="20230911 11:06:26.591" endtime="20230911 11:06:26.591"/>
</kw>
<if>
<branch type="IF" condition="${day_len} &lt; 2">
<kw name="Append To List" library="Collections">
<arg>${date_list}</arg>
<arg>${year}-${month}-0${day}</arg>
<doc>Adds ``values`` to the end of ``list``.</doc>
<status status="NOT RUN" starttime="20230911 11:06:26.591" endtime="20230911 11:06:26.591"/>
</kw>
<status status="NOT RUN" starttime="20230911 11:06:26.591" endtime="20230911 11:06:26.591"/>
</branch>
<branch type="ELSE">
<kw name="Append To List" library="Collections">
<arg>${date_list}</arg>
<arg>${year}-${month}-${day}</arg>
<doc>Adds ``values`` to the end of ``list``.</doc>
<status status="PASS" starttime="20230911 11:06:26.591" endtime="20230911 11:06:26.591"/>
</kw>
<status status="PASS" starttime="20230911 11:06:26.591" endtime="20230911 11:06:26.591"/>
</branch>
<status status="PASS" starttime="20230911 11:06:26.591" endtime="20230911 11:06:26.591"/>
</if>
<kw name="Evaluate" library="BuiltIn">
<var>${day}</var>
<arg>${day} + 1</arg>
<doc>Evaluates the given expression in Python and returns the result.</doc>
<msg timestamp="20230911 11:06:26.591" level="INFO">${day} = 15</msg>
<status status="PASS" starttime="20230911 11:06:26.591" endtime="20230911 11:06:26.591"/>
</kw>
<kw name="Set Variable" library="BuiltIn">
<var>${Today_Date}</var>
<arg>${year}-${month}-${day}</arg>
<doc>Returns the given values which can then be assigned to a variables.</doc>
<msg timestamp="20230911 11:06:26.591" level="INFO">${Today_Date} = 2023-09-15</msg>
<status status="PASS" starttime="20230911 11:06:26.591" endtime="20230911 11:06:26.591"/>
</kw>
<status status="PASS" starttime="20230911 11:06:26.591" endtime="20230911 11:06:26.591"/>
</iter>
<iter>
<kw name="Evaluate" library="BuiltIn">
<var>${day_len}</var>
<arg>len('${day}')</arg>
<doc>Evaluates the given expression in Python and returns the result.</doc>
<msg timestamp="20230911 11:06:26.591" level="INFO">${day_len} = 2</msg>
<status status="PASS" starttime="20230911 11:06:26.591" endtime="20230911 11:06:26.591"/>
</kw>
<if>
<branch type="IF" condition="${day_len} &lt; 2">
<kw name="Append To List" library="Collections">
<arg>${date_list}</arg>
<arg>${year}-${month}-0${day}</arg>
<doc>Adds ``values`` to the end of ``list``.</doc>
<status status="NOT RUN" starttime="20230911 11:06:26.591" endtime="20230911 11:06:26.591"/>
</kw>
<status status="NOT RUN" starttime="20230911 11:06:26.591" endtime="20230911 11:06:26.591"/>
</branch>
<branch type="ELSE">
<kw name="Append To List" library="Collections">
<arg>${date_list}</arg>
<arg>${year}-${month}-${day}</arg>
<doc>Adds ``values`` to the end of ``list``.</doc>
<status status="PASS" starttime="20230911 11:06:26.591" endtime="20230911 11:06:26.591"/>
</kw>
<status status="PASS" starttime="20230911 11:06:26.591" endtime="20230911 11:06:26.591"/>
</branch>
<status status="PASS" starttime="20230911 11:06:26.591" endtime="20230911 11:06:26.591"/>
</if>
<kw name="Evaluate" library="BuiltIn">
<var>${day}</var>
<arg>${day} + 1</arg>
<doc>Evaluates the given expression in Python and returns the result.</doc>
<msg timestamp="20230911 11:06:26.591" level="INFO">${day} = 16</msg>
<status status="PASS" starttime="20230911 11:06:26.591" endtime="20230911 11:06:26.591"/>
</kw>
<kw name="Set Variable" library="BuiltIn">
<var>${Today_Date}</var>
<arg>${year}-${month}-${day}</arg>
<doc>Returns the given values which can then be assigned to a variables.</doc>
<msg timestamp="20230911 11:06:26.606" level="INFO">${Today_Date} = 2023-09-16</msg>
<status status="PASS" starttime="20230911 11:06:26.591" endtime="20230911 11:06:26.606"/>
</kw>
<status status="PASS" starttime="20230911 11:06:26.591" endtime="20230911 11:06:26.606"/>
</iter>
<iter>
<kw name="Evaluate" library="BuiltIn">
<var>${day_len}</var>
<arg>len('${day}')</arg>
<doc>Evaluates the given expression in Python and returns the result.</doc>
<msg timestamp="20230911 11:06:26.606" level="INFO">${day_len} = 2</msg>
<status status="PASS" starttime="20230911 11:06:26.606" endtime="20230911 11:06:26.606"/>
</kw>
<if>
<branch type="IF" condition="${day_len} &lt; 2">
<kw name="Append To List" library="Collections">
<arg>${date_list}</arg>
<arg>${year}-${month}-0${day}</arg>
<doc>Adds ``values`` to the end of ``list``.</doc>
<status status="NOT RUN" starttime="20230911 11:06:26.606" endtime="20230911 11:06:26.606"/>
</kw>
<status status="NOT RUN" starttime="20230911 11:06:26.606" endtime="20230911 11:06:26.606"/>
</branch>
<branch type="ELSE">
<kw name="Append To List" library="Collections">
<arg>${date_list}</arg>
<arg>${year}-${month}-${day}</arg>
<doc>Adds ``values`` to the end of ``list``.</doc>
<status status="PASS" starttime="20230911 11:06:26.606" endtime="20230911 11:06:26.606"/>
</kw>
<status status="PASS" starttime="20230911 11:06:26.606" endtime="20230911 11:06:26.606"/>
</branch>
<status status="PASS" starttime="20230911 11:06:26.606" endtime="20230911 11:06:26.606"/>
</if>
<kw name="Evaluate" library="BuiltIn">
<var>${day}</var>
<arg>${day} + 1</arg>
<doc>Evaluates the given expression in Python and returns the result.</doc>
<msg timestamp="20230911 11:06:26.606" level="INFO">${day} = 17</msg>
<status status="PASS" starttime="20230911 11:06:26.606" endtime="20230911 11:06:26.606"/>
</kw>
<kw name="Set Variable" library="BuiltIn">
<var>${Today_Date}</var>
<arg>${year}-${month}-${day}</arg>
<doc>Returns the given values which can then be assigned to a variables.</doc>
<msg timestamp="20230911 11:06:26.606" level="INFO">${Today_Date} = 2023-09-17</msg>
<status status="PASS" starttime="20230911 11:06:26.606" endtime="20230911 11:06:26.606"/>
</kw>
<status status="PASS" starttime="20230911 11:06:26.606" endtime="20230911 11:06:26.606"/>
</iter>
<iter>
<kw name="Evaluate" library="BuiltIn">
<var>${day_len}</var>
<arg>len('${day}')</arg>
<doc>Evaluates the given expression in Python and returns the result.</doc>
<msg timestamp="20230911 11:06:26.606" level="INFO">${day_len} = 2</msg>
<status status="PASS" starttime="20230911 11:06:26.606" endtime="20230911 11:06:26.606"/>
</kw>
<if>
<branch type="IF" condition="${day_len} &lt; 2">
<kw name="Append To List" library="Collections">
<arg>${date_list}</arg>
<arg>${year}-${month}-0${day}</arg>
<doc>Adds ``values`` to the end of ``list``.</doc>
<status status="NOT RUN" starttime="20230911 11:06:26.606" endtime="20230911 11:06:26.606"/>
</kw>
<status status="NOT RUN" starttime="20230911 11:06:26.606" endtime="20230911 11:06:26.606"/>
</branch>
<branch type="ELSE">
<kw name="Append To List" library="Collections">
<arg>${date_list}</arg>
<arg>${year}-${month}-${day}</arg>
<doc>Adds ``values`` to the end of ``list``.</doc>
<status status="PASS" starttime="20230911 11:06:26.606" endtime="20230911 11:06:26.606"/>
</kw>
<status status="PASS" starttime="20230911 11:06:26.606" endtime="20230911 11:06:26.606"/>
</branch>
<status status="PASS" starttime="20230911 11:06:26.606" endtime="20230911 11:06:26.606"/>
</if>
<kw name="Evaluate" library="BuiltIn">
<var>${day}</var>
<arg>${day} + 1</arg>
<doc>Evaluates the given expression in Python and returns the result.</doc>
<msg timestamp="20230911 11:06:26.606" level="INFO">${day} = 18</msg>
<status status="PASS" starttime="20230911 11:06:26.606" endtime="20230911 11:06:26.606"/>
</kw>
<kw name="Set Variable" library="BuiltIn">
<var>${Today_Date}</var>
<arg>${year}-${month}-${day}</arg>
<doc>Returns the given values which can then be assigned to a variables.</doc>
<msg timestamp="20230911 11:06:26.606" level="INFO">${Today_Date} = 2023-09-18</msg>
<status status="PASS" starttime="20230911 11:06:26.606" endtime="20230911 11:06:26.606"/>
</kw>
<status status="PASS" starttime="20230911 11:06:26.606" endtime="20230911 11:06:26.606"/>
</iter>
<status status="PASS" starttime="20230911 11:06:26.591" endtime="20230911 11:06:26.606"/>
</while>
<msg timestamp="20230911 11:06:26.606" level="INFO">${dates} = ['2023-09-11', '2023-09-12', '2023-09-13', '2023-09-14', '2023-09-15', '2023-09-16', '2023-09-17']</msg>
<status status="PASS" starttime="20230911 11:06:26.591" endtime="20230911 11:06:26.606"/>
</kw>
<for flavor="IN">
<var>${i}</var>
<value>@{dates}</value>
<iter>
<var name="${i}">2023-09-11</var>
<kw name="Set Selenium Speed" library="SeleniumLibrary">
<arg>2s</arg>
<doc>Sets the delay that is waited after each Selenium command.</doc>
<status status="PASS" starttime="20230911 11:06:26.606" endtime="20230911 11:06:26.606"/>
</kw>
<kw name="Mouse Over" library="SeleniumLibrary">
<arg>${TimeSheet_AddTask}</arg>
<doc>Simulates hovering the mouse over the element ``locator``.</doc>
<msg timestamp="20230911 11:06:26.606" level="INFO">Simulating Mouse Over on element 'xpath://div[@class='right___IuPRy']/button[3]'.</msg>
<status status="PASS" starttime="20230911 11:06:26.606" endtime="20230911 11:06:30.926"/>
</kw>
<kw name="Click Element" library="SeleniumLibrary">
<arg>${TimeSheet_AddTask}</arg>
<doc>Click the element identified by ``locator``.</doc>
<msg timestamp="20230911 11:06:30.926" level="INFO">Clicking element 'xpath://div[@class='right___IuPRy']/button[3]'.</msg>
<status status="PASS" starttime="20230911 11:06:30.926" endtime="20230911 11:06:35.074"/>
</kw>
<kw name="Click Element" library="SeleniumLibrary">
<arg>${TimeSheet_StartDate}</arg>
<doc>Click the element identified by ``locator``.</doc>
<msg timestamp="20230911 11:06:35.074" level="INFO">Clicking element 'xpath://input[@placeholder='Start date']'.</msg>
<status status="PASS" starttime="20230911 11:06:35.074" endtime="20230911 11:06:39.361"/>
</kw>
<kw name="Press Keys" library="SeleniumLibrary">
<arg>${TimeSheet_StartDate}</arg>
<arg>${i}</arg>
<arg>ENTER</arg>
<doc>Simulates the user pressing key(s) to an element or on the active browser.</doc>
<msg timestamp="20230911 11:06:39.361" level="INFO">Sending key(s) ('2023-09-11', 'ENTER') to xpath://input[@placeholder='Start date'] element.</msg>
<msg timestamp="20230911 11:06:43.709" level="INFO">Sending keys 2023-09-11</msg>
<msg timestamp="20230911 11:06:45.915" level="INFO">Pressing special key ENTER to element.</msg>
<msg timestamp="20230911 11:06:45.915" level="INFO">Releasing special key ENTER.</msg>
<status status="PASS" starttime="20230911 11:06:39.361" endtime="20230911 11:06:47.996"/>
</kw>
<kw name="Press Keys" library="SeleniumLibrary">
<arg>${TimeSheet_EndDate}</arg>
<arg>${i}</arg>
<arg>ENTER</arg>
<doc>Simulates the user pressing key(s) to an element or on the active browser.</doc>
<msg timestamp="20230911 11:06:47.996" level="INFO">Sending key(s) ('2023-09-11', 'ENTER') to xpath://input[@placeholder='End date'] element.</msg>
<msg timestamp="20230911 11:06:52.339" level="INFO">Sending keys 2023-09-11</msg>
<msg timestamp="20230911 11:06:54.500" level="INFO">Pressing special key ENTER to element.</msg>
<msg timestamp="20230911 11:06:54.500" level="INFO">Releasing special key ENTER.</msg>
<status status="PASS" starttime="20230911 11:06:47.996" endtime="20230911 11:06:56.655"/>
</kw>
<kw name="Press Keys" library="SeleniumLibrary">
<arg>${TimeSheet_StartTime}</arg>
<arg>${fromtime}</arg>
<arg>ENTER</arg>
<doc>Simulates the user pressing key(s) to an element or on the active browser.</doc>
<msg timestamp="20230911 11:06:56.655" level="INFO">Sending key(s) ('9:00 am', 'ENTER') to xpath://input[@id='basic_tasks_0_startTime'] element.</msg>
<msg timestamp="20230911 11:07:01.079" level="INFO">Sending keys 9:00 am</msg>
<msg timestamp="20230911 11:07:03.148" level="INFO">Pressing special key ENTER to element.</msg>
<msg timestamp="20230911 11:07:03.148" level="INFO">Releasing special key ENTER.</msg>
<status status="PASS" starttime="20230911 11:06:56.655" endtime="20230911 11:07:05.205"/>
</kw>
<kw name="Press Keys" library="SeleniumLibrary">
<arg>${TimeSheet_EndTime}</arg>
<arg>${totime}</arg>
<arg>ENTER</arg>
<doc>Simulates the user pressing key(s) to an element or on the active browser.</doc>
<msg timestamp="20230911 11:07:05.205" level="INFO">Sending key(s) ('6:00 pm', 'ENTER') to xpath://input[@id='basic_tasks_0_endTime'] element.</msg>
<msg timestamp="20230911 11:07:09.526" level="INFO">Sending keys 6:00 pm</msg>
<msg timestamp="20230911 11:07:11.624" level="INFO">Pressing special key ENTER to element.</msg>
<msg timestamp="20230911 11:07:11.624" level="INFO">Releasing special key ENTER.</msg>
<status status="PASS" starttime="20230911 11:07:05.205" endtime="20230911 11:07:13.695"/>
</kw>
<kw name="Press Keys" library="SeleniumLibrary">
<arg>${TimeSheet_Project}</arg>
<arg>${project}</arg>
<arg>ENTER</arg>
<doc>Simulates the user pressing key(s) to an element or on the active browser.</doc>
<msg timestamp="20230911 11:07:13.695" level="INFO">Sending key(s) ('Rampup_S', 'ENTER') to xpath://input[@id='basic_tasks_0_projectId'] element.</msg>
<msg timestamp="20230911 11:07:18.015" level="INFO">Sending keys Rampup_S</msg>
<msg timestamp="20230911 11:07:20.106" level="INFO">Pressing special key ENTER to element.</msg>
<msg timestamp="20230911 11:07:20.106" level="INFO">Releasing special key ENTER.</msg>
<status status="PASS" starttime="20230911 11:07:13.695" endtime="20230911 11:07:22.180"/>
</kw>
<kw name="Press Keys" library="SeleniumLibrary">
<arg>${TimeSheet_TaskName}</arg>
<arg>${task}</arg>
<doc>Simulates the user pressing key(s) to an element or on the active browser.</doc>
<msg timestamp="20230911 11:07:22.180" level="INFO">Sending key(s) ('UI Automation',) to xpath://input[@id='basic_tasks_0_taskName'] element.</msg>
<msg timestamp="20230911 11:07:26.493" level="INFO">Sending keys UI Automation</msg>
<status status="PASS" starttime="20230911 11:07:22.180" endtime="20230911 11:07:28.896"/>
</kw>
<kw name="Click Element" library="SeleniumLibrary">
<arg>${TimeSheet_TaskDescription}</arg>
<doc>Click the element identified by ``locator``.</doc>
<msg timestamp="20230911 11:07:28.896" level="INFO">Clicking element 'xpath://textarea[@id='basic_tasks_0_notes']'.</msg>
<status status="PASS" starttime="20230911 11:07:28.896" endtime="20230911 11:07:32.979"/>
</kw>
<kw name="Input Text" library="SeleniumLibrary">
<arg>${TimeSheet_TaskDescription}</arg>
<arg>${description}</arg>
<doc>Types the given ``text`` into the text field identified by ``locator``.</doc>
<msg timestamp="20230911 11:07:32.979" level="INFO">Typing text 'Worked on Automation Task.' into text field 'xpath://textarea[@id='basic_tasks_0_notes']'.</msg>
<status status="PASS" starttime="20230911 11:07:32.979" endtime="20230911 11:07:39.777"/>
</kw>
<kw name="Click Element" library="SeleniumLibrary">
<arg>${TimeSheet_SubmitButton}</arg>
<doc>Click the element identified by ``locator``.</doc>
<msg timestamp="20230911 11:07:39.777" level="INFO">Clicking element 'xpath://div[@class='footer___2ao1m']/button[2]'.</msg>
<status status="PASS" starttime="20230911 11:07:39.777" endtime="20230911 11:07:43.979"/>
</kw>
<kw name="Sleep" library="BuiltIn">
<arg>3</arg>
<doc>Pauses the test executed for the given time.</doc>
<msg timestamp="20230911 11:07:46.980" level="INFO">Slept 3 seconds</msg>
<status status="PASS" starttime="20230911 11:07:43.979" endtime="20230911 11:07:46.981"/>
</kw>
<status status="PASS" starttime="20230911 11:06:26.606" endtime="20230911 11:07:46.981"/>
</iter>
<iter>
<var name="${i}">2023-09-12</var>
<kw name="Set Selenium Speed" library="SeleniumLibrary">
<arg>2s</arg>
<doc>Sets the delay that is waited after each Selenium command.</doc>
<status status="PASS" starttime="20230911 11:07:46.983" endtime="20230911 11:07:46.984"/>
</kw>
<kw name="Mouse Over" library="SeleniumLibrary">
<arg>${TimeSheet_AddTask}</arg>
<doc>Simulates hovering the mouse over the element ``locator``.</doc>
<msg timestamp="20230911 11:07:46.984" level="INFO">Simulating Mouse Over on element 'xpath://div[@class='right___IuPRy']/button[3]'.</msg>
<status status="PASS" starttime="20230911 11:07:46.984" endtime="20230911 11:07:51.322"/>
</kw>
<kw name="Click Element" library="SeleniumLibrary">
<arg>${TimeSheet_AddTask}</arg>
<doc>Click the element identified by ``locator``.</doc>
<msg timestamp="20230911 11:07:51.322" level="INFO">Clicking element 'xpath://div[@class='right___IuPRy']/button[3]'.</msg>
<status status="PASS" starttime="20230911 11:07:51.322" endtime="20230911 11:07:55.487"/>
</kw>
<kw name="Click Element" library="SeleniumLibrary">
<arg>${TimeSheet_StartDate}</arg>
<doc>Click the element identified by ``locator``.</doc>
<msg timestamp="20230911 11:07:55.487" level="INFO">Clicking element 'xpath://input[@placeholder='Start date']'.</msg>
<status status="PASS" starttime="20230911 11:07:55.487" endtime="20230911 11:07:59.743"/>
</kw>
<kw name="Press Keys" library="SeleniumLibrary">
<arg>${TimeSheet_StartDate}</arg>
<arg>${i}</arg>
<arg>ENTER</arg>
<doc>Simulates the user pressing key(s) to an element or on the active browser.</doc>
<msg timestamp="20230911 11:07:59.743" level="INFO">Sending key(s) ('2023-09-12', 'ENTER') to xpath://input[@placeholder='Start date'] element.</msg>
<msg timestamp="20230911 11:08:04.122" level="INFO">Sending keys 2023-09-12</msg>
<msg timestamp="20230911 11:08:06.281" level="INFO">Pressing special key ENTER to element.</msg>
<msg timestamp="20230911 11:08:06.281" level="INFO">Releasing special key ENTER.</msg>
<status status="PASS" starttime="20230911 11:07:59.743" endtime="20230911 11:08:08.349"/>
</kw>
<kw name="Press Keys" library="SeleniumLibrary">
<arg>${TimeSheet_EndDate}</arg>
<arg>${i}</arg>
<arg>ENTER</arg>
<doc>Simulates the user pressing key(s) to an element or on the active browser.</doc>
<msg timestamp="20230911 11:08:08.349" level="INFO">Sending key(s) ('2023-09-12', 'ENTER') to xpath://input[@placeholder='End date'] element.</msg>
<msg timestamp="20230911 11:08:12.716" level="INFO">Sending keys 2023-09-12</msg>
<msg timestamp="20230911 11:08:14.900" level="INFO">Pressing special key ENTER to element.</msg>
<msg timestamp="20230911 11:08:14.900" level="INFO">Releasing special key ENTER.</msg>
<status status="PASS" starttime="20230911 11:08:08.349" endtime="20230911 11:08:17.041"/>
</kw>
<kw name="Press Keys" library="SeleniumLibrary">
<arg>${TimeSheet_StartTime}</arg>
<arg>${fromtime}</arg>
<arg>ENTER</arg>
<doc>Simulates the user pressing key(s) to an element or on the active browser.</doc>
<msg timestamp="20230911 11:08:17.041" level="INFO">Sending key(s) ('9:00 am', 'ENTER') to xpath://input[@id='basic_tasks_0_startTime'] element.</msg>
<msg timestamp="20230911 11:08:21.462" level="INFO">Sending keys 9:00 am</msg>
<msg timestamp="20230911 11:08:23.526" level="INFO">Pressing special key ENTER to element.</msg>
<msg timestamp="20230911 11:08:23.526" level="INFO">Releasing special key ENTER.</msg>
<status status="PASS" starttime="20230911 11:08:17.041" endtime="20230911 11:08:25.614"/>
</kw>
<kw name="Press Keys" library="SeleniumLibrary">
<arg>${TimeSheet_EndTime}</arg>
<arg>${totime}</arg>
<arg>ENTER</arg>
<doc>Simulates the user pressing key(s) to an element or on the active browser.</doc>
<msg timestamp="20230911 11:08:25.614" level="INFO">Sending key(s) ('6:00 pm', 'ENTER') to xpath://input[@id='basic_tasks_0_endTime'] element.</msg>
<msg timestamp="20230911 11:08:29.947" level="INFO">Sending keys 6:00 pm</msg>
<msg timestamp="20230911 11:08:32.026" level="INFO">Pressing special key ENTER to element.</msg>
<msg timestamp="20230911 11:08:32.026" level="INFO">Releasing special key ENTER.</msg>
<status status="PASS" starttime="20230911 11:08:25.614" endtime="20230911 11:08:34.066"/>
</kw>
<kw name="Press Keys" library="SeleniumLibrary">
<arg>${TimeSheet_Project}</arg>
<arg>${project}</arg>
<arg>ENTER</arg>
<doc>Simulates the user pressing key(s) to an element or on the active browser.</doc>
<msg timestamp="20230911 11:08:34.066" level="INFO">Sending key(s) ('Rampup_S', 'ENTER') to xpath://input[@id='basic_tasks_0_projectId'] element.</msg>
<msg timestamp="20230911 11:08:38.395" level="INFO">Sending keys Rampup_S</msg>
<msg timestamp="20230911 11:08:40.493" level="INFO">Pressing special key ENTER to element.</msg>
<msg timestamp="20230911 11:08:40.493" level="INFO">Releasing special key ENTER.</msg>
<status status="PASS" starttime="20230911 11:08:34.066" endtime="20230911 11:08:42.536"/>
</kw>
<kw name="Press Keys" library="SeleniumLibrary">
<arg>${TimeSheet_TaskName}</arg>
<arg>${task}</arg>
<doc>Simulates the user pressing key(s) to an element or on the active browser.</doc>
<msg timestamp="20230911 11:08:42.536" level="INFO">Sending key(s) ('UI Automation',) to xpath://input[@id='basic_tasks_0_taskName'] element.</msg>
<msg timestamp="20230911 11:08:46.878" level="INFO">Sending keys UI Automation</msg>
<status status="PASS" starttime="20230911 11:08:42.536" endtime="20230911 11:08:49.277"/>
</kw>
<kw name="Click Element" library="SeleniumLibrary">
<arg>${TimeSheet_TaskDescription}</arg>
<doc>Click the element identified by ``locator``.</doc>
<msg timestamp="20230911 11:08:49.277" level="INFO">Clicking element 'xpath://textarea[@id='basic_tasks_0_notes']'.</msg>
<status status="PASS" starttime="20230911 11:08:49.277" endtime="20230911 11:08:53.405"/>
</kw>
<kw name="Input Text" library="SeleniumLibrary">
<arg>${TimeSheet_TaskDescription}</arg>
<arg>${description}</arg>
<doc>Types the given ``text`` into the text field identified by ``locator``.</doc>
<msg timestamp="20230911 11:08:53.405" level="INFO">Typing text 'Worked on Automation Task.' into text field 'xpath://textarea[@id='basic_tasks_0_notes']'.</msg>
<status status="PASS" starttime="20230911 11:08:53.405" endtime="20230911 11:09:00.192"/>
</kw>
<kw name="Click Element" library="SeleniumLibrary">
<arg>${TimeSheet_SubmitButton}</arg>
<doc>Click the element identified by ``locator``.</doc>
<msg timestamp="20230911 11:09:00.192" level="INFO">Clicking element 'xpath://div[@class='footer___2ao1m']/button[2]'.</msg>
<status status="PASS" starttime="20230911 11:09:00.192" endtime="20230911 11:09:04.361"/>
</kw>
<kw name="Sleep" library="BuiltIn">
<arg>3</arg>
<doc>Pauses the test executed for the given time.</doc>
<msg timestamp="20230911 11:09:07.363" level="INFO">Slept 3 seconds</msg>
<status status="PASS" starttime="20230911 11:09:04.362" endtime="20230911 11:09:07.363"/>
</kw>
<status status="PASS" starttime="20230911 11:07:46.982" endtime="20230911 11:09:07.363"/>
</iter>
<iter>
<var name="${i}">2023-09-13</var>
<kw name="Set Selenium Speed" library="SeleniumLibrary">
<arg>2s</arg>
<doc>Sets the delay that is waited after each Selenium command.</doc>
<status status="PASS" starttime="20230911 11:09:07.363" endtime="20230911 11:09:07.363"/>
</kw>
<kw name="Mouse Over" library="SeleniumLibrary">
<arg>${TimeSheet_AddTask}</arg>
<doc>Simulates hovering the mouse over the element ``locator``.</doc>
<msg timestamp="20230911 11:09:07.363" level="INFO">Simulating Mouse Over on element 'xpath://div[@class='right___IuPRy']/button[3]'.</msg>
<status status="PASS" starttime="20230911 11:09:07.363" endtime="20230911 11:09:11.702"/>
</kw>
<kw name="Click Element" library="SeleniumLibrary">
<arg>${TimeSheet_AddTask}</arg>
<doc>Click the element identified by ``locator``.</doc>
<msg timestamp="20230911 11:09:11.702" level="INFO">Clicking element 'xpath://div[@class='right___IuPRy']/button[3]'.</msg>
<status status="PASS" starttime="20230911 11:09:11.702" endtime="20230911 11:09:15.890"/>
</kw>
<kw name="Click Element" library="SeleniumLibrary">
<arg>${TimeSheet_StartDate}</arg>
<doc>Click the element identified by ``locator``.</doc>
<msg timestamp="20230911 11:09:15.890" level="INFO">Clicking element 'xpath://input[@placeholder='Start date']'.</msg>
<status status="PASS" starttime="20230911 11:09:15.890" endtime="20230911 11:09:20.156"/>
</kw>
<kw name="Press Keys" library="SeleniumLibrary">
<arg>${TimeSheet_StartDate}</arg>
<arg>${i}</arg>
<arg>ENTER</arg>
<doc>Simulates the user pressing key(s) to an element or on the active browser.</doc>
<msg timestamp="20230911 11:09:20.156" level="INFO">Sending key(s) ('2023-09-13', 'ENTER') to xpath://input[@placeholder='Start date'] element.</msg>
<msg timestamp="20230911 11:09:24.496" level="INFO">Sending keys 2023-09-13</msg>
<msg timestamp="20230911 11:09:26.635" level="INFO">Pressing special key ENTER to element.</msg>
<msg timestamp="20230911 11:09:26.635" level="INFO">Releasing special key ENTER.</msg>
<status status="PASS" starttime="20230911 11:09:20.156" endtime="20230911 11:09:28.713"/>
</kw>
<kw name="Press Keys" library="SeleniumLibrary">
<arg>${TimeSheet_EndDate}</arg>
<arg>${i}</arg>
<arg>ENTER</arg>
<doc>Simulates the user pressing key(s) to an element or on the active browser.</doc>
<msg timestamp="20230911 11:09:28.713" level="INFO">Sending key(s) ('2023-09-13', 'ENTER') to xpath://input[@placeholder='End date'] element.</msg>
<msg timestamp="20230911 11:09:33.036" level="INFO">Sending keys 2023-09-13</msg>
<msg timestamp="20230911 11:09:35.201" level="INFO">Pressing special key ENTER to element.</msg>
<msg timestamp="20230911 11:09:35.201" level="INFO">Releasing special key ENTER.</msg>
<status status="PASS" starttime="20230911 11:09:28.713" endtime="20230911 11:09:37.357"/>
</kw>
<kw name="Press Keys" library="SeleniumLibrary">
<arg>${TimeSheet_StartTime}</arg>
<arg>${fromtime}</arg>
<arg>ENTER</arg>
<doc>Simulates the user pressing key(s) to an element or on the active browser.</doc>
<msg timestamp="20230911 11:09:37.357" level="INFO">Sending key(s) ('9:00 am', 'ENTER') to xpath://input[@id='basic_tasks_0_startTime'] element.</msg>
<msg timestamp="20230911 11:09:41.737" level="INFO">Sending keys 9:00 am</msg>
<msg timestamp="20230911 11:09:43.825" level="INFO">Pressing special key ENTER to element.</msg>
<msg timestamp="20230911 11:09:43.825" level="INFO">Releasing special key ENTER.</msg>
<status status="PASS" starttime="20230911 11:09:37.357" endtime="20230911 11:09:45.901"/>
</kw>
<kw name="Press Keys" library="SeleniumLibrary">
<arg>${TimeSheet_EndTime}</arg>
<arg>${totime}</arg>
<arg>ENTER</arg>
<doc>Simulates the user pressing key(s) to an element or on the active browser.</doc>
<msg timestamp="20230911 11:09:45.901" level="INFO">Sending key(s) ('6:00 pm', 'ENTER') to xpath://input[@id='basic_tasks_0_endTime'] element.</msg>
<msg timestamp="20230911 11:09:50.264" level="INFO">Sending keys 6:00 pm</msg>
<msg timestamp="20230911 11:09:52.340" level="INFO">Pressing special key ENTER to element.</msg>
<msg timestamp="20230911 11:09:52.340" level="INFO">Releasing special key ENTER.</msg>
<status status="PASS" starttime="20230911 11:09:45.901" endtime="20230911 11:09:54.380"/>
</kw>
<kw name="Press Keys" library="SeleniumLibrary">
<arg>${TimeSheet_Project}</arg>
<arg>${project}</arg>
<arg>ENTER</arg>
<doc>Simulates the user pressing key(s) to an element or on the active browser.</doc>
<msg timestamp="20230911 11:09:54.380" level="INFO">Sending key(s) ('Rampup_S', 'ENTER') to xpath://input[@id='basic_tasks_0_projectId'] element.</msg>
<msg timestamp="20230911 11:09:58.671" level="INFO">Sending keys Rampup_S</msg>
<msg timestamp="20230911 11:10:00.761" level="INFO">Pressing special key ENTER to element.</msg>
<msg timestamp="20230911 11:10:00.761" level="INFO">Releasing special key ENTER.</msg>
<status status="PASS" starttime="20230911 11:09:54.380" endtime="20230911 11:10:02.818"/>
</kw>
<kw name="Press Keys" library="SeleniumLibrary">
<arg>${TimeSheet_TaskName}</arg>
<arg>${task}</arg>
<doc>Simulates the user pressing key(s) to an element or on the active browser.</doc>
<msg timestamp="20230911 11:10:02.818" level="INFO">Sending key(s) ('UI Automation',) to xpath://input[@id='basic_tasks_0_taskName'] element.</msg>
<msg timestamp="20230911 11:10:07.122" level="INFO">Sending keys UI Automation</msg>
<status status="PASS" starttime="20230911 11:10:02.818" endtime="20230911 11:10:09.543"/>
</kw>
<kw name="Click Element" library="SeleniumLibrary">
<arg>${TimeSheet_TaskDescription}</arg>
<doc>Click the element identified by ``locator``.</doc>
<msg timestamp="20230911 11:10:09.543" level="INFO">Clicking element 'xpath://textarea[@id='basic_tasks_0_notes']'.</msg>
<status status="PASS" starttime="20230911 11:10:09.543" endtime="20230911 11:10:13.601"/>
</kw>
<kw name="Input Text" library="SeleniumLibrary">
<arg>${TimeSheet_TaskDescription}</arg>
<arg>${description}</arg>
<doc>Types the given ``text`` into the text field identified by ``locator``.</doc>
<msg timestamp="20230911 11:10:13.601" level="INFO">Typing text 'Worked on Automation Task.' into text field 'xpath://textarea[@id='basic_tasks_0_notes']'.</msg>
<status status="PASS" starttime="20230911 11:10:13.601" endtime="20230911 11:10:20.309"/>
</kw>
<kw name="Click Element" library="SeleniumLibrary">
<arg>${TimeSheet_SubmitButton}</arg>
<doc>Click the element identified by ``locator``.</doc>
<msg timestamp="20230911 11:10:20.309" level="INFO">Clicking element 'xpath://div[@class='footer___2ao1m']/button[2]'.</msg>
<status status="PASS" starttime="20230911 11:10:20.309" endtime="20230911 11:10:24.450"/>
</kw>
<kw name="Sleep" library="BuiltIn">
<arg>3</arg>
<doc>Pauses the test executed for the given time.</doc>
<msg timestamp="20230911 11:10:27.451" level="INFO">Slept 3 seconds</msg>
<status status="PASS" starttime="20230911 11:10:24.450" endtime="20230911 11:10:27.451"/>
</kw>
<status status="PASS" starttime="20230911 11:09:07.363" endtime="20230911 11:10:27.451"/>
</iter>
<iter>
<var name="${i}">2023-09-14</var>
<kw name="Set Selenium Speed" library="SeleniumLibrary">
<arg>2s</arg>
<doc>Sets the delay that is waited after each Selenium command.</doc>
<status status="PASS" starttime="20230911 11:10:27.451" endtime="20230911 11:10:27.451"/>
</kw>
<kw name="Mouse Over" library="SeleniumLibrary">
<arg>${TimeSheet_AddTask}</arg>
<doc>Simulates hovering the mouse over the element ``locator``.</doc>
<msg timestamp="20230911 11:10:27.451" level="INFO">Simulating Mouse Over on element 'xpath://div[@class='right___IuPRy']/button[3]'.</msg>
<status status="PASS" starttime="20230911 11:10:27.451" endtime="20230911 11:10:31.744"/>
</kw>
<kw name="Click Element" library="SeleniumLibrary">
<arg>${TimeSheet_AddTask}</arg>
<doc>Click the element identified by ``locator``.</doc>
<msg timestamp="20230911 11:10:31.744" level="INFO">Clicking element 'xpath://div[@class='right___IuPRy']/button[3]'.</msg>
<status status="PASS" starttime="20230911 11:10:31.744" endtime="20230911 11:10:35.845"/>
</kw>
<kw name="Click Element" library="SeleniumLibrary">
<arg>${TimeSheet_StartDate}</arg>
<doc>Click the element identified by ``locator``.</doc>
<msg timestamp="20230911 11:10:35.845" level="INFO">Clicking element 'xpath://input[@placeholder='Start date']'.</msg>
<status status="PASS" starttime="20230911 11:10:35.845" endtime="20230911 11:10:40.071"/>
</kw>
<kw name="Press Keys" library="SeleniumLibrary">
<arg>${TimeSheet_StartDate}</arg>
<arg>${i}</arg>
<arg>ENTER</arg>
<doc>Simulates the user pressing key(s) to an element or on the active browser.</doc>
<msg timestamp="20230911 11:10:40.071" level="INFO">Sending key(s) ('2023-09-14', 'ENTER') to xpath://input[@placeholder='Start date'] element.</msg>
<msg timestamp="20230911 11:10:44.384" level="INFO">Sending keys 2023-09-14</msg>
<msg timestamp="20230911 11:10:46.546" level="INFO">Pressing special key ENTER to element.</msg>
<msg timestamp="20230911 11:10:46.546" level="INFO">Releasing special key ENTER.</msg>
<status status="PASS" starttime="20230911 11:10:40.071" endtime="20230911 11:10:48.628"/>
</kw>
<kw name="Press Keys" library="SeleniumLibrary">
<arg>${TimeSheet_EndDate}</arg>
<arg>${i}</arg>
<arg>ENTER</arg>
<doc>Simulates the user pressing key(s) to an element or on the active browser.</doc>
<msg timestamp="20230911 11:10:48.628" level="INFO">Sending key(s) ('2023-09-14', 'ENTER') to xpath://input[@placeholder='End date'] element.</msg>
<msg timestamp="20230911 11:10:52.939" level="INFO">Sending keys 2023-09-14</msg>
<msg timestamp="20230911 11:10:55.112" level="INFO">Pressing special key ENTER to element.</msg>
<msg timestamp="20230911 11:10:55.112" level="INFO">Releasing special key ENTER.</msg>
<status status="PASS" starttime="20230911 11:10:48.628" endtime="20230911 11:10:57.260"/>
</kw>
<kw name="Press Keys" library="SeleniumLibrary">
<arg>${TimeSheet_StartTime}</arg>
<arg>${fromtime}</arg>
<arg>ENTER</arg>
<doc>Simulates the user pressing key(s) to an element or on the active browser.</doc>
<msg timestamp="20230911 11:10:57.260" level="INFO">Sending key(s) ('9:00 am', 'ENTER') to xpath://input[@id='basic_tasks_0_startTime'] element.</msg>
<msg timestamp="20230911 11:11:01.573" level="INFO">Sending keys 9:00 am</msg>
<msg timestamp="20230911 11:11:03.644" level="INFO">Pressing special key ENTER to element.</msg>
<msg timestamp="20230911 11:11:03.644" level="INFO">Releasing special key ENTER.</msg>
<status status="PASS" starttime="20230911 11:10:57.260" endtime="20230911 11:11:05.702"/>
</kw>
<kw name="Press Keys" library="SeleniumLibrary">
<arg>${TimeSheet_EndTime}</arg>
<arg>${totime}</arg>
<arg>ENTER</arg>
<doc>Simulates the user pressing key(s) to an element or on the active browser.</doc>
<msg timestamp="20230911 11:11:05.702" level="INFO">Sending key(s) ('6:00 pm', 'ENTER') to xpath://input[@id='basic_tasks_0_endTime'] element.</msg>
<msg timestamp="20230911 11:11:10.004" level="INFO">Sending keys 6:00 pm</msg>
<msg timestamp="20230911 11:11:12.071" level="INFO">Pressing special key ENTER to element.</msg>
<msg timestamp="20230911 11:11:12.071" level="INFO">Releasing special key ENTER.</msg>
<status status="PASS" starttime="20230911 11:11:05.702" endtime="20230911 11:11:14.115"/>
</kw>
<kw name="Press Keys" library="SeleniumLibrary">
<arg>${TimeSheet_Project}</arg>
<arg>${project}</arg>
<arg>ENTER</arg>
<doc>Simulates the user pressing key(s) to an element or on the active browser.</doc>
<msg timestamp="20230911 11:11:14.115" level="INFO">Sending key(s) ('Rampup_S', 'ENTER') to xpath://input[@id='basic_tasks_0_projectId'] element.</msg>
<msg timestamp="20230911 11:11:18.419" level="INFO">Sending keys Rampup_S</msg>
<msg timestamp="20230911 11:11:20.502" level="INFO">Pressing special key ENTER to element.</msg>
<msg timestamp="20230911 11:11:20.502" level="INFO">Releasing special key ENTER.</msg>
<status status="PASS" starttime="20230911 11:11:14.115" endtime="20230911 11:11:22.544"/>
</kw>
<kw name="Press Keys" library="SeleniumLibrary">
<arg>${TimeSheet_TaskName}</arg>
<arg>${task}</arg>
<doc>Simulates the user pressing key(s) to an element or on the active browser.</doc>
<msg timestamp="20230911 11:11:22.544" level="INFO">Sending key(s) ('UI Automation',) to xpath://input[@id='basic_tasks_0_taskName'] element.</msg>
<msg timestamp="20230911 11:11:26.835" level="INFO">Sending keys UI Automation</msg>
<status status="PASS" starttime="20230911 11:11:22.544" endtime="20230911 11:11:29.228"/>
</kw>
<kw name="Click Element" library="SeleniumLibrary">
<arg>${TimeSheet_TaskDescription}</arg>
<doc>Click the element identified by ``locator``.</doc>
<msg timestamp="20230911 11:11:29.228" level="INFO">Clicking element 'xpath://textarea[@id='basic_tasks_0_notes']'.</msg>
<status status="PASS" starttime="20230911 11:11:29.228" endtime="20230911 11:11:33.288"/>
</kw>
<kw name="Input Text" library="SeleniumLibrary">
<arg>${TimeSheet_TaskDescription}</arg>
<arg>${description}</arg>
<doc>Types the given ``text`` into the text field identified by ``locator``.</doc>
<msg timestamp="20230911 11:11:33.288" level="INFO">Typing text 'Worked on Automation Task.' into text field 'xpath://textarea[@id='basic_tasks_0_notes']'.</msg>
<status status="PASS" starttime="20230911 11:11:33.288" endtime="20230911 11:11:40.090"/>
</kw>
<kw name="Click Element" library="SeleniumLibrary">
<arg>${TimeSheet_SubmitButton}</arg>
<doc>Click the element identified by ``locator``.</doc>
<msg timestamp="20230911 11:11:40.090" level="INFO">Clicking element 'xpath://div[@class='footer___2ao1m']/button[2]'.</msg>
<status status="PASS" starttime="20230911 11:11:40.090" endtime="20230911 11:11:44.224"/>
</kw>
<kw name="Sleep" library="BuiltIn">
<arg>3</arg>
<doc>Pauses the test executed for the given time.</doc>
<msg timestamp="20230911 11:11:47.225" level="INFO">Slept 3 seconds</msg>
<status status="PASS" starttime="20230911 11:11:44.224" endtime="20230911 11:11:47.225"/>
</kw>
<status status="PASS" starttime="20230911 11:10:27.451" endtime="20230911 11:11:47.225"/>
</iter>
<iter>
<var name="${i}">2023-09-15</var>
<kw name="Set Selenium Speed" library="SeleniumLibrary">
<arg>2s</arg>
<doc>Sets the delay that is waited after each Selenium command.</doc>
<status status="PASS" starttime="20230911 11:11:47.225" endtime="20230911 11:11:47.225"/>
</kw>
<kw name="Mouse Over" library="SeleniumLibrary">
<arg>${TimeSheet_AddTask}</arg>
<doc>Simulates hovering the mouse over the element ``locator``.</doc>
<msg timestamp="20230911 11:11:47.225" level="INFO">Simulating Mouse Over on element 'xpath://div[@class='right___IuPRy']/button[3]'.</msg>
<status status="PASS" starttime="20230911 11:11:47.225" endtime="20230911 11:11:51.504"/>
</kw>
<kw name="Click Element" library="SeleniumLibrary">
<arg>${TimeSheet_AddTask}</arg>
<doc>Click the element identified by ``locator``.</doc>
<msg timestamp="20230911 11:11:51.504" level="INFO">Clicking element 'xpath://div[@class='right___IuPRy']/button[3]'.</msg>
<status status="PASS" starttime="20230911 11:11:51.504" endtime="20230911 11:11:55.610"/>
</kw>
<kw name="Click Element" library="SeleniumLibrary">
<arg>${TimeSheet_StartDate}</arg>
<doc>Click the element identified by ``locator``.</doc>
<msg timestamp="20230911 11:11:55.610" level="INFO">Clicking element 'xpath://input[@placeholder='Start date']'.</msg>
<status status="PASS" starttime="20230911 11:11:55.610" endtime="20230911 11:11:59.780"/>
</kw>
<kw name="Press Keys" library="SeleniumLibrary">
<arg>${TimeSheet_StartDate}</arg>
<arg>${i}</arg>
<arg>ENTER</arg>
<doc>Simulates the user pressing key(s) to an element or on the active browser.</doc>
<msg timestamp="20230911 11:11:59.780" level="INFO">Sending key(s) ('2023-09-15', 'ENTER') to xpath://input[@placeholder='Start date'] element.</msg>
<msg timestamp="20230911 11:12:04.070" level="INFO">Sending keys 2023-09-15</msg>
<msg timestamp="20230911 11:12:06.225" level="INFO">Pressing special key ENTER to element.</msg>
<msg timestamp="20230911 11:12:06.225" level="INFO">Releasing special key ENTER.</msg>
<status status="PASS" starttime="20230911 11:11:59.780" endtime="20230911 11:12:08.288"/>
</kw>
<kw name="Press Keys" library="SeleniumLibrary">
<arg>${TimeSheet_EndDate}</arg>
<arg>${i}</arg>
<arg>ENTER</arg>
<doc>Simulates the user pressing key(s) to an element or on the active browser.</doc>
<msg timestamp="20230911 11:12:08.288" level="INFO">Sending key(s) ('2023-09-15', 'ENTER') to xpath://input[@placeholder='End date'] element.</msg>
<msg timestamp="20230911 11:12:12.586" level="INFO">Sending keys 2023-09-15</msg>
<msg timestamp="20230911 11:12:14.744" level="INFO">Pressing special key ENTER to element.</msg>
<msg timestamp="20230911 11:12:14.744" level="INFO">Releasing special key ENTER.</msg>
<status status="PASS" starttime="20230911 11:12:08.288" endtime="20230911 11:12:16.880"/>
</kw>
<kw name="Press Keys" library="SeleniumLibrary">
<arg>${TimeSheet_StartTime}</arg>
<arg>${fromtime}</arg>
<arg>ENTER</arg>
<doc>Simulates the user pressing key(s) to an element or on the active browser.</doc>
<msg timestamp="20230911 11:12:16.880" level="INFO">Sending key(s) ('9:00 am', 'ENTER') to xpath://input[@id='basic_tasks_0_startTime'] element.</msg>
<msg timestamp="20230911 11:12:21.227" level="INFO">Sending keys 9:00 am</msg>
<msg timestamp="20230911 11:12:23.299" level="INFO">Pressing special key ENTER to element.</msg>
<msg timestamp="20230911 11:12:23.299" level="INFO">Releasing special key ENTER.</msg>
<status status="PASS" starttime="20230911 11:12:16.880" endtime="20230911 11:12:25.342"/>
</kw>
<kw name="Press Keys" library="SeleniumLibrary">
<arg>${TimeSheet_EndTime}</arg>
<arg>${totime}</arg>
<arg>ENTER</arg>
<doc>Simulates the user pressing key(s) to an element or on the active browser.</doc>
<msg timestamp="20230911 11:12:25.342" level="INFO">Sending key(s) ('6:00 pm', 'ENTER') to xpath://input[@id='basic_tasks_0_endTime'] element.</msg>
<msg timestamp="20230911 11:12:29.633" level="INFO">Sending keys 6:00 pm</msg>
<msg timestamp="20230911 11:12:31.730" level="INFO">Pressing special key ENTER to element.</msg>
<msg timestamp="20230911 11:12:31.730" level="INFO">Releasing special key ENTER.</msg>
<status status="PASS" starttime="20230911 11:12:25.342" endtime="20230911 11:12:33.776"/>
</kw>
<kw name="Press Keys" library="SeleniumLibrary">
<arg>${TimeSheet_Project}</arg>
<arg>${project}</arg>
<arg>ENTER</arg>
<doc>Simulates the user pressing key(s) to an element or on the active browser.</doc>
<msg timestamp="20230911 11:12:33.776" level="INFO">Sending key(s) ('Rampup_S', 'ENTER') to xpath://input[@id='basic_tasks_0_projectId'] element.</msg>
<msg timestamp="20230911 11:12:38.081" level="INFO">Sending keys Rampup_S</msg>
<msg timestamp="20230911 11:12:40.162" level="INFO">Pressing special key ENTER to element.</msg>
<msg timestamp="20230911 11:12:40.162" level="INFO">Releasing special key ENTER.</msg>
<status status="PASS" starttime="20230911 11:12:33.776" endtime="20230911 11:12:42.199"/>
</kw>
<kw name="Press Keys" library="SeleniumLibrary">
<arg>${TimeSheet_TaskName}</arg>
<arg>${task}</arg>
<doc>Simulates the user pressing key(s) to an element or on the active browser.</doc>
<msg timestamp="20230911 11:12:42.199" level="INFO">Sending key(s) ('UI Automation',) to xpath://input[@id='basic_tasks_0_taskName'] element.</msg>
<msg timestamp="20230911 11:12:46.505" level="INFO">Sending keys UI Automation</msg>
<status status="PASS" starttime="20230911 11:12:42.199" endtime="20230911 11:12:48.913"/>
</kw>
<kw name="Click Element" library="SeleniumLibrary">
<arg>${TimeSheet_TaskDescription}</arg>
<doc>Click the element identified by ``locator``.</doc>
<msg timestamp="20230911 11:12:48.913" level="INFO">Clicking element 'xpath://textarea[@id='basic_tasks_0_notes']'.</msg>
<status status="PASS" starttime="20230911 11:12:48.913" endtime="20230911 11:12:52.972"/>
</kw>
<kw name="Input Text" library="SeleniumLibrary">
<arg>${TimeSheet_TaskDescription}</arg>
<arg>${description}</arg>
<doc>Types the given ``text`` into the text field identified by ``locator``.</doc>
<msg timestamp="20230911 11:12:52.972" level="INFO">Typing text 'Worked on Automation Task.' into text field 'xpath://textarea[@id='basic_tasks_0_notes']'.</msg>
<status status="PASS" starttime="20230911 11:12:52.972" endtime="20230911 11:12:59.673"/>
</kw>
<kw name="Click Element" library="SeleniumLibrary">
<arg>${TimeSheet_SubmitButton}</arg>
<doc>Click the element identified by ``locator``.</doc>
<msg timestamp="20230911 11:12:59.673" level="INFO">Clicking element 'xpath://div[@class='footer___2ao1m']/button[2]'.</msg>
<status status="PASS" starttime="20230911 11:12:59.673" endtime="20230911 11:13:03.808"/>
</kw>
<kw name="Sleep" library="BuiltIn">
<arg>3</arg>
<doc>Pauses the test executed for the given time.</doc>
<msg timestamp="20230911 11:13:06.808" level="INFO">Slept 3 seconds</msg>
<status status="PASS" starttime="20230911 11:13:03.808" endtime="20230911 11:13:06.808"/>
</kw>
<status status="PASS" starttime="20230911 11:11:47.225" endtime="20230911 11:13:06.808"/>
</iter>
<iter>
<var name="${i}">2023-09-16</var>
<kw name="Set Selenium Speed" library="SeleniumLibrary">
<arg>2s</arg>
<doc>Sets the delay that is waited after each Selenium command.</doc>
<status status="PASS" starttime="20230911 11:13:06.808" endtime="20230911 11:13:06.808"/>
</kw>
<kw name="Mouse Over" library="SeleniumLibrary">
<arg>${TimeSheet_AddTask}</arg>
<doc>Simulates hovering the mouse over the element ``locator``.</doc>
<msg timestamp="20230911 11:13:06.808" level="INFO">Simulating Mouse Over on element 'xpath://div[@class='right___IuPRy']/button[3]'.</msg>
<status status="PASS" starttime="20230911 11:13:06.808" endtime="20230911 11:13:11.119"/>
</kw>
<kw name="Click Element" library="SeleniumLibrary">
<arg>${TimeSheet_AddTask}</arg>
<doc>Click the element identified by ``locator``.</doc>
<msg timestamp="20230911 11:13:11.119" level="INFO">Clicking element 'xpath://div[@class='right___IuPRy']/button[3]'.</msg>
<status status="PASS" starttime="20230911 11:13:11.119" endtime="20230911 11:13:15.222"/>
</kw>
<kw name="Click Element" library="SeleniumLibrary">
<arg>${TimeSheet_StartDate}</arg>
<doc>Click the element identified by ``locator``.</doc>
<msg timestamp="20230911 11:13:15.222" level="INFO">Clicking element 'xpath://input[@placeholder='Start date']'.</msg>
<status status="PASS" starttime="20230911 11:13:15.222" endtime="20230911 11:13:19.448"/>
</kw>
<kw name="Press Keys" library="SeleniumLibrary">
<arg>${TimeSheet_StartDate}</arg>
<arg>${i}</arg>
<arg>ENTER</arg>
<doc>Simulates the user pressing key(s) to an element or on the active browser.</doc>
<msg timestamp="20230911 11:13:19.448" level="INFO">Sending key(s) ('2023-09-16', 'ENTER') to xpath://input[@placeholder='Start date'] element.</msg>
<msg timestamp="20230911 11:13:23.756" level="INFO">Sending keys 2023-09-16</msg>
<msg timestamp="20230911 11:13:25.906" level="INFO">Pressing special key ENTER to element.</msg>
<msg timestamp="20230911 11:13:25.906" level="INFO">Releasing special key ENTER.</msg>
<status status="PASS" starttime="20230911 11:13:19.448" endtime="20230911 11:13:27.977"/>
</kw>
<kw name="Press Keys" library="SeleniumLibrary">
<arg>${TimeSheet_EndDate}</arg>
<arg>${i}</arg>
<arg>ENTER</arg>
<doc>Simulates the user pressing key(s) to an element or on the active browser.</doc>
<msg timestamp="20230911 11:13:27.978" level="INFO">Sending key(s) ('2023-09-16', 'ENTER') to xpath://input[@placeholder='End date'] element.</msg>
<msg timestamp="20230911 11:13:32.281" level="INFO">Sending keys 2023-09-16</msg>
<msg timestamp="20230911 11:13:34.443" level="INFO">Pressing special key ENTER to element.</msg>
<msg timestamp="20230911 11:13:34.443" level="INFO">Releasing special key ENTER.</msg>
<status status="PASS" starttime="20230911 11:13:27.977" endtime="20230911 11:13:36.591"/>
</kw>
<kw name="Press Keys" library="SeleniumLibrary">
<arg>${TimeSheet_StartTime}</arg>
<arg>${fromtime}</arg>
<arg>ENTER</arg>
<doc>Simulates the user pressing key(s) to an element or on the active browser.</doc>
<msg timestamp="20230911 11:13:36.591" level="INFO">Sending key(s) ('9:00 am', 'ENTER') to xpath://input[@id='basic_tasks_0_startTime'] element.</msg>
<msg timestamp="20230911 11:13:41.002" level="INFO">Sending keys 9:00 am</msg>
<msg timestamp="20230911 11:13:43.079" level="INFO">Pressing special key ENTER to element.</msg>
<msg timestamp="20230911 11:13:43.079" level="INFO">Releasing special key ENTER.</msg>
<status status="PASS" starttime="20230911 11:13:36.591" endtime="20230911 11:13:45.140"/>
</kw>
<kw name="Press Keys" library="SeleniumLibrary">
<arg>${TimeSheet_EndTime}</arg>
<arg>${totime}</arg>
<arg>ENTER</arg>
<doc>Simulates the user pressing key(s) to an element or on the active browser.</doc>
<msg timestamp="20230911 11:13:45.140" level="INFO">Sending key(s) ('6:00 pm', 'ENTER') to xpath://input[@id='basic_tasks_0_endTime'] element.</msg>
<msg timestamp="20230911 11:13:49.453" level="INFO">Sending keys 6:00 pm</msg>
<msg timestamp="20230911 11:13:51.519" level="INFO">Pressing special key ENTER to element.</msg>
<msg timestamp="20230911 11:13:51.519" level="INFO">Releasing special key ENTER.</msg>
<status status="PASS" starttime="20230911 11:13:45.140" endtime="20230911 11:13:53.567"/>
</kw>
<kw name="Press Keys" library="SeleniumLibrary">
<arg>${TimeSheet_Project}</arg>
<arg>${project}</arg>
<arg>ENTER</arg>
<doc>Simulates the user pressing key(s) to an element or on the active browser.</doc>
<msg timestamp="20230911 11:13:53.567" level="INFO">Sending key(s) ('Rampup_S', 'ENTER') to xpath://input[@id='basic_tasks_0_projectId'] element.</msg>
<msg timestamp="20230911 11:13:57.860" level="INFO">Sending keys Rampup_S</msg>
<msg timestamp="20230911 11:13:59.945" level="INFO">Pressing special key ENTER to element.</msg>
<msg timestamp="20230911 11:13:59.945" level="INFO">Releasing special key ENTER.</msg>
<status status="PASS" starttime="20230911 11:13:53.567" endtime="20230911 11:14:01.988"/>
</kw>
<kw name="Press Keys" library="SeleniumLibrary">
<arg>${TimeSheet_TaskName}</arg>
<arg>${task}</arg>
<doc>Simulates the user pressing key(s) to an element or on the active browser.</doc>
<msg timestamp="20230911 11:14:01.988" level="INFO">Sending key(s) ('UI Automation',) to xpath://input[@id='basic_tasks_0_taskName'] element.</msg>
<msg timestamp="20230911 11:14:06.277" level="INFO">Sending keys UI Automation</msg>
<status status="PASS" starttime="20230911 11:14:01.988" endtime="20230911 11:14:08.730"/>
</kw>
<kw name="Click Element" library="SeleniumLibrary">
<arg>${TimeSheet_TaskDescription}</arg>
<doc>Click the element identified by ``locator``.</doc>
<msg timestamp="20230911 11:14:08.730" level="INFO">Clicking element 'xpath://textarea[@id='basic_tasks_0_notes']'.</msg>
<status status="PASS" starttime="20230911 11:14:08.730" endtime="20230911 11:14:12.789"/>
</kw>
<kw name="Input Text" library="SeleniumLibrary">
<arg>${TimeSheet_TaskDescription}</arg>
<arg>${description}</arg>
<doc>Types the given ``text`` into the text field identified by ``locator``.</doc>
<msg timestamp="20230911 11:14:12.789" level="INFO">Typing text 'Worked on Automation Task.' into text field 'xpath://textarea[@id='basic_tasks_0_notes']'.</msg>
<status status="PASS" starttime="20230911 11:14:12.789" endtime="20230911 11:14:19.507"/>
</kw>
<kw name="Click Element" library="SeleniumLibrary">
<arg>${TimeSheet_SubmitButton}</arg>
<doc>Click the element identified by ``locator``.</doc>
<msg timestamp="20230911 11:14:19.507" level="INFO">Clicking element 'xpath://div[@class='footer___2ao1m']/button[2]'.</msg>
<status status="PASS" starttime="20230911 11:14:19.507" endtime="20230911 11:14:23.645"/>
</kw>
<kw name="Sleep" library="BuiltIn">
<arg>3</arg>
<doc>Pauses the test executed for the given time.</doc>
<msg timestamp="20230911 11:14:26.645" level="INFO">Slept 3 seconds</msg>
<status status="PASS" starttime="20230911 11:14:23.645" endtime="20230911 11:14:26.645"/>
</kw>
<status status="PASS" starttime="20230911 11:13:06.808" endtime="20230911 11:14:26.645"/>
</iter>
<iter>
<var name="${i}">2023-09-17</var>
<kw name="Set Selenium Speed" library="SeleniumLibrary">
<arg>2s</arg>
<doc>Sets the delay that is waited after each Selenium command.</doc>
<status status="PASS" starttime="20230911 11:14:26.645" endtime="20230911 11:14:26.645"/>
</kw>
<kw name="Mouse Over" library="SeleniumLibrary">
<arg>${TimeSheet_AddTask}</arg>
<doc>Simulates hovering the mouse over the element ``locator``.</doc>
<msg timestamp="20230911 11:14:26.645" level="INFO">Simulating Mouse Over on element 'xpath://div[@class='right___IuPRy']/button[3]'.</msg>
<status status="PASS" starttime="20230911 11:14:26.645" endtime="20230911 11:14:30.933"/>
</kw>
<kw name="Click Element" library="SeleniumLibrary">
<arg>${TimeSheet_AddTask}</arg>
<doc>Click the element identified by ``locator``.</doc>
<msg timestamp="20230911 11:14:30.933" level="INFO">Clicking element 'xpath://div[@class='right___IuPRy']/button[3]'.</msg>
<status status="PASS" starttime="20230911 11:14:30.933" endtime="20230911 11:14:35.036"/>
</kw>
<kw name="Click Element" library="SeleniumLibrary">
<arg>${TimeSheet_StartDate}</arg>
<doc>Click the element identified by ``locator``.</doc>
<msg timestamp="20230911 11:14:35.036" level="INFO">Clicking element 'xpath://input[@placeholder='Start date']'.</msg>
<status status="PASS" starttime="20230911 11:14:35.036" endtime="20230911 11:14:39.219"/>
</kw>
<kw name="Press Keys" library="SeleniumLibrary">
<arg>${TimeSheet_StartDate}</arg>
<arg>${i}</arg>
<arg>ENTER</arg>
<doc>Simulates the user pressing key(s) to an element or on the active browser.</doc>
<msg timestamp="20230911 11:14:39.219" level="INFO">Sending key(s) ('2023-09-17', 'ENTER') to xpath://input[@placeholder='Start date'] element.</msg>
<msg timestamp="20230911 11:14:43.511" level="INFO">Sending keys 2023-09-17</msg>
<msg timestamp="20230911 11:14:45.668" level="INFO">Pressing special key ENTER to element.</msg>
<msg timestamp="20230911 11:14:45.668" level="INFO">Releasing special key ENTER.</msg>
<status status="PASS" starttime="20230911 11:14:39.219" endtime="20230911 11:14:47.752"/>
</kw>
<kw name="Press Keys" library="SeleniumLibrary">
<arg>${TimeSheet_EndDate}</arg>
<arg>${i}</arg>
<arg>ENTER</arg>
<doc>Simulates the user pressing key(s) to an element or on the active browser.</doc>
<msg timestamp="20230911 11:14:47.752" level="INFO">Sending key(s) ('2023-09-17', 'ENTER') to xpath://input[@placeholder='End date'] element.</msg>
<msg timestamp="20230911 11:14:52.068" level="INFO">Sending keys 2023-09-17</msg>
<msg timestamp="20230911 11:14:54.232" level="INFO">Pressing special key ENTER to element.</msg>
<msg timestamp="20230911 11:14:54.232" level="INFO">Releasing special key ENTER.</msg>
<status status="PASS" starttime="20230911 11:14:47.752" endtime="20230911 11:14:56.395"/>
</kw>
<kw name="Press Keys" library="SeleniumLibrary">
<arg>${TimeSheet_StartTime}</arg>
<arg>${fromtime}</arg>
<arg>ENTER</arg>
<doc>Simulates the user pressing key(s) to an element or on the active browser.</doc>
<msg timestamp="20230911 11:14:56.395" level="INFO">Sending key(s) ('9:00 am', 'ENTER') to xpath://input[@id='basic_tasks_0_startTime'] element.</msg>
<msg timestamp="20230911 11:15:00.710" level="INFO">Sending keys 9:00 am</msg>
<msg timestamp="20230911 11:15:02.774" level="INFO">Pressing special key ENTER to element.</msg>
<msg timestamp="20230911 11:15:02.774" level="INFO">Releasing special key ENTER.</msg>
<status status="PASS" starttime="20230911 11:14:56.395" endtime="20230911 11:15:04.849"/>
</kw>
<kw name="Press Keys" library="SeleniumLibrary">
<arg>${TimeSheet_EndTime}</arg>
<arg>${totime}</arg>
<arg>ENTER</arg>
<doc>Simulates the user pressing key(s) to an element or on the active browser.</doc>
<msg timestamp="20230911 11:15:04.849" level="INFO">Sending key(s) ('6:00 pm', 'ENTER') to xpath://input[@id='basic_tasks_0_endTime'] element.</msg>
<msg timestamp="20230911 11:15:09.142" level="INFO">Sending keys 6:00 pm</msg>
<msg timestamp="20230911 11:15:11.210" level="INFO">Pressing special key ENTER to element.</msg>
<msg timestamp="20230911 11:15:11.210" level="INFO">Releasing special key ENTER.</msg>
<status status="PASS" starttime="20230911 11:15:04.849" endtime="20230911 11:15:13.249"/>
</kw>
<kw name="Press Keys" library="SeleniumLibrary">
<arg>${TimeSheet_Project}</arg>
<arg>${project}</arg>
<arg>ENTER</arg>
<doc>Simulates the user pressing key(s) to an element or on the active browser.</doc>
<msg timestamp="20230911 11:15:13.249" level="INFO">Sending key(s) ('Rampup_S', 'ENTER') to xpath://input[@id='basic_tasks_0_projectId'] element.</msg>
<msg timestamp="20230911 11:15:17.549" level="INFO">Sending keys Rampup_S</msg>
<msg timestamp="20230911 11:15:19.633" level="INFO">Pressing special key ENTER to element.</msg>
<msg timestamp="20230911 11:15:19.633" level="INFO">Releasing special key ENTER.</msg>
<status status="PASS" starttime="20230911 11:15:13.249" endtime="20230911 11:15:21.673"/>
</kw>
<kw name="Press Keys" library="SeleniumLibrary">
<arg>${TimeSheet_TaskName}</arg>
<arg>${task}</arg>
<doc>Simulates the user pressing key(s) to an element or on the active browser.</doc>
<msg timestamp="20230911 11:15:21.673" level="INFO">Sending key(s) ('UI Automation',) to xpath://input[@id='basic_tasks_0_taskName'] element.</msg>
<msg timestamp="20230911 11:15:25.978" level="INFO">Sending keys UI Automation</msg>
<status status="PASS" starttime="20230911 11:15:21.673" endtime="20230911 11:15:28.361"/>
</kw>
<kw name="Click Element" library="SeleniumLibrary">
<arg>${TimeSheet_TaskDescription}</arg>
<doc>Click the element identified by ``locator``.</doc>
<msg timestamp="20230911 11:15:28.361" level="INFO">Clicking element 'xpath://textarea[@id='basic_tasks_0_notes']'.</msg>
<status status="PASS" starttime="20230911 11:15:28.361" endtime="20230911 11:15:32.420"/>
</kw>
<kw name="Input Text" library="SeleniumLibrary">
<arg>${TimeSheet_TaskDescription}</arg>
<arg>${description}</arg>
<doc>Types the given ``text`` into the text field identified by ``locator``.</doc>
<msg timestamp="20230911 11:15:32.420" level="INFO">Typing text 'Worked on Automation Task.' into text field 'xpath://textarea[@id='basic_tasks_0_notes']'.</msg>
<status status="PASS" starttime="20230911 11:15:32.420" endtime="20230911 11:15:39.144"/>
</kw>
<kw name="Click Element" library="SeleniumLibrary">
<arg>${TimeSheet_SubmitButton}</arg>
<doc>Click the element identified by ``locator``.</doc>
<msg timestamp="20230911 11:15:39.144" level="INFO">Clicking element 'xpath://div[@class='footer___2ao1m']/button[2]'.</msg>
<status status="PASS" starttime="20230911 11:15:39.144" endtime="20230911 11:15:43.286"/>
</kw>
<kw name="Sleep" library="BuiltIn">
<arg>3</arg>
<doc>Pauses the test executed for the given time.</doc>
<msg timestamp="20230911 11:15:46.287" level="INFO">Slept 3 seconds</msg>
<status status="PASS" starttime="20230911 11:15:43.286" endtime="20230911 11:15:46.287"/>
</kw>
<status status="PASS" starttime="20230911 11:14:26.645" endtime="20230911 11:15:46.287"/>
</iter>
<status status="PASS" starttime="20230911 11:06:26.606" endtime="20230911 11:15:46.287"/>
</for>
<status status="PASS" starttime="20230911 11:06:16.161" endtime="20230911 11:15:46.287"/>
</kw>
<kw name="Delete Newly Created TimeSheet For Weekly" library="HROS_keywords">
<kw name="Wait Until Element Is Visible" library="SeleniumLibrary">
<arg>${Left_Menu_TimeSheet}</arg>
<doc>Waits until the element ``locator`` is visible.</doc>
<status status="PASS" starttime="20230911 11:15:46.287" endtime="20230911 11:15:50.318"/>
</kw>
<kw name="Mouse Over" library="SeleniumLibrary">
<arg>${Left_Menu_TimeSheet}</arg>
<doc>Simulates hovering the mouse over the element ``locator``.</doc>
<msg timestamp="20230911 11:15:50.318" level="INFO">Simulating Mouse Over on element 'xpath:(//span[@class='ant-menu-title-content'])[7]'.</msg>
<status status="PASS" starttime="20230911 11:15:50.318" endtime="20230911 11:15:54.602"/>
</kw>
<kw name="Click Element" library="SeleniumLibrary">
<arg>${Left_Menu_TimeSheet}</arg>
<doc>Click the element identified by ``locator``.</doc>
<msg timestamp="20230911 11:15:54.602" level="INFO">Clicking element 'xpath:(//span[@class='ant-menu-title-content'])[7]'.</msg>
<status status="PASS" starttime="20230911 11:15:54.602" endtime="20230911 11:15:58.723"/>
</kw>
<kw name="Sleep" library="BuiltIn">
<arg>10</arg>
<doc>Pauses the test executed for the given time.</doc>
<msg timestamp="20230911 11:16:08.724" level="INFO">Slept 10 seconds</msg>
<status status="PASS" starttime="20230911 11:15:58.723" endtime="20230911 11:16:08.724"/>
</kw>
<kw name="Get the Dates" library="HROS_keywords">
<var>${days}</var>
<kw name="Get Current Date" library="DateTime">
<var>${Today_Date}</var>
<arg>result_format=%Y-%m-%d</arg>
<doc>Returns current local or UTC time with an optional increment.</doc>
<msg timestamp="20230911 11:16:08.724" level="INFO">${Today_Date} = 2023-09-11</msg>
<status status="PASS" starttime="20230911 11:16:08.724" endtime="20230911 11:16:08.724"/>
</kw>
<kw name="Convert To String" library="BuiltIn">
<var>${year}</var>
<arg>${Today_Date.split('-')[0]}</arg>
<doc>Converts the given item to a Unicode string.</doc>
<msg timestamp="20230911 11:16:08.724" level="INFO">${year} = 2023</msg>
<status status="PASS" starttime="20230911 11:16:08.724" endtime="20230911 11:16:08.724"/>
</kw>
<kw name="Convert To String" library="BuiltIn">
<var>${month}</var>
<arg>${Today_Date.split('-')[1]}</arg>
<doc>Converts the given item to a Unicode string.</doc>
<msg timestamp="20230911 11:16:08.724" level="INFO">${month} = 09</msg>
<status status="PASS" starttime="20230911 11:16:08.724" endtime="20230911 11:16:08.724"/>
</kw>
<kw name="Convert To Integer" library="BuiltIn">
<var>${day}</var>
<arg>${Today_Date.split('-')[2]}</arg>
<doc>Converts the given item to an integer number.</doc>
<msg timestamp="20230911 11:16:08.724" level="INFO">${day} = 11</msg>
<status status="PASS" starttime="20230911 11:16:08.724" endtime="20230911 11:16:08.724"/>
</kw>
<kw name="Create List" library="BuiltIn">
<var>${date_list}</var>
<doc>Returns a list containing given items.</doc>
<msg timestamp="20230911 11:16:08.724" level="INFO">${date_list} = []</msg>
<status status="PASS" starttime="20230911 11:16:08.724" endtime="20230911 11:16:08.724"/>
</kw>
<while condition="len(${date_list}) &lt; 7">
<iter>
<kw name="Evaluate" library="BuiltIn">
<var>${day_len}</var>
<arg>len('${day}')</arg>
<doc>Evaluates the given expression in Python and returns the result.</doc>
<msg timestamp="20230911 11:16:08.724" level="INFO">${day_len} = 2</msg>
<status status="PASS" starttime="20230911 11:16:08.724" endtime="20230911 11:16:08.724"/>
</kw>
<if>
<branch type="IF" condition="${day_len} &lt; 2">
<kw name="Append To List" library="Collections">
<arg>${date_list}</arg>
<arg>${year}-${month}-0${day}</arg>
<doc>Adds ``values`` to the end of ``list``.</doc>
<status status="NOT RUN" starttime="20230911 11:16:08.724" endtime="20230911 11:16:08.724"/>
</kw>
<status status="NOT RUN" starttime="20230911 11:16:08.724" endtime="20230911 11:16:08.724"/>
</branch>
<branch type="ELSE">
<kw name="Append To List" library="Collections">
<arg>${date_list}</arg>
<arg>${year}-${month}-${day}</arg>
<doc>Adds ``values`` to the end of ``list``.</doc>
<status status="PASS" starttime="20230911 11:16:08.724" endtime="20230911 11:16:08.724"/>
</kw>
<status status="PASS" starttime="20230911 11:16:08.724" endtime="20230911 11:16:08.724"/>
</branch>
<status status="PASS" starttime="20230911 11:16:08.724" endtime="20230911 11:16:08.724"/>
</if>
<kw name="Evaluate" library="BuiltIn">
<var>${day}</var>
<arg>${day} + 1</arg>
<doc>Evaluates the given expression in Python and returns the result.</doc>
<msg timestamp="20230911 11:16:08.724" level="INFO">${day} = 12</msg>
<status status="PASS" starttime="20230911 11:16:08.724" endtime="20230911 11:16:08.724"/>
</kw>
<kw name="Set Variable" library="BuiltIn">
<var>${Today_Date}</var>
<arg>${year}-${month}-${day}</arg>
<doc>Returns the given values which can then be assigned to a variables.</doc>
<msg timestamp="20230911 11:16:08.724" level="INFO">${Today_Date} = 2023-09-12</msg>
<status status="PASS" starttime="20230911 11:16:08.724" endtime="20230911 11:16:08.724"/>
</kw>
<status status="PASS" starttime="20230911 11:16:08.724" endtime="20230911 11:16:08.724"/>
</iter>
<iter>
<kw name="Evaluate" library="BuiltIn">
<var>${day_len}</var>
<arg>len('${day}')</arg>
<doc>Evaluates the given expression in Python and returns the result.</doc>
<msg timestamp="20230911 11:16:08.724" level="INFO">${day_len} = 2</msg>
[...]
<value>@{days}</value>
<iter>
<var name="${i}">2023-09-11</var>
<kw name="Set Selenium Speed" library="SeleniumLibrary">
<arg>3s</arg>
<doc>Sets the delay that is waited after each Selenium command.</doc>
<status status="PASS" starttime="20230911 11:24:21.158" endtime="20230911 11:24:21.158"/>
</kw>
<kw name="Mouse Over" library="SeleniumLibrary">
<arg>${TimeSheet_TaskDelete}</arg>
<doc>Simulates hovering the mouse over the element ``locator``.</doc>
<msg timestamp="20230911 11:24:21.158" level="INFO">Simulating Mouse Over on element 'xpath://div[@class='actionsButton___12SV-']/img[3]'.</msg>
<status status="PASS" starttime="20230911 11:24:21.158" endtime="20230911 11:24:27.438"/>
</kw>
<kw name="Click Element" library="SeleniumLibrary">
<arg>${TimeSheet_TaskDelete}</arg>
<doc>Click the element identified by ``locator``.</doc>
<msg timestamp="20230911 11:24:27.438" level="INFO">Clicking element 'xpath://div[@class='actionsButton___12SV-']/img[3]'.</msg>
<status status="PASS" starttime="20230911 11:24:27.438" endtime="20230911 11:24:33.509"/>
</kw>
<kw name="Mouse Over" library="SeleniumLibrary">
<arg>${TimeSheet_TaskDelete_Yes}</arg>
<doc>Simulates hovering the mouse over the element ``locator``.</doc>
<msg timestamp="20230911 11:24:33.509" level="INFO">Simulating Mouse Over on element 'xpath://button[@type='submit']'.</msg>
<status status="PASS" starttime="20230911 11:24:33.509" endtime="20230911 11:24:39.788"/>
</kw>
<kw name="Click Element" library="SeleniumLibrary">
<arg>${TimeSheet_TaskDelete_Yes}</arg>
<doc>Click the element identified by ``locator``.</doc>
<msg timestamp="20230911 11:24:39.788" level="INFO">Clicking element 'xpath://button[@type='submit']'.</msg>
<status status="PASS" starttime="20230911 11:24:39.788" endtime="20230911 11:24:45.855"/>
</kw>
<kw name="Mouse Over" library="SeleniumLibrary">
<arg>${TimeSheet_NextDate}</arg>
<doc>Simulates hovering the mouse over the element ``locator``.</doc>
<msg timestamp="20230911 11:24:45.855" level="INFO">Simulating Mouse Over on element 'xpath://div[@class='MyArrowDatePicker']/button[2]'.</msg>
<status status="PASS" starttime="20230911 11:24:45.855" endtime="20230911 11:24:52.134"/>
</kw>
<kw name="Click Element" library="SeleniumLibrary">
<arg>${TimeSheet_NextDate}</arg>
<doc>Click the element identified by ``locator``.</doc>
<msg timestamp="20230911 11:24:52.134" level="INFO">Clicking element 'xpath://div[@class='MyArrowDatePicker']/button[2]'.</msg>
<status status="PASS" starttime="20230911 11:24:52.134" endtime="20230911 11:24:58.186"/>
</kw>
<status status="PASS" starttime="20230911 11:24:21.158" endtime="20230911 11:24:58.186"/>
</iter>
<iter>
<var name="${i}">2023-09-12</var>
<kw name="Set Selenium Speed" library="SeleniumLibrary">
<arg>3s</arg>
<doc>Sets the delay that is waited after each Selenium command.</doc>
<status status="PASS" starttime="20230911 11:24:58.186" endtime="20230911 11:24:58.186"/>
</kw>
<kw name="Mouse Over" library="SeleniumLibrary">
<arg>${TimeSheet_TaskDelete}</arg>
<doc>Simulates hovering the mouse over the element ``locator``.</doc>
<msg timestamp="20230911 11:24:58.186" level="INFO">Simulating Mouse Over on element 'xpath://div[@class='actionsButton___12SV-']/img[3]'.</msg>
<status status="PASS" starttime="20230911 11:24:58.186" endtime="20230911 11:25:04.470"/>
</kw>
<kw name="Click Element" library="SeleniumLibrary">
<arg>${TimeSheet_TaskDelete}</arg>
<doc>Click the element identified by ``locator``.</doc>
<msg timestamp="20230911 11:25:04.470" level="INFO">Clicking element 'xpath://div[@class='actionsButton___12SV-']/img[3]'.</msg>
<status status="PASS" starttime="20230911 11:25:04.470" endtime="20230911 11:25:10.530"/>
</kw>
<kw name="Mouse Over" library="SeleniumLibrary">
<arg>${TimeSheet_TaskDelete_Yes}</arg>
<doc>Simulates hovering the mouse over the element ``locator``.</doc>
<msg timestamp="20230911 11:25:10.530" level="INFO">Simulating Mouse Over on element 'xpath://button[@type='submit']'.</msg>
<status status="PASS" starttime="20230911 11:25:10.530" endtime="20230911 11:25:16.819"/>
</kw>
<kw name="Click Element" library="SeleniumLibrary">
<arg>${TimeSheet_TaskDelete_Yes}</arg>
<doc>Click the element identified by ``locator``.</doc>
<msg timestamp="20230911 11:25:16.819" level="INFO">Clicking element 'xpath://button[@type='submit']'.</msg>
<status status="PASS" starttime="20230911 11:25:16.819" endtime="20230911 11:25:22.875"/>
</kw>
<kw name="Mouse Over" library="SeleniumLibrary">
<arg>${TimeSheet_NextDate}</arg>
<doc>Simulates hovering the mouse over the element ``locator``.</doc>
<msg timestamp="20230911 11:25:22.875" level="INFO">Simulating Mouse Over on element 'xpath://div[@class='MyArrowDatePicker']/button[2]'.</msg>
<status status="PASS" starttime="20230911 11:25:22.875" endtime="20230911 11:25:29.161"/>
</kw>
<kw name="Click Element" library="SeleniumLibrary">
<arg>${TimeSheet_NextDate}</arg>
<doc>Click the element identified by ``locator``.</doc>
<msg timestamp="20230911 11:25:29.161" level="INFO">Clicking element 'xpath://div[@class='MyArrowDatePicker']/button[2]'.</msg>
<status status="PASS" starttime="20230911 11:25:29.161" endtime="20230911 11:25:35.210"/>
</kw>
<status status="PASS" starttime="20230911 11:24:58.186" endtime="20230911 11:25:35.210"/>
</iter>
<iter>
<var name="${i}">2023-09-13</var>
<kw name="Set Selenium Speed" library="SeleniumLibrary">
<arg>3s</arg>
<doc>Sets the delay that is waited after each Selenium command.</doc>
<status status="PASS" starttime="20230911 11:25:35.210" endtime="20230911 11:25:35.210"/>
</kw>
<kw name="Mouse Over" library="SeleniumLibrary">
<arg>${TimeSheet_TaskDelete}</arg>
<doc>Simulates hovering the mouse over the element ``locator``.</doc>
<msg timestamp="20230911 11:25:35.210" level="INFO">Simulating Mouse Over on element 'xpath://div[@class='actionsButton___12SV-']/img[3]'.</msg>
<status status="PASS" starttime="20230911 11:25:35.210" endtime="20230911 11:25:41.500"/>
</kw>
<kw name="Click Element" library="SeleniumLibrary">
<arg>${TimeSheet_TaskDelete}</arg>
<doc>Click the element identified by ``locator``.</doc>
<msg timestamp="20230911 11:25:41.500" level="INFO">Clicking element 'xpath://div[@class='actionsButton___12SV-']/img[3]'.</msg>
<status status="PASS" starttime="20230911 11:25:41.500" endtime="20230911 11:25:47.584"/>
</kw>
<kw name="Mouse Over" library="SeleniumLibrary">
<arg>${TimeSheet_TaskDelete_Yes}</arg>
<doc>Simulates hovering the mouse over the element ``locator``.</doc>
<msg timestamp="20230911 11:25:47.584" level="INFO">Simulating Mouse Over on element 'xpath://button[@type='submit']'.</msg>
<status status="PASS" starttime="20230911 11:25:47.584" endtime="20230911 11:25:53.867"/>
</kw>
<kw name="Click Element" library="SeleniumLibrary">
<arg>${TimeSheet_TaskDelete_Yes}</arg>
<doc>Click the element identified by ``locator``.</doc>
<msg timestamp="20230911 11:25:53.867" level="INFO">Clicking element 'xpath://button[@type='submit']'.</msg>
<status status="PASS" starttime="20230911 11:25:53.867" endtime="20230911 11:25:59.923"/>
</kw>
<kw name="Mouse Over" library="SeleniumLibrary">
<arg>${TimeSheet_NextDate}</arg>
<doc>Simulates hovering the mouse over the element ``locator``.</doc>
<msg timestamp="20230911 11:25:59.923" level="INFO">Simulating Mouse Over on element 'xpath://div[@class='MyArrowDatePicker']/button[2]'.</msg>
<status status="PASS" starttime="20230911 11:25:59.923" endtime="20230911 11:26:06.200"/>
</kw>
<kw name="Click Element" library="SeleniumLibrary">
<arg>${TimeSheet_NextDate}</arg>
<doc>Click the element identified by ``locator``.</doc>
<msg timestamp="20230911 11:26:06.200" level="INFO">Clicking element 'xpath://div[@class='MyArrowDatePicker']/button[2]'.</msg>
<status status="PASS" starttime="20230911 11:26:06.200" endtime="20230911 11:26:12.251"/>
</kw>
<status status="PASS" starttime="20230911 11:25:35.210" endtime="20230911 11:26:12.251"/>
</iter>
<iter>
<var name="${i}">2023-09-14</var>
<kw name="Set Selenium Speed" library="SeleniumLibrary">
<arg>3s</arg>
<doc>Sets the delay that is waited after each Selenium command.</doc>
<status status="PASS" starttime="20230911 11:26:12.251" endtime="20230911 11:26:12.251"/>
</kw>
<kw name="Mouse Over" library="SeleniumLibrary">
<arg>${TimeSheet_TaskDelete}</arg>
<doc>Simulates hovering the mouse over the element ``locator``.</doc>
<msg timestamp="20230911 11:26:12.251" level="INFO">Simulating Mouse Over on element 'xpath://div[@class='actionsButton___12SV-']/img[3]'.</msg>
<status status="PASS" starttime="20230911 11:26:12.251" endtime="20230911 11:26:18.534"/>
</kw>
<kw name="Click Element" library="SeleniumLibrary">
<arg>${TimeSheet_TaskDelete}</arg>
<doc>Click the element identified by ``locator``.</doc>
<msg timestamp="20230911 11:26:18.534" level="INFO">Clicking element 'xpath://div[@class='actionsButton___12SV-']/img[3]'.</msg>
<status status="PASS" starttime="20230911 11:26:18.534" endtime="20230911 11:26:24.595"/>
</kw>
<kw name="Mouse Over" library="SeleniumLibrary">
<arg>${TimeSheet_TaskDelete_Yes}</arg>
<doc>Simulates hovering the mouse over the element ``locator``.</doc>
<msg timestamp="20230911 11:26:24.595" level="INFO">Simulating Mouse Over on element 'xpath://button[@type='submit']'.</msg>
<status status="PASS" starttime="20230911 11:26:24.595" endtime="20230911 11:26:30.882"/>
</kw>
<kw name="Click Element" library="SeleniumLibrary">
<arg>${TimeSheet_TaskDelete_Yes}</arg>
<doc>Click the element identified by ``locator``.</doc>
<msg timestamp="20230911 11:26:30.882" level="INFO">Clicking element 'xpath://button[@type='submit']'.</msg>
<status status="PASS" starttime="20230911 11:26:30.882" endtime="20230911 11:26:36.935"/>
</kw>
<kw name="Mouse Over" library="SeleniumLibrary">
<arg>${TimeSheet_NextDate}</arg>
<doc>Simulates hovering the mouse over the element ``locator``.</doc>
<msg timestamp="20230911 11:26:36.935" level="INFO">Simulating Mouse Over on element 'xpath://div[@class='MyArrowDatePicker']/button[2]'.</msg>
<status status="PASS" starttime="20230911 11:26:36.935" endtime="20230911 11:26:43.213"/>
</kw>
<kw name="Click Element" library="SeleniumLibrary">
<arg>${TimeSheet_NextDate}</arg>
<doc>Click the element identified by ``locator``.</doc>
<msg timestamp="20230911 11:26:43.213" level="INFO">Clicking element 'xpath://div[@class='MyArrowDatePicker']/button[2]'.</msg>
<status status="PASS" starttime="20230911 11:26:43.213" endtime="20230911 11:26:49.278"/>
</kw>
<status status="PASS" starttime="20230911 11:26:12.251" endtime="20230911 11:26:49.278"/>
</iter>
<iter>
<var name="${i}">2023-09-15</var>
<kw name="Set Selenium Speed" library="SeleniumLibrary">
<arg>3s</arg>
<doc>Sets the delay that is waited after each Selenium command.</doc>
<status status="PASS" starttime="20230911 11:26:49.278" endtime="20230911 11:26:49.278"/>
</kw>
<kw name="Mouse Over" library="SeleniumLibrary">
<arg>${TimeSheet_TaskDelete}</arg>
<doc>Simulates hovering the mouse over the element ``locator``.</doc>
<msg timestamp="20230911 11:26:49.278" level="INFO">Simulating Mouse Over on element 'xpath://div[@class='actionsButton___12SV-']/img[3]'.</msg>
<status status="PASS" starttime="20230911 11:26:49.278" endtime="20230911 11:26:55.566"/>
</kw>
<kw name="Click Element" library="SeleniumLibrary">
<arg>${TimeSheet_TaskDelete}</arg>
<doc>Click the element identified by ``locator``.</doc>
<msg timestamp="20230911 11:26:55.566" level="INFO">Clicking element 'xpath://div[@class='actionsButton___12SV-']/img[3]'.</msg>
<status status="PASS" starttime="20230911 11:26:55.566" endtime="20230911 11:27:01.634"/>
</kw>
<kw name="Mouse Over" library="SeleniumLibrary">
<arg>${TimeSheet_TaskDelete_Yes}</arg>
<doc>Simulates hovering the mouse over the element ``locator``.</doc>
<msg timestamp="20230911 11:27:01.634" level="INFO">Simulating Mouse Over on element 'xpath://button[@type='submit']'.</msg>
<status status="PASS" starttime="20230911 11:27:01.634" endtime="20230911 11:27:07.914"/>
</kw>
<kw name="Click Element" library="SeleniumLibrary">
<arg>${TimeSheet_TaskDelete_Yes}</arg>
<doc>Click the element identified by ``locator``.</doc>
<msg timestamp="20230911 11:27:07.914" level="INFO">Clicking element 'xpath://button[@type='submit']'.</msg>
<status status="PASS" starttime="20230911 11:27:07.914" endtime="20230911 11:27:13.977"/>
</kw>
<kw name="Mouse Over" library="SeleniumLibrary">
<arg>${TimeSheet_NextDate}</arg>
<doc>Simulates hovering the mouse over the element ``locator``.</doc>
<msg timestamp="20230911 11:27:13.978" level="INFO">Simulating Mouse Over on element 'xpath://div[@class='MyArrowDatePicker']/button[2]'.</msg>
<status status="PASS" starttime="20230911 11:27:13.977" endtime="20230911 11:27:20.254"/>
</kw>
<kw name="Click Element" library="SeleniumLibrary">
<arg>${TimeSheet_NextDate}</arg>
<doc>Click the element identified by ``locator``.</doc>
<msg timestamp="20230911 11:27:20.254" level="INFO">Clicking element 'xpath://div[@class='MyArrowDatePicker']/button[2]'.</msg>
<status status="PASS" starttime="20230911 11:27:20.254" endtime="20230911 11:27:26.303"/>
</kw>
<status status="PASS" starttime="20230911 11:26:49.278" endtime="20230911 11:27:26.303"/>
</iter>
<iter>
<var name="${i}">2023-09-16</var>
<kw name="Set Selenium Speed" library="SeleniumLibrary">
<arg>3s</arg>
<doc>Sets the delay that is waited after each Selenium command.</doc>
<status status="PASS" starttime="20230911 11:27:26.303" endtime="20230911 11:27:26.303"/>
</kw>
<kw name="Mouse Over" library="SeleniumLibrary">
<arg>${TimeSheet_TaskDelete}</arg>
<doc>Simulates hovering the mouse over the element ``locator``.</doc>
<msg timestamp="20230911 11:27:26.303" level="INFO">Simulating Mouse Over on element 'xpath://div[@class='actionsButton___12SV-']/img[3]'.</msg>
<status status="PASS" starttime="20230911 11:27:26.303" endtime="20230911 11:27:32.579"/>
</kw>
<kw name="Click Element" library="SeleniumLibrary">
<arg>${TimeSheet_TaskDelete}</arg>
<doc>Click the element identified by ``locator``.</doc>
<msg timestamp="20230911 11:27:32.579" level="INFO">Clicking element 'xpath://div[@class='actionsButton___12SV-']/img[3]'.</msg>
<status status="PASS" starttime="20230911 11:27:32.579" endtime="20230911 11:27:38.641"/>
</kw>
<kw name="Mouse Over" library="SeleniumLibrary">
<arg>${TimeSheet_TaskDelete_Yes}</arg>
<doc>Simulates hovering the mouse over the element ``locator``.</doc>
<msg timestamp="20230911 11:27:38.641" level="INFO">Simulating Mouse Over on element 'xpath://button[@type='submit']'.</msg>
<status status="PASS" starttime="20230911 11:27:38.641" endtime="20230911 11:27:44.928"/>
</kw>
<kw name="Click Element" library="SeleniumLibrary">
<arg>${TimeSheet_TaskDelete_Yes}</arg>
<doc>Click the element identified by ``locator``.</doc>
<msg timestamp="20230911 11:27:44.928" level="INFO">Clicking element 'xpath://button[@type='submit']'.</msg>
<status status="PASS" starttime="20230911 11:27:44.928" endtime="20230911 11:27:51.000"/>
</kw>
<kw name="Mouse Over" library="SeleniumLibrary">
<arg>${TimeSheet_NextDate}</arg>
<doc>Simulates hovering the mouse over the element ``locator``.</doc>
<msg timestamp="20230911 11:27:51.000" level="INFO">Simulating Mouse Over on element 'xpath://div[@class='MyArrowDatePicker']/button[2]'.</msg>
<status status="PASS" starttime="20230911 11:27:51.000" endtime="20230911 11:27:57.277"/>
</kw>
<kw name="Click Element" library="SeleniumLibrary">
<arg>${TimeSheet_NextDate}</arg>
<doc>Click the element identified by ``locator``.</doc>
<msg timestamp="20230911 11:27:57.277" level="INFO">Clicking element 'xpath://div[@class='MyArrowDatePicker']/button[2]'.</msg>
<status status="PASS" starttime="20230911 11:27:57.277" endtime="20230911 11:28:03.324"/>
</kw>
<status status="PASS" starttime="20230911 11:27:26.303" endtime="20230911 11:28:03.324"/>
</iter>
<iter>
<var name="${i}">2023-09-17</var>
<kw name="Set Selenium Speed" library="SeleniumLibrary">
<arg>3s</arg>
<doc>Sets the delay that is waited after each Selenium command.</doc>
<status status="PASS" starttime="20230911 11:28:03.324" endtime="20230911 11:28:03.324"/>
</kw>
<kw name="Mouse Over" library="SeleniumLibrary">
<arg>${TimeSheet_TaskDelete}</arg>
<doc>Simulates hovering the mouse over the element ``locator``.</doc>
<msg timestamp="20230911 11:28:03.324" level="INFO">Simulating Mouse Over on element 'xpath://div[@class='actionsButton___12SV-']/img[3]'.</msg>
<status status="PASS" starttime="20230911 11:28:03.324" endtime="20230911 11:28:09.613"/>
</kw>
<kw name="Click Element" library="SeleniumLibrary">
<arg>${TimeSheet_TaskDelete}</arg>
<doc>Click the element identified by ``locator``.</doc>
<msg timestamp="20230911 11:28:09.613" level="INFO">Clicking element 'xpath://div[@class='actionsButton___12SV-']/img[3]'.</msg>
<status status="PASS" starttime="20230911 11:28:09.613" endtime="20230911 11:28:15.673"/>
</kw>
<kw name="Mouse Over" library="SeleniumLibrary">
<arg>${TimeSheet_TaskDelete_Yes}</arg>
<doc>Simulates hovering the mouse over the element ``locator``.</doc>
<msg timestamp="20230911 11:28:15.673" level="INFO">Simulating Mouse Over on element 'xpath://button[@type='submit']'.</msg>
<status status="PASS" starttime="20230911 11:28:15.673" endtime="20230911 11:28:21.960"/>
</kw>
<kw name="Click Element" library="SeleniumLibrary">
<arg>${TimeSheet_TaskDelete_Yes}</arg>
<doc>Click the element identified by ``locator``.</doc>
<msg timestamp="20230911 11:28:21.960" level="INFO">Clicking element 'xpath://button[@type='submit']'.</msg>
<status status="PASS" starttime="20230911 11:28:21.960" endtime="20230911 11:28:28.017"/>
</kw>
<kw name="Mouse Over" library="SeleniumLibrary">
<arg>${TimeSheet_NextDate}</arg>
<doc>Simulates hovering the mouse over the element ``locator``.</doc>
<msg timestamp="20230911 11:28:28.017" level="INFO">Simulating Mouse Over on element 'xpath://div[@class='MyArrowDatePicker']/button[2]'.</msg>
<status status="PASS" starttime="20230911 11:28:28.017" endtime="20230911 11:28:34.295"/>
</kw>
<kw name="Click Element" library="SeleniumLibrary">
<arg>${TimeSheet_NextDate}</arg>
<doc>Click the element identified by ``locator``.</doc>
<msg timestamp="20230911 11:28:34.295" level="INFO">Clicking element 'xpath://div[@class='MyArrowDatePicker']/button[2]'.</msg>
<status status="PASS" starttime="20230911 11:28:34.295" endtime="20230911 11:28:40.344"/>
</kw>
<status status="PASS" starttime="20230911 11:28:03.324" endtime="20230911 11:28:40.344"/>
</iter>
<status status="PASS" starttime="20230911 11:24:21.143" endtime="20230911 11:28:40.344"/>
</for>
<status status="PASS" starttime="20230911 11:23:52.706" endtime="20230911 11:28:40.344"/>
</kw>
<status status="PASS" starttime="20230911 11:23:52.706" endtime="20230911 11:28:40.344"/>
</test>
<status status="FAIL" starttime="20230911 11:05:24.552" endtime="20230911 11:28:40.344"/>
</suite>
<status status="FAIL" starttime="20230911 11:05:24.537" endtime="20230911 11:28:40.344"/>
</suite>
<status status="FAIL" starttime="20230911 11:05:24.537" endtime="20230911 11:28:40.344"/>
</suite>
<status status="FAIL" starttime="20230911 11:05:24.537" endtime="20230911 11:28:40.344"/>
</suite>
<status status="FAIL" starttime="20230911 11:05:24.505" endtime="20230911 11:28:40.344"/>
</suite>
<statistics>
<total>
<stat pass="4" fail="1" skip="0">All Tests</stat>
</total>
<tag>
<stat pass="1" fail="0" skip="0">login</stat>
</tag>
<suite>
<stat pass="4" fail="1" skip="0" id="s1" name="MyProject Root Folder">MyProject Root Folder</stat>
<stat pass="4" fail="1" skip="0" id="s1-s1" name="Framework">MyProject Root Folder.Framework</stat>
<stat pass="4" fail="1" skip="0" id="s1-s1-s1" name="TestCycles">MyProject Root Folder.Framework.TestCycles</stat>
<stat pass="4" fail="1" skip="0" id="s1-s1-s1-s1" name="Module 4">MyProject Root Folder.Framework.TestCycles.Module 4</stat>
<stat pass="4" fail="1" skip="0" id="s1-s1-s1-s1-s1" name="TestCase For HR-OS">MyProject Root Folder.Framework.TestCycles.Module 4.TestCase For HR-OS</stat>
</suite>
</statistics>
<errors>
</errors>
</robot>
