<?xml version="1.0" encoding="UTF-8"?>
<robot generator="Robot 6.1.1 (Python 3.11.2 on win32)" generated="20230907 12:04:21.235" rpa="false" schemaversion="4">
<suite id="s1" name="TestCase For HR-OS" source="C:\Users\ChanikyaN-3227\PycharmProjects\MyProject Root Folder\Framework\TestCycles\Module 3\TestCase_For_HR-OS.robot">
<test id="s1-t1" name="Login To HROS" line="8">
<kw name="Open HROS">
<msg timestamp="20230907 12:04:21.485" level="FAIL">No keyword with name 'Open HROS' found.</msg>
<status status="FAIL" starttime="20230907 12:04:21.485" endtime="20230907 12:04:21.485"/>
</kw>
<kw name="Login HROS">
<arg>chanikya.varma@terralogic.com</arg>
<arg>Hiddenleaf@7</arg>
<status status="NOT RUN" starttime="20230907 12:04:21.501" endtime="20230907 12:04:21.501"/>
</kw>
<kw name="Validate Login">
<status status="NOT RUN" starttime="20230907 12:04:21.501" endtime="20230907 12:04:21.501"/>
</kw>
<tag>login</tag>
<status status="FAIL" starttime="20230907 12:04:21.485" endtime="20230907 12:04:21.501">No keyword with name 'Open HROS' found.</status>
</test>
<test id="s1-t2" name="Validate Left Menu Options" line="18">
<kw name="Check Left Options">
<msg timestamp="20230907 12:04:21.501" level="FAIL">No keyword with name 'Check Left Options' found.</msg>
<status status="FAIL" starttime="20230907 12:04:21.501" endtime="20230907 12:04:21.501"/>
</kw>
<tag>left</tag>
<status status="FAIL" starttime="20230907 12:04:21.501" endtime="20230907 12:04:21.501">No keyword with name 'Check Left Options' found.</status>
</test>
<status status="FAIL" starttime="20230907 12:04:21.235" endtime="20230907 12:04:21.501"/>
</suite>
<statistics>
<total>
<stat pass="0" fail="2" skip="0">All Tests</stat>
</total>
<tag>
<stat pass="0" fail="1" skip="0">left</stat>
<stat pass="0" fail="1" skip="0">login</stat>
</tag>
<suite>
<stat pass="0" fail="2" skip="0" id="s1" name="TestCase For HR-OS">TestCase For HR-OS</stat>
</suite>
</statistics>
<errors>
<msg timestamp="20230907 12:04:21.485" level="ERROR">Error in file 'C:\Users\ChanikyaN-3227\PycharmProjects\MyProject Root Folder\Framework\TestCycles\Module 3\TestCase_For_HR-OS.robot' on line 4: Resource file 'Framework\Resources\Keywords\HROS_keywords.robot' does not exist.</msg>
<msg timestamp="20230907 12:04:21.485" level="ERROR">Error in file 'C:\Users\ChanikyaN-3227\PycharmProjects\MyProject Root Folder\Framework\TestCycles\Module 3\TestCase_For_HR-OS.robot' on line 5: Resource file 'Framework\Resources\Page Objects\HROS_PO.robot' does not exist.</msg>
</errors>
</robot>
